#! /usr/bin/vvp
:ivl_version "11.0 (stable)";
:ivl_delay_selection "TYPICAL";
:vpi_time_precision + 0;
:vpi_module "/usr/lib/x86_64-linux-gnu/ivl/system.vpi";
:vpi_module "/usr/lib/x86_64-linux-gnu/ivl/vhdl_sys.vpi";
:vpi_module "/usr/lib/x86_64-linux-gnu/ivl/vhdl_textio.vpi";
:vpi_module "/usr/lib/x86_64-linux-gnu/ivl/v2005_math.vpi";
:vpi_module "/usr/lib/x86_64-linux-gnu/ivl/va_math.vpi";
S_0x618471779cf0 .scope module, "bit_And" "bit_And" 2 3;
 .timescale 0 0;
    .port_info 0 /INPUT 64 "a";
    .port_info 1 /INPUT 64 "b";
    .port_info 2 /OUTPUT 64 "out";
v0x618471812770_0 .net *"_ivl_0", 0 0, L_0x618471816900;  1 drivers
v0x618471812870_0 .net *"_ivl_100", 0 0, L_0x61847181bf40;  1 drivers
v0x618471812950_0 .net *"_ivl_104", 0 0, L_0x61847181c370;  1 drivers
v0x618471812a10_0 .net *"_ivl_108", 0 0, L_0x61847181c7b0;  1 drivers
v0x618471812af0_0 .net *"_ivl_112", 0 0, L_0x61847181cc00;  1 drivers
v0x618471812c20_0 .net *"_ivl_116", 0 0, L_0x61847181d060;  1 drivers
v0x618471812d00_0 .net *"_ivl_12", 0 0, L_0x6184718171a0;  1 drivers
v0x618471812de0_0 .net *"_ivl_120", 0 0, L_0x61847181d4d0;  1 drivers
v0x618471812ec0_0 .net *"_ivl_124", 0 0, L_0x61847181d950;  1 drivers
v0x618471812fa0_0 .net *"_ivl_128", 0 0, L_0x61847181e600;  1 drivers
v0x618471813080_0 .net *"_ivl_132", 0 0, L_0x61847181ea70;  1 drivers
v0x618471813160_0 .net *"_ivl_136", 0 0, L_0x61847181ef50;  1 drivers
v0x618471813240_0 .net *"_ivl_140", 0 0, L_0x61847181f410;  1 drivers
v0x618471813320_0 .net *"_ivl_144", 0 0, L_0x61847181f8e0;  1 drivers
v0x618471813400_0 .net *"_ivl_148", 0 0, L_0x61847181fdc0;  1 drivers
v0x6184718134e0_0 .net *"_ivl_152", 0 0, L_0x6184718202b0;  1 drivers
v0x6184718135c0_0 .net *"_ivl_156", 0 0, L_0x6184718207b0;  1 drivers
v0x6184718136a0_0 .net *"_ivl_16", 0 0, L_0x618471817480;  1 drivers
v0x618471813780_0 .net *"_ivl_160", 0 0, L_0x618471820cc0;  1 drivers
v0x618471813860_0 .net *"_ivl_164", 0 0, L_0x6184718211e0;  1 drivers
v0x618471813940_0 .net *"_ivl_168", 0 0, L_0x618471821710;  1 drivers
v0x618471813a20_0 .net *"_ivl_172", 0 0, L_0x618471821c50;  1 drivers
v0x618471813b00_0 .net *"_ivl_176", 0 0, L_0x6184718221a0;  1 drivers
v0x618471813be0_0 .net *"_ivl_180", 0 0, L_0x618471822700;  1 drivers
v0x618471813cc0_0 .net *"_ivl_184", 0 0, L_0x618471822c70;  1 drivers
v0x618471813da0_0 .net *"_ivl_188", 0 0, L_0x6184718231f0;  1 drivers
v0x618471813e80_0 .net *"_ivl_192", 0 0, L_0x618471823780;  1 drivers
v0x618471813f60_0 .net *"_ivl_196", 0 0, L_0x618471823d20;  1 drivers
v0x618471814040_0 .net *"_ivl_20", 0 0, L_0x6184718176e0;  1 drivers
v0x618471814120_0 .net *"_ivl_200", 0 0, L_0x6184718242d0;  1 drivers
v0x618471814200_0 .net *"_ivl_204", 0 0, L_0x618471824890;  1 drivers
v0x6184718142e0_0 .net *"_ivl_208", 0 0, L_0x618471824e60;  1 drivers
v0x6184718143c0_0 .net *"_ivl_212", 0 0, L_0x618471825440;  1 drivers
v0x6184718146b0_0 .net *"_ivl_216", 0 0, L_0x618471825a30;  1 drivers
v0x618471814790_0 .net *"_ivl_220", 0 0, L_0x618471826030;  1 drivers
v0x618471814870_0 .net *"_ivl_224", 0 0, L_0x618471826640;  1 drivers
v0x618471814950_0 .net *"_ivl_228", 0 0, L_0x618471826c60;  1 drivers
v0x618471814a30_0 .net *"_ivl_232", 0 0, L_0x618471827290;  1 drivers
v0x618471814b10_0 .net *"_ivl_236", 0 0, L_0x6184718278d0;  1 drivers
v0x618471814bf0_0 .net *"_ivl_24", 0 0, L_0x618471817980;  1 drivers
v0x618471814cd0_0 .net *"_ivl_240", 0 0, L_0x618471827f20;  1 drivers
v0x618471814db0_0 .net *"_ivl_244", 0 0, L_0x618471828580;  1 drivers
v0x618471814e90_0 .net *"_ivl_248", 0 0, L_0x618471828bf0;  1 drivers
v0x618471814f70_0 .net *"_ivl_252", 0 0, L_0x61847182a6c0;  1 drivers
v0x618471815050_0 .net *"_ivl_28", 0 0, L_0x618471817910;  1 drivers
v0x618471815130_0 .net *"_ivl_32", 0 0, L_0x618471818030;  1 drivers
v0x618471815210_0 .net *"_ivl_36", 0 0, L_0x618471818350;  1 drivers
v0x6184718152f0_0 .net *"_ivl_4", 0 0, L_0x618471816b60;  1 drivers
v0x6184718153d0_0 .net *"_ivl_40", 0 0, L_0x618471818680;  1 drivers
v0x6184718154b0_0 .net *"_ivl_44", 0 0, L_0x618471818920;  1 drivers
v0x618471815590_0 .net *"_ivl_48", 0 0, L_0x618471818c70;  1 drivers
v0x618471815670_0 .net *"_ivl_52", 0 0, L_0x618471818fd0;  1 drivers
v0x618471815750_0 .net *"_ivl_56", 0 0, L_0x618471819340;  1 drivers
v0x618471815830_0 .net *"_ivl_60", 0 0, L_0x6184718196c0;  1 drivers
v0x618471815910_0 .net *"_ivl_64", 0 0, L_0x618471819c60;  1 drivers
v0x6184718159f0_0 .net *"_ivl_68", 0 0, L_0x61847181a000;  1 drivers
v0x618471815ad0_0 .net *"_ivl_72", 0 0, L_0x61847181a3b0;  1 drivers
v0x618471815bb0_0 .net *"_ivl_76", 0 0, L_0x61847181a770;  1 drivers
v0x618471815c90_0 .net *"_ivl_8", 0 0, L_0x618471816f10;  1 drivers
v0x618471815d70_0 .net *"_ivl_80", 0 0, L_0x61847181ab40;  1 drivers
v0x618471815e50_0 .net *"_ivl_84", 0 0, L_0x61847181af20;  1 drivers
v0x618471815f30_0 .net *"_ivl_88", 0 0, L_0x61847181b310;  1 drivers
v0x618471816010_0 .net *"_ivl_92", 0 0, L_0x61847181b710;  1 drivers
v0x6184718160f0_0 .net *"_ivl_96", 0 0, L_0x61847181bb20;  1 drivers
o0x7f3ada09a418 .functor BUFZ 64, C4<zzzzzzzzzzzzzzzzzzzzzzzzzzzzzzzzzzzzzzzzzzzzzzzzzzzzzzzzzzzzzzzz>; HiZ drive
v0x6184718161d0_0 .net "a", 63 0, o0x7f3ada09a418;  0 drivers
o0x7f3ada09a448 .functor BUFZ 64, C4<zzzzzzzzzzzzzzzzzzzzzzzzzzzzzzzzzzzzzzzzzzzzzzzzzzzzzzzzzzzzzzzz>; HiZ drive
v0x6184718166c0_0 .net "b", 63 0, o0x7f3ada09a448;  0 drivers
v0x6184718167a0_0 .net "out", 63 0, L_0x618471829270;  1 drivers
L_0x6184718169d0 .part o0x7f3ada09a418, 0, 1;
L_0x618471816a70 .part o0x7f3ada09a448, 0, 1;
L_0x618471816c60 .part o0x7f3ada09a418, 1, 1;
L_0x618471816da0 .part o0x7f3ada09a448, 1, 1;
L_0x618471816f80 .part o0x7f3ada09a418, 2, 1;
L_0x618471817070 .part o0x7f3ada09a448, 2, 1;
L_0x618471817210 .part o0x7f3ada09a418, 3, 1;
L_0x618471817300 .part o0x7f3ada09a448, 3, 1;
L_0x6184718174f0 .part o0x7f3ada09a418, 4, 1;
L_0x618471817590 .part o0x7f3ada09a448, 4, 1;
L_0x618471817780 .part o0x7f3ada09a418, 5, 1;
L_0x618471817820 .part o0x7f3ada09a448, 5, 1;
L_0x618471817a20 .part o0x7f3ada09a418, 6, 1;
L_0x618471817b10 .part o0x7f3ada09a448, 6, 1;
L_0x618471817cb0 .part o0x7f3ada09a418, 7, 1;
L_0x618471817da0 .part o0x7f3ada09a448, 7, 1;
L_0x6184718180d0 .part o0x7f3ada09a418, 8, 1;
L_0x6184718181c0 .part o0x7f3ada09a448, 8, 1;
L_0x6184718183f0 .part o0x7f3ada09a418, 9, 1;
L_0x6184718184e0 .part o0x7f3ada09a448, 9, 1;
L_0x6184718182b0 .part o0x7f3ada09a418, 10, 1;
L_0x618471818770 .part o0x7f3ada09a448, 10, 1;
L_0x6184718189c0 .part o0x7f3ada09a418, 11, 1;
L_0x618471818ab0 .part o0x7f3ada09a448, 11, 1;
L_0x618471818d10 .part o0x7f3ada09a418, 12, 1;
L_0x618471818e00 .part o0x7f3ada09a448, 12, 1;
L_0x618471819070 .part o0x7f3ada09a418, 13, 1;
L_0x618471819160 .part o0x7f3ada09a448, 13, 1;
L_0x6184718193e0 .part o0x7f3ada09a418, 14, 1;
L_0x6184718194d0 .part o0x7f3ada09a448, 14, 1;
L_0x618471819760 .part o0x7f3ada09a418, 15, 1;
L_0x618471819850 .part o0x7f3ada09a448, 15, 1;
L_0x618471819d00 .part o0x7f3ada09a418, 16, 1;
L_0x618471819df0 .part o0x7f3ada09a448, 16, 1;
L_0x61847181a0a0 .part o0x7f3ada09a418, 17, 1;
L_0x61847181a190 .part o0x7f3ada09a448, 17, 1;
L_0x61847181a450 .part o0x7f3ada09a418, 18, 1;
L_0x61847181a540 .part o0x7f3ada09a448, 18, 1;
L_0x61847181a810 .part o0x7f3ada09a418, 19, 1;
L_0x61847181a900 .part o0x7f3ada09a448, 19, 1;
L_0x61847181abe0 .part o0x7f3ada09a418, 20, 1;
L_0x61847181acd0 .part o0x7f3ada09a448, 20, 1;
L_0x61847181afc0 .part o0x7f3ada09a418, 21, 1;
L_0x61847181b0b0 .part o0x7f3ada09a448, 21, 1;
L_0x61847181b3b0 .part o0x7f3ada09a418, 22, 1;
L_0x61847181b4a0 .part o0x7f3ada09a448, 22, 1;
L_0x61847181b7b0 .part o0x7f3ada09a418, 23, 1;
L_0x61847181b8a0 .part o0x7f3ada09a448, 23, 1;
L_0x61847181bbc0 .part o0x7f3ada09a418, 24, 1;
L_0x61847181bcb0 .part o0x7f3ada09a448, 24, 1;
L_0x61847181bfe0 .part o0x7f3ada09a418, 25, 1;
L_0x61847181c0d0 .part o0x7f3ada09a448, 25, 1;
L_0x61847181c410 .part o0x7f3ada09a418, 26, 1;
L_0x61847181c500 .part o0x7f3ada09a448, 26, 1;
L_0x61847181c850 .part o0x7f3ada09a418, 27, 1;
L_0x61847181c940 .part o0x7f3ada09a448, 27, 1;
L_0x61847181cca0 .part o0x7f3ada09a418, 28, 1;
L_0x61847181cd90 .part o0x7f3ada09a448, 28, 1;
L_0x61847181d100 .part o0x7f3ada09a418, 29, 1;
L_0x61847181d1f0 .part o0x7f3ada09a448, 29, 1;
L_0x61847181d570 .part o0x7f3ada09a418, 30, 1;
L_0x61847181d660 .part o0x7f3ada09a448, 30, 1;
L_0x61847181d9f0 .part o0x7f3ada09a418, 31, 1;
L_0x61847181def0 .part o0x7f3ada09a448, 31, 1;
L_0x61847181e670 .part o0x7f3ada09a418, 32, 1;
L_0x61847181e760 .part o0x7f3ada09a448, 32, 1;
L_0x61847181eb40 .part o0x7f3ada09a418, 33, 1;
L_0x61847181ec30 .part o0x7f3ada09a448, 33, 1;
L_0x61847181eff0 .part o0x7f3ada09a418, 34, 1;
L_0x61847181f0e0 .part o0x7f3ada09a448, 34, 1;
L_0x61847181f4b0 .part o0x7f3ada09a418, 35, 1;
L_0x61847181f5a0 .part o0x7f3ada09a448, 35, 1;
L_0x61847181f980 .part o0x7f3ada09a418, 36, 1;
L_0x61847181fa70 .part o0x7f3ada09a448, 36, 1;
L_0x61847181fe60 .part o0x7f3ada09a418, 37, 1;
L_0x61847181ff50 .part o0x7f3ada09a448, 37, 1;
L_0x618471820350 .part o0x7f3ada09a418, 38, 1;
L_0x618471820440 .part o0x7f3ada09a448, 38, 1;
L_0x618471820850 .part o0x7f3ada09a418, 39, 1;
L_0x618471820940 .part o0x7f3ada09a448, 39, 1;
L_0x618471820d60 .part o0x7f3ada09a418, 40, 1;
L_0x618471820e50 .part o0x7f3ada09a448, 40, 1;
L_0x618471821280 .part o0x7f3ada09a418, 41, 1;
L_0x618471821370 .part o0x7f3ada09a448, 41, 1;
L_0x6184718217b0 .part o0x7f3ada09a418, 42, 1;
L_0x6184718218a0 .part o0x7f3ada09a448, 42, 1;
L_0x618471821cf0 .part o0x7f3ada09a418, 43, 1;
L_0x618471821de0 .part o0x7f3ada09a448, 43, 1;
L_0x618471822240 .part o0x7f3ada09a418, 44, 1;
L_0x618471822330 .part o0x7f3ada09a448, 44, 1;
L_0x6184718227a0 .part o0x7f3ada09a418, 45, 1;
L_0x618471822890 .part o0x7f3ada09a448, 45, 1;
L_0x618471822d10 .part o0x7f3ada09a418, 46, 1;
L_0x618471822e00 .part o0x7f3ada09a448, 46, 1;
L_0x618471823290 .part o0x7f3ada09a418, 47, 1;
L_0x618471823380 .part o0x7f3ada09a448, 47, 1;
L_0x618471823820 .part o0x7f3ada09a418, 48, 1;
L_0x618471823910 .part o0x7f3ada09a448, 48, 1;
L_0x618471823dc0 .part o0x7f3ada09a418, 49, 1;
L_0x618471823eb0 .part o0x7f3ada09a448, 49, 1;
L_0x618471824370 .part o0x7f3ada09a418, 50, 1;
L_0x618471824460 .part o0x7f3ada09a448, 50, 1;
L_0x618471824930 .part o0x7f3ada09a418, 51, 1;
L_0x618471824a20 .part o0x7f3ada09a448, 51, 1;
L_0x618471824f00 .part o0x7f3ada09a418, 52, 1;
L_0x618471824ff0 .part o0x7f3ada09a448, 52, 1;
L_0x6184718254e0 .part o0x7f3ada09a418, 53, 1;
L_0x6184718255d0 .part o0x7f3ada09a448, 53, 1;
L_0x618471825ad0 .part o0x7f3ada09a418, 54, 1;
L_0x618471825bc0 .part o0x7f3ada09a448, 54, 1;
L_0x6184718260d0 .part o0x7f3ada09a418, 55, 1;
L_0x6184718261c0 .part o0x7f3ada09a448, 55, 1;
L_0x6184718266e0 .part o0x7f3ada09a418, 56, 1;
L_0x6184718267d0 .part o0x7f3ada09a448, 56, 1;
L_0x618471826d00 .part o0x7f3ada09a418, 57, 1;
L_0x618471826df0 .part o0x7f3ada09a448, 57, 1;
L_0x618471827330 .part o0x7f3ada09a418, 58, 1;
L_0x618471827420 .part o0x7f3ada09a448, 58, 1;
L_0x618471827970 .part o0x7f3ada09a418, 59, 1;
L_0x618471827a60 .part o0x7f3ada09a448, 59, 1;
L_0x618471827fc0 .part o0x7f3ada09a418, 60, 1;
L_0x6184718280b0 .part o0x7f3ada09a448, 60, 1;
L_0x618471828620 .part o0x7f3ada09a418, 61, 1;
L_0x618471828710 .part o0x7f3ada09a448, 61, 1;
L_0x618471828c90 .part o0x7f3ada09a418, 62, 1;
L_0x618471828d80 .part o0x7f3ada09a448, 62, 1;
LS_0x618471829270_0_0 .concat8 [ 1 1 1 1], L_0x618471816900, L_0x618471816b60, L_0x618471816f10, L_0x6184718171a0;
LS_0x618471829270_0_4 .concat8 [ 1 1 1 1], L_0x618471817480, L_0x6184718176e0, L_0x618471817980, L_0x618471817910;
LS_0x618471829270_0_8 .concat8 [ 1 1 1 1], L_0x618471818030, L_0x618471818350, L_0x618471818680, L_0x618471818920;
LS_0x618471829270_0_12 .concat8 [ 1 1 1 1], L_0x618471818c70, L_0x618471818fd0, L_0x618471819340, L_0x6184718196c0;
LS_0x618471829270_0_16 .concat8 [ 1 1 1 1], L_0x618471819c60, L_0x61847181a000, L_0x61847181a3b0, L_0x61847181a770;
LS_0x618471829270_0_20 .concat8 [ 1 1 1 1], L_0x61847181ab40, L_0x61847181af20, L_0x61847181b310, L_0x61847181b710;
LS_0x618471829270_0_24 .concat8 [ 1 1 1 1], L_0x61847181bb20, L_0x61847181bf40, L_0x61847181c370, L_0x61847181c7b0;
LS_0x618471829270_0_28 .concat8 [ 1 1 1 1], L_0x61847181cc00, L_0x61847181d060, L_0x61847181d4d0, L_0x61847181d950;
LS_0x618471829270_0_32 .concat8 [ 1 1 1 1], L_0x61847181e600, L_0x61847181ea70, L_0x61847181ef50, L_0x61847181f410;
LS_0x618471829270_0_36 .concat8 [ 1 1 1 1], L_0x61847181f8e0, L_0x61847181fdc0, L_0x6184718202b0, L_0x6184718207b0;
LS_0x618471829270_0_40 .concat8 [ 1 1 1 1], L_0x618471820cc0, L_0x6184718211e0, L_0x618471821710, L_0x618471821c50;
LS_0x618471829270_0_44 .concat8 [ 1 1 1 1], L_0x6184718221a0, L_0x618471822700, L_0x618471822c70, L_0x6184718231f0;
LS_0x618471829270_0_48 .concat8 [ 1 1 1 1], L_0x618471823780, L_0x618471823d20, L_0x6184718242d0, L_0x618471824890;
LS_0x618471829270_0_52 .concat8 [ 1 1 1 1], L_0x618471824e60, L_0x618471825440, L_0x618471825a30, L_0x618471826030;
LS_0x618471829270_0_56 .concat8 [ 1 1 1 1], L_0x618471826640, L_0x618471826c60, L_0x618471827290, L_0x6184718278d0;
LS_0x618471829270_0_60 .concat8 [ 1 1 1 1], L_0x618471827f20, L_0x618471828580, L_0x618471828bf0, L_0x61847182a6c0;
LS_0x618471829270_1_0 .concat8 [ 4 4 4 4], LS_0x618471829270_0_0, LS_0x618471829270_0_4, LS_0x618471829270_0_8, LS_0x618471829270_0_12;
LS_0x618471829270_1_4 .concat8 [ 4 4 4 4], LS_0x618471829270_0_16, LS_0x618471829270_0_20, LS_0x618471829270_0_24, LS_0x618471829270_0_28;
LS_0x618471829270_1_8 .concat8 [ 4 4 4 4], LS_0x618471829270_0_32, LS_0x618471829270_0_36, LS_0x618471829270_0_40, LS_0x618471829270_0_44;
LS_0x618471829270_1_12 .concat8 [ 4 4 4 4], LS_0x618471829270_0_48, LS_0x618471829270_0_52, LS_0x618471829270_0_56, LS_0x618471829270_0_60;
L_0x618471829270 .concat8 [ 16 16 16 16], LS_0x618471829270_1_0, LS_0x618471829270_1_4, LS_0x618471829270_1_8, LS_0x618471829270_1_12;
L_0x61847182a780 .part o0x7f3ada09a418, 63, 1;
L_0x61847182b490 .part o0x7f3ada09a448, 63, 1;
S_0x618471779e80 .scope generate, "and_gen[0]" "and_gen[0]" 2 6, 2 6 0, S_0x618471779cf0;
 .timescale 0 0;
P_0x6184717e1110 .param/l "i" 0 2 6, +C4<00>;
L_0x618471816900 .functor AND 1, L_0x6184718169d0, L_0x618471816a70, C4<1>, C4<1>;
v0x6184717c0410_0 .net *"_ivl_1", 0 0, L_0x6184718169d0;  1 drivers
v0x6184717bf860_0 .net *"_ivl_2", 0 0, L_0x618471816a70;  1 drivers
S_0x618471800840 .scope generate, "and_gen[1]" "and_gen[1]" 2 6, 2 6 0, S_0x618471779cf0;
 .timescale 0 0;
P_0x6184717d7780 .param/l "i" 0 2 6, +C4<01>;
L_0x618471816b60 .functor AND 1, L_0x618471816c60, L_0x618471816da0, C4<1>, C4<1>;
v0x6184717becb0_0 .net *"_ivl_1", 0 0, L_0x618471816c60;  1 drivers
v0x6184717b6070_0 .net *"_ivl_2", 0 0, L_0x618471816da0;  1 drivers
S_0x618471800b00 .scope generate, "and_gen[2]" "and_gen[2]" 2 6, 2 6 0, S_0x618471779cf0;
 .timescale 0 0;
P_0x6184717d8f20 .param/l "i" 0 2 6, +C4<010>;
L_0x618471816f10 .functor AND 1, L_0x618471816f80, L_0x618471817070, C4<1>, C4<1>;
v0x6184717b54c0_0 .net *"_ivl_1", 0 0, L_0x618471816f80;  1 drivers
v0x6184717b4910_0 .net *"_ivl_2", 0 0, L_0x618471817070;  1 drivers
S_0x618471800dd0 .scope generate, "and_gen[3]" "and_gen[3]" 2 6, 2 6 0, S_0x618471779cf0;
 .timescale 0 0;
P_0x6184717da6c0 .param/l "i" 0 2 6, +C4<011>;
L_0x6184718171a0 .functor AND 1, L_0x618471817210, L_0x618471817300, C4<1>, C4<1>;
v0x6184717b1830_0 .net *"_ivl_1", 0 0, L_0x618471817210;  1 drivers
v0x618471801050_0 .net *"_ivl_2", 0 0, L_0x618471817300;  1 drivers
S_0x618471801130 .scope generate, "and_gen[4]" "and_gen[4]" 2 6, 2 6 0, S_0x618471779cf0;
 .timescale 0 0;
P_0x618471801330 .param/l "i" 0 2 6, +C4<0100>;
L_0x618471817480 .functor AND 1, L_0x6184718174f0, L_0x618471817590, C4<1>, C4<1>;
v0x618471801410_0 .net *"_ivl_1", 0 0, L_0x6184718174f0;  1 drivers
v0x6184718014f0_0 .net *"_ivl_2", 0 0, L_0x618471817590;  1 drivers
S_0x6184718015d0 .scope generate, "and_gen[5]" "and_gen[5]" 2 6, 2 6 0, S_0x618471779cf0;
 .timescale 0 0;
P_0x6184718017d0 .param/l "i" 0 2 6, +C4<0101>;
L_0x6184718176e0 .functor AND 1, L_0x618471817780, L_0x618471817820, C4<1>, C4<1>;
v0x6184718018b0_0 .net *"_ivl_1", 0 0, L_0x618471817780;  1 drivers
v0x618471801990_0 .net *"_ivl_2", 0 0, L_0x618471817820;  1 drivers
S_0x618471801a70 .scope generate, "and_gen[6]" "and_gen[6]" 2 6, 2 6 0, S_0x618471779cf0;
 .timescale 0 0;
P_0x618471801c70 .param/l "i" 0 2 6, +C4<0110>;
L_0x618471817980 .functor AND 1, L_0x618471817a20, L_0x618471817b10, C4<1>, C4<1>;
v0x618471801d50_0 .net *"_ivl_1", 0 0, L_0x618471817a20;  1 drivers
v0x618471801e30_0 .net *"_ivl_2", 0 0, L_0x618471817b10;  1 drivers
S_0x618471801f10 .scope generate, "and_gen[7]" "and_gen[7]" 2 6, 2 6 0, S_0x618471779cf0;
 .timescale 0 0;
P_0x618471802110 .param/l "i" 0 2 6, +C4<0111>;
L_0x618471817910 .functor AND 1, L_0x618471817cb0, L_0x618471817da0, C4<1>, C4<1>;
v0x6184718021f0_0 .net *"_ivl_1", 0 0, L_0x618471817cb0;  1 drivers
v0x6184718022d0_0 .net *"_ivl_2", 0 0, L_0x618471817da0;  1 drivers
S_0x6184718023b0 .scope generate, "and_gen[8]" "and_gen[8]" 2 6, 2 6 0, S_0x618471779cf0;
 .timescale 0 0;
P_0x6184718012e0 .param/l "i" 0 2 6, +C4<01000>;
L_0x618471818030 .functor AND 1, L_0x6184718180d0, L_0x6184718181c0, C4<1>, C4<1>;
v0x618471802640_0 .net *"_ivl_1", 0 0, L_0x6184718180d0;  1 drivers
v0x618471802720_0 .net *"_ivl_2", 0 0, L_0x6184718181c0;  1 drivers
S_0x618471802800 .scope generate, "and_gen[9]" "and_gen[9]" 2 6, 2 6 0, S_0x618471779cf0;
 .timescale 0 0;
P_0x618471802a00 .param/l "i" 0 2 6, +C4<01001>;
L_0x618471818350 .functor AND 1, L_0x6184718183f0, L_0x6184718184e0, C4<1>, C4<1>;
v0x618471802ae0_0 .net *"_ivl_1", 0 0, L_0x6184718183f0;  1 drivers
v0x618471802bc0_0 .net *"_ivl_2", 0 0, L_0x6184718184e0;  1 drivers
S_0x618471802ca0 .scope generate, "and_gen[10]" "and_gen[10]" 2 6, 2 6 0, S_0x618471779cf0;
 .timescale 0 0;
P_0x618471802ea0 .param/l "i" 0 2 6, +C4<01010>;
L_0x618471818680 .functor AND 1, L_0x6184718182b0, L_0x618471818770, C4<1>, C4<1>;
v0x618471802f80_0 .net *"_ivl_1", 0 0, L_0x6184718182b0;  1 drivers
v0x618471803060_0 .net *"_ivl_2", 0 0, L_0x618471818770;  1 drivers
S_0x618471803140 .scope generate, "and_gen[11]" "and_gen[11]" 2 6, 2 6 0, S_0x618471779cf0;
 .timescale 0 0;
P_0x618471803340 .param/l "i" 0 2 6, +C4<01011>;
L_0x618471818920 .functor AND 1, L_0x6184718189c0, L_0x618471818ab0, C4<1>, C4<1>;
v0x618471803420_0 .net *"_ivl_1", 0 0, L_0x6184718189c0;  1 drivers
v0x618471803500_0 .net *"_ivl_2", 0 0, L_0x618471818ab0;  1 drivers
S_0x6184718035e0 .scope generate, "and_gen[12]" "and_gen[12]" 2 6, 2 6 0, S_0x618471779cf0;
 .timescale 0 0;
P_0x6184718037e0 .param/l "i" 0 2 6, +C4<01100>;
L_0x618471818c70 .functor AND 1, L_0x618471818d10, L_0x618471818e00, C4<1>, C4<1>;
v0x6184718038c0_0 .net *"_ivl_1", 0 0, L_0x618471818d10;  1 drivers
v0x6184718039a0_0 .net *"_ivl_2", 0 0, L_0x618471818e00;  1 drivers
S_0x618471803a80 .scope generate, "and_gen[13]" "and_gen[13]" 2 6, 2 6 0, S_0x618471779cf0;
 .timescale 0 0;
P_0x618471803c80 .param/l "i" 0 2 6, +C4<01101>;
L_0x618471818fd0 .functor AND 1, L_0x618471819070, L_0x618471819160, C4<1>, C4<1>;
v0x618471803d60_0 .net *"_ivl_1", 0 0, L_0x618471819070;  1 drivers
v0x618471803e40_0 .net *"_ivl_2", 0 0, L_0x618471819160;  1 drivers
S_0x618471803f20 .scope generate, "and_gen[14]" "and_gen[14]" 2 6, 2 6 0, S_0x618471779cf0;
 .timescale 0 0;
P_0x618471804120 .param/l "i" 0 2 6, +C4<01110>;
L_0x618471819340 .functor AND 1, L_0x6184718193e0, L_0x6184718194d0, C4<1>, C4<1>;
v0x618471804200_0 .net *"_ivl_1", 0 0, L_0x6184718193e0;  1 drivers
v0x6184718042e0_0 .net *"_ivl_2", 0 0, L_0x6184718194d0;  1 drivers
S_0x6184718043c0 .scope generate, "and_gen[15]" "and_gen[15]" 2 6, 2 6 0, S_0x618471779cf0;
 .timescale 0 0;
P_0x6184718045c0 .param/l "i" 0 2 6, +C4<01111>;
L_0x6184718196c0 .functor AND 1, L_0x618471819760, L_0x618471819850, C4<1>, C4<1>;
v0x6184718046a0_0 .net *"_ivl_1", 0 0, L_0x618471819760;  1 drivers
v0x618471804780_0 .net *"_ivl_2", 0 0, L_0x618471819850;  1 drivers
S_0x618471804860 .scope generate, "and_gen[16]" "and_gen[16]" 2 6, 2 6 0, S_0x618471779cf0;
 .timescale 0 0;
P_0x618471804b70 .param/l "i" 0 2 6, +C4<010000>;
L_0x618471819c60 .functor AND 1, L_0x618471819d00, L_0x618471819df0, C4<1>, C4<1>;
v0x618471804c50_0 .net *"_ivl_1", 0 0, L_0x618471819d00;  1 drivers
v0x618471804d30_0 .net *"_ivl_2", 0 0, L_0x618471819df0;  1 drivers
S_0x618471804e10 .scope generate, "and_gen[17]" "and_gen[17]" 2 6, 2 6 0, S_0x618471779cf0;
 .timescale 0 0;
P_0x618471805010 .param/l "i" 0 2 6, +C4<010001>;
L_0x61847181a000 .functor AND 1, L_0x61847181a0a0, L_0x61847181a190, C4<1>, C4<1>;
v0x6184718050f0_0 .net *"_ivl_1", 0 0, L_0x61847181a0a0;  1 drivers
v0x6184718051d0_0 .net *"_ivl_2", 0 0, L_0x61847181a190;  1 drivers
S_0x6184718052b0 .scope generate, "and_gen[18]" "and_gen[18]" 2 6, 2 6 0, S_0x618471779cf0;
 .timescale 0 0;
P_0x6184718054b0 .param/l "i" 0 2 6, +C4<010010>;
L_0x61847181a3b0 .functor AND 1, L_0x61847181a450, L_0x61847181a540, C4<1>, C4<1>;
v0x618471805590_0 .net *"_ivl_1", 0 0, L_0x61847181a450;  1 drivers
v0x618471805670_0 .net *"_ivl_2", 0 0, L_0x61847181a540;  1 drivers
S_0x618471805750 .scope generate, "and_gen[19]" "and_gen[19]" 2 6, 2 6 0, S_0x618471779cf0;
 .timescale 0 0;
P_0x618471805950 .param/l "i" 0 2 6, +C4<010011>;
L_0x61847181a770 .functor AND 1, L_0x61847181a810, L_0x61847181a900, C4<1>, C4<1>;
v0x618471805a30_0 .net *"_ivl_1", 0 0, L_0x61847181a810;  1 drivers
v0x618471805b10_0 .net *"_ivl_2", 0 0, L_0x61847181a900;  1 drivers
S_0x618471805bf0 .scope generate, "and_gen[20]" "and_gen[20]" 2 6, 2 6 0, S_0x618471779cf0;
 .timescale 0 0;
P_0x618471805df0 .param/l "i" 0 2 6, +C4<010100>;
L_0x61847181ab40 .functor AND 1, L_0x61847181abe0, L_0x61847181acd0, C4<1>, C4<1>;
v0x618471805ed0_0 .net *"_ivl_1", 0 0, L_0x61847181abe0;  1 drivers
v0x618471805fb0_0 .net *"_ivl_2", 0 0, L_0x61847181acd0;  1 drivers
S_0x618471806090 .scope generate, "and_gen[21]" "and_gen[21]" 2 6, 2 6 0, S_0x618471779cf0;
 .timescale 0 0;
P_0x618471806290 .param/l "i" 0 2 6, +C4<010101>;
L_0x61847181af20 .functor AND 1, L_0x61847181afc0, L_0x61847181b0b0, C4<1>, C4<1>;
v0x618471806370_0 .net *"_ivl_1", 0 0, L_0x61847181afc0;  1 drivers
v0x618471806450_0 .net *"_ivl_2", 0 0, L_0x61847181b0b0;  1 drivers
S_0x618471806530 .scope generate, "and_gen[22]" "and_gen[22]" 2 6, 2 6 0, S_0x618471779cf0;
 .timescale 0 0;
P_0x618471806730 .param/l "i" 0 2 6, +C4<010110>;
L_0x61847181b310 .functor AND 1, L_0x61847181b3b0, L_0x61847181b4a0, C4<1>, C4<1>;
v0x618471806810_0 .net *"_ivl_1", 0 0, L_0x61847181b3b0;  1 drivers
v0x6184718068f0_0 .net *"_ivl_2", 0 0, L_0x61847181b4a0;  1 drivers
S_0x6184718069d0 .scope generate, "and_gen[23]" "and_gen[23]" 2 6, 2 6 0, S_0x618471779cf0;
 .timescale 0 0;
P_0x618471806bd0 .param/l "i" 0 2 6, +C4<010111>;
L_0x61847181b710 .functor AND 1, L_0x61847181b7b0, L_0x61847181b8a0, C4<1>, C4<1>;
v0x618471806cb0_0 .net *"_ivl_1", 0 0, L_0x61847181b7b0;  1 drivers
v0x618471806d90_0 .net *"_ivl_2", 0 0, L_0x61847181b8a0;  1 drivers
S_0x618471806e70 .scope generate, "and_gen[24]" "and_gen[24]" 2 6, 2 6 0, S_0x618471779cf0;
 .timescale 0 0;
P_0x618471807070 .param/l "i" 0 2 6, +C4<011000>;
L_0x61847181bb20 .functor AND 1, L_0x61847181bbc0, L_0x61847181bcb0, C4<1>, C4<1>;
v0x618471807150_0 .net *"_ivl_1", 0 0, L_0x61847181bbc0;  1 drivers
v0x618471807230_0 .net *"_ivl_2", 0 0, L_0x61847181bcb0;  1 drivers
S_0x618471807310 .scope generate, "and_gen[25]" "and_gen[25]" 2 6, 2 6 0, S_0x618471779cf0;
 .timescale 0 0;
P_0x618471807510 .param/l "i" 0 2 6, +C4<011001>;
L_0x61847181bf40 .functor AND 1, L_0x61847181bfe0, L_0x61847181c0d0, C4<1>, C4<1>;
v0x6184718075f0_0 .net *"_ivl_1", 0 0, L_0x61847181bfe0;  1 drivers
v0x6184718076d0_0 .net *"_ivl_2", 0 0, L_0x61847181c0d0;  1 drivers
S_0x6184718077b0 .scope generate, "and_gen[26]" "and_gen[26]" 2 6, 2 6 0, S_0x618471779cf0;
 .timescale 0 0;
P_0x6184718079b0 .param/l "i" 0 2 6, +C4<011010>;
L_0x61847181c370 .functor AND 1, L_0x61847181c410, L_0x61847181c500, C4<1>, C4<1>;
v0x618471807a90_0 .net *"_ivl_1", 0 0, L_0x61847181c410;  1 drivers
v0x618471807b70_0 .net *"_ivl_2", 0 0, L_0x61847181c500;  1 drivers
S_0x618471807c50 .scope generate, "and_gen[27]" "and_gen[27]" 2 6, 2 6 0, S_0x618471779cf0;
 .timescale 0 0;
P_0x618471807e50 .param/l "i" 0 2 6, +C4<011011>;
L_0x61847181c7b0 .functor AND 1, L_0x61847181c850, L_0x61847181c940, C4<1>, C4<1>;
v0x618471807f30_0 .net *"_ivl_1", 0 0, L_0x61847181c850;  1 drivers
v0x618471808010_0 .net *"_ivl_2", 0 0, L_0x61847181c940;  1 drivers
S_0x6184718080f0 .scope generate, "and_gen[28]" "and_gen[28]" 2 6, 2 6 0, S_0x618471779cf0;
 .timescale 0 0;
P_0x6184718082f0 .param/l "i" 0 2 6, +C4<011100>;
L_0x61847181cc00 .functor AND 1, L_0x61847181cca0, L_0x61847181cd90, C4<1>, C4<1>;
v0x6184718083d0_0 .net *"_ivl_1", 0 0, L_0x61847181cca0;  1 drivers
v0x6184718084b0_0 .net *"_ivl_2", 0 0, L_0x61847181cd90;  1 drivers
S_0x618471808590 .scope generate, "and_gen[29]" "and_gen[29]" 2 6, 2 6 0, S_0x618471779cf0;
 .timescale 0 0;
P_0x618471808790 .param/l "i" 0 2 6, +C4<011101>;
L_0x61847181d060 .functor AND 1, L_0x61847181d100, L_0x61847181d1f0, C4<1>, C4<1>;
v0x618471808870_0 .net *"_ivl_1", 0 0, L_0x61847181d100;  1 drivers
v0x618471808950_0 .net *"_ivl_2", 0 0, L_0x61847181d1f0;  1 drivers
S_0x618471808a30 .scope generate, "and_gen[30]" "and_gen[30]" 2 6, 2 6 0, S_0x618471779cf0;
 .timescale 0 0;
P_0x618471808c30 .param/l "i" 0 2 6, +C4<011110>;
L_0x61847181d4d0 .functor AND 1, L_0x61847181d570, L_0x61847181d660, C4<1>, C4<1>;
v0x618471808d10_0 .net *"_ivl_1", 0 0, L_0x61847181d570;  1 drivers
v0x618471808df0_0 .net *"_ivl_2", 0 0, L_0x61847181d660;  1 drivers
S_0x618471808ed0 .scope generate, "and_gen[31]" "and_gen[31]" 2 6, 2 6 0, S_0x618471779cf0;
 .timescale 0 0;
P_0x6184718090d0 .param/l "i" 0 2 6, +C4<011111>;
L_0x61847181d950 .functor AND 1, L_0x61847181d9f0, L_0x61847181def0, C4<1>, C4<1>;
v0x6184718091b0_0 .net *"_ivl_1", 0 0, L_0x61847181d9f0;  1 drivers
v0x618471809290_0 .net *"_ivl_2", 0 0, L_0x61847181def0;  1 drivers
S_0x618471809370 .scope generate, "and_gen[32]" "and_gen[32]" 2 6, 2 6 0, S_0x618471779cf0;
 .timescale 0 0;
P_0x618471809570 .param/l "i" 0 2 6, +C4<0100000>;
L_0x61847181e600 .functor AND 1, L_0x61847181e670, L_0x61847181e760, C4<1>, C4<1>;
v0x618471809630_0 .net *"_ivl_1", 0 0, L_0x61847181e670;  1 drivers
v0x618471809730_0 .net *"_ivl_2", 0 0, L_0x61847181e760;  1 drivers
S_0x618471809810 .scope generate, "and_gen[33]" "and_gen[33]" 2 6, 2 6 0, S_0x618471779cf0;
 .timescale 0 0;
P_0x618471809a10 .param/l "i" 0 2 6, +C4<0100001>;
L_0x61847181ea70 .functor AND 1, L_0x61847181eb40, L_0x61847181ec30, C4<1>, C4<1>;
v0x618471809ad0_0 .net *"_ivl_1", 0 0, L_0x61847181eb40;  1 drivers
v0x618471809bd0_0 .net *"_ivl_2", 0 0, L_0x61847181ec30;  1 drivers
S_0x618471809cb0 .scope generate, "and_gen[34]" "and_gen[34]" 2 6, 2 6 0, S_0x618471779cf0;
 .timescale 0 0;
P_0x618471809eb0 .param/l "i" 0 2 6, +C4<0100010>;
L_0x61847181ef50 .functor AND 1, L_0x61847181eff0, L_0x61847181f0e0, C4<1>, C4<1>;
v0x618471809f70_0 .net *"_ivl_1", 0 0, L_0x61847181eff0;  1 drivers
v0x61847180a070_0 .net *"_ivl_2", 0 0, L_0x61847181f0e0;  1 drivers
S_0x61847180a150 .scope generate, "and_gen[35]" "and_gen[35]" 2 6, 2 6 0, S_0x618471779cf0;
 .timescale 0 0;
P_0x61847180a350 .param/l "i" 0 2 6, +C4<0100011>;
L_0x61847181f410 .functor AND 1, L_0x61847181f4b0, L_0x61847181f5a0, C4<1>, C4<1>;
v0x61847180a410_0 .net *"_ivl_1", 0 0, L_0x61847181f4b0;  1 drivers
v0x61847180a510_0 .net *"_ivl_2", 0 0, L_0x61847181f5a0;  1 drivers
S_0x61847180a5f0 .scope generate, "and_gen[36]" "and_gen[36]" 2 6, 2 6 0, S_0x618471779cf0;
 .timescale 0 0;
P_0x61847180a7f0 .param/l "i" 0 2 6, +C4<0100100>;
L_0x61847181f8e0 .functor AND 1, L_0x61847181f980, L_0x61847181fa70, C4<1>, C4<1>;
v0x61847180a8b0_0 .net *"_ivl_1", 0 0, L_0x61847181f980;  1 drivers
v0x61847180a9b0_0 .net *"_ivl_2", 0 0, L_0x61847181fa70;  1 drivers
S_0x61847180aa90 .scope generate, "and_gen[37]" "and_gen[37]" 2 6, 2 6 0, S_0x618471779cf0;
 .timescale 0 0;
P_0x61847180ac90 .param/l "i" 0 2 6, +C4<0100101>;
L_0x61847181fdc0 .functor AND 1, L_0x61847181fe60, L_0x61847181ff50, C4<1>, C4<1>;
v0x61847180ad50_0 .net *"_ivl_1", 0 0, L_0x61847181fe60;  1 drivers
v0x61847180ae50_0 .net *"_ivl_2", 0 0, L_0x61847181ff50;  1 drivers
S_0x61847180af30 .scope generate, "and_gen[38]" "and_gen[38]" 2 6, 2 6 0, S_0x618471779cf0;
 .timescale 0 0;
P_0x61847180b130 .param/l "i" 0 2 6, +C4<0100110>;
L_0x6184718202b0 .functor AND 1, L_0x618471820350, L_0x618471820440, C4<1>, C4<1>;
v0x61847180b1f0_0 .net *"_ivl_1", 0 0, L_0x618471820350;  1 drivers
v0x61847180b2f0_0 .net *"_ivl_2", 0 0, L_0x618471820440;  1 drivers
S_0x61847180b3d0 .scope generate, "and_gen[39]" "and_gen[39]" 2 6, 2 6 0, S_0x618471779cf0;
 .timescale 0 0;
P_0x61847180b5d0 .param/l "i" 0 2 6, +C4<0100111>;
L_0x6184718207b0 .functor AND 1, L_0x618471820850, L_0x618471820940, C4<1>, C4<1>;
v0x61847180b690_0 .net *"_ivl_1", 0 0, L_0x618471820850;  1 drivers
v0x61847180b790_0 .net *"_ivl_2", 0 0, L_0x618471820940;  1 drivers
S_0x61847180b870 .scope generate, "and_gen[40]" "and_gen[40]" 2 6, 2 6 0, S_0x618471779cf0;
 .timescale 0 0;
P_0x61847180ba70 .param/l "i" 0 2 6, +C4<0101000>;
L_0x618471820cc0 .functor AND 1, L_0x618471820d60, L_0x618471820e50, C4<1>, C4<1>;
v0x61847180bb30_0 .net *"_ivl_1", 0 0, L_0x618471820d60;  1 drivers
v0x61847180bc30_0 .net *"_ivl_2", 0 0, L_0x618471820e50;  1 drivers
S_0x61847180bd10 .scope generate, "and_gen[41]" "and_gen[41]" 2 6, 2 6 0, S_0x618471779cf0;
 .timescale 0 0;
P_0x61847180bf10 .param/l "i" 0 2 6, +C4<0101001>;
L_0x6184718211e0 .functor AND 1, L_0x618471821280, L_0x618471821370, C4<1>, C4<1>;
v0x61847180bfd0_0 .net *"_ivl_1", 0 0, L_0x618471821280;  1 drivers
v0x61847180c0d0_0 .net *"_ivl_2", 0 0, L_0x618471821370;  1 drivers
S_0x61847180c1b0 .scope generate, "and_gen[42]" "and_gen[42]" 2 6, 2 6 0, S_0x618471779cf0;
 .timescale 0 0;
P_0x61847180c3b0 .param/l "i" 0 2 6, +C4<0101010>;
L_0x618471821710 .functor AND 1, L_0x6184718217b0, L_0x6184718218a0, C4<1>, C4<1>;
v0x61847180c470_0 .net *"_ivl_1", 0 0, L_0x6184718217b0;  1 drivers
v0x61847180c570_0 .net *"_ivl_2", 0 0, L_0x6184718218a0;  1 drivers
S_0x61847180c650 .scope generate, "and_gen[43]" "and_gen[43]" 2 6, 2 6 0, S_0x618471779cf0;
 .timescale 0 0;
P_0x61847180c850 .param/l "i" 0 2 6, +C4<0101011>;
L_0x618471821c50 .functor AND 1, L_0x618471821cf0, L_0x618471821de0, C4<1>, C4<1>;
v0x61847180c910_0 .net *"_ivl_1", 0 0, L_0x618471821cf0;  1 drivers
v0x61847180ca10_0 .net *"_ivl_2", 0 0, L_0x618471821de0;  1 drivers
S_0x61847180caf0 .scope generate, "and_gen[44]" "and_gen[44]" 2 6, 2 6 0, S_0x618471779cf0;
 .timescale 0 0;
P_0x61847180ccf0 .param/l "i" 0 2 6, +C4<0101100>;
L_0x6184718221a0 .functor AND 1, L_0x618471822240, L_0x618471822330, C4<1>, C4<1>;
v0x61847180cdb0_0 .net *"_ivl_1", 0 0, L_0x618471822240;  1 drivers
v0x61847180ceb0_0 .net *"_ivl_2", 0 0, L_0x618471822330;  1 drivers
S_0x61847180cf90 .scope generate, "and_gen[45]" "and_gen[45]" 2 6, 2 6 0, S_0x618471779cf0;
 .timescale 0 0;
P_0x61847180d190 .param/l "i" 0 2 6, +C4<0101101>;
L_0x618471822700 .functor AND 1, L_0x6184718227a0, L_0x618471822890, C4<1>, C4<1>;
v0x61847180d250_0 .net *"_ivl_1", 0 0, L_0x6184718227a0;  1 drivers
v0x61847180d350_0 .net *"_ivl_2", 0 0, L_0x618471822890;  1 drivers
S_0x61847180d430 .scope generate, "and_gen[46]" "and_gen[46]" 2 6, 2 6 0, S_0x618471779cf0;
 .timescale 0 0;
P_0x61847180d630 .param/l "i" 0 2 6, +C4<0101110>;
L_0x618471822c70 .functor AND 1, L_0x618471822d10, L_0x618471822e00, C4<1>, C4<1>;
v0x61847180d6f0_0 .net *"_ivl_1", 0 0, L_0x618471822d10;  1 drivers
v0x61847180d7f0_0 .net *"_ivl_2", 0 0, L_0x618471822e00;  1 drivers
S_0x61847180d8d0 .scope generate, "and_gen[47]" "and_gen[47]" 2 6, 2 6 0, S_0x618471779cf0;
 .timescale 0 0;
P_0x61847180dad0 .param/l "i" 0 2 6, +C4<0101111>;
L_0x6184718231f0 .functor AND 1, L_0x618471823290, L_0x618471823380, C4<1>, C4<1>;
v0x61847180db90_0 .net *"_ivl_1", 0 0, L_0x618471823290;  1 drivers
v0x61847180dc90_0 .net *"_ivl_2", 0 0, L_0x618471823380;  1 drivers
S_0x61847180dd70 .scope generate, "and_gen[48]" "and_gen[48]" 2 6, 2 6 0, S_0x618471779cf0;
 .timescale 0 0;
P_0x61847180df70 .param/l "i" 0 2 6, +C4<0110000>;
L_0x618471823780 .functor AND 1, L_0x618471823820, L_0x618471823910, C4<1>, C4<1>;
v0x61847180e030_0 .net *"_ivl_1", 0 0, L_0x618471823820;  1 drivers
v0x61847180e130_0 .net *"_ivl_2", 0 0, L_0x618471823910;  1 drivers
S_0x61847180e210 .scope generate, "and_gen[49]" "and_gen[49]" 2 6, 2 6 0, S_0x618471779cf0;
 .timescale 0 0;
P_0x61847180e410 .param/l "i" 0 2 6, +C4<0110001>;
L_0x618471823d20 .functor AND 1, L_0x618471823dc0, L_0x618471823eb0, C4<1>, C4<1>;
v0x61847180e4d0_0 .net *"_ivl_1", 0 0, L_0x618471823dc0;  1 drivers
v0x61847180e5d0_0 .net *"_ivl_2", 0 0, L_0x618471823eb0;  1 drivers
S_0x61847180e6b0 .scope generate, "and_gen[50]" "and_gen[50]" 2 6, 2 6 0, S_0x618471779cf0;
 .timescale 0 0;
P_0x61847180e8b0 .param/l "i" 0 2 6, +C4<0110010>;
L_0x6184718242d0 .functor AND 1, L_0x618471824370, L_0x618471824460, C4<1>, C4<1>;
v0x61847180e970_0 .net *"_ivl_1", 0 0, L_0x618471824370;  1 drivers
v0x61847180ea70_0 .net *"_ivl_2", 0 0, L_0x618471824460;  1 drivers
S_0x61847180eb50 .scope generate, "and_gen[51]" "and_gen[51]" 2 6, 2 6 0, S_0x618471779cf0;
 .timescale 0 0;
P_0x61847180ed50 .param/l "i" 0 2 6, +C4<0110011>;
L_0x618471824890 .functor AND 1, L_0x618471824930, L_0x618471824a20, C4<1>, C4<1>;
v0x61847180ee10_0 .net *"_ivl_1", 0 0, L_0x618471824930;  1 drivers
v0x61847180ef10_0 .net *"_ivl_2", 0 0, L_0x618471824a20;  1 drivers
S_0x61847180eff0 .scope generate, "and_gen[52]" "and_gen[52]" 2 6, 2 6 0, S_0x618471779cf0;
 .timescale 0 0;
P_0x61847180f1f0 .param/l "i" 0 2 6, +C4<0110100>;
L_0x618471824e60 .functor AND 1, L_0x618471824f00, L_0x618471824ff0, C4<1>, C4<1>;
v0x61847180f2b0_0 .net *"_ivl_1", 0 0, L_0x618471824f00;  1 drivers
v0x61847180f3b0_0 .net *"_ivl_2", 0 0, L_0x618471824ff0;  1 drivers
S_0x61847180f490 .scope generate, "and_gen[53]" "and_gen[53]" 2 6, 2 6 0, S_0x618471779cf0;
 .timescale 0 0;
P_0x61847180f690 .param/l "i" 0 2 6, +C4<0110101>;
L_0x618471825440 .functor AND 1, L_0x6184718254e0, L_0x6184718255d0, C4<1>, C4<1>;
v0x61847180f750_0 .net *"_ivl_1", 0 0, L_0x6184718254e0;  1 drivers
v0x61847180f850_0 .net *"_ivl_2", 0 0, L_0x6184718255d0;  1 drivers
S_0x61847180f930 .scope generate, "and_gen[54]" "and_gen[54]" 2 6, 2 6 0, S_0x618471779cf0;
 .timescale 0 0;
P_0x61847180fb30 .param/l "i" 0 2 6, +C4<0110110>;
L_0x618471825a30 .functor AND 1, L_0x618471825ad0, L_0x618471825bc0, C4<1>, C4<1>;
v0x61847180fbf0_0 .net *"_ivl_1", 0 0, L_0x618471825ad0;  1 drivers
v0x61847180fcf0_0 .net *"_ivl_2", 0 0, L_0x618471825bc0;  1 drivers
S_0x61847180fdd0 .scope generate, "and_gen[55]" "and_gen[55]" 2 6, 2 6 0, S_0x618471779cf0;
 .timescale 0 0;
P_0x61847180ffd0 .param/l "i" 0 2 6, +C4<0110111>;
L_0x618471826030 .functor AND 1, L_0x6184718260d0, L_0x6184718261c0, C4<1>, C4<1>;
v0x618471810090_0 .net *"_ivl_1", 0 0, L_0x6184718260d0;  1 drivers
v0x618471810190_0 .net *"_ivl_2", 0 0, L_0x6184718261c0;  1 drivers
S_0x618471810270 .scope generate, "and_gen[56]" "and_gen[56]" 2 6, 2 6 0, S_0x618471779cf0;
 .timescale 0 0;
P_0x618471810470 .param/l "i" 0 2 6, +C4<0111000>;
L_0x618471826640 .functor AND 1, L_0x6184718266e0, L_0x6184718267d0, C4<1>, C4<1>;
v0x618471810530_0 .net *"_ivl_1", 0 0, L_0x6184718266e0;  1 drivers
v0x618471810630_0 .net *"_ivl_2", 0 0, L_0x6184718267d0;  1 drivers
S_0x618471810710 .scope generate, "and_gen[57]" "and_gen[57]" 2 6, 2 6 0, S_0x618471779cf0;
 .timescale 0 0;
P_0x618471810910 .param/l "i" 0 2 6, +C4<0111001>;
L_0x618471826c60 .functor AND 1, L_0x618471826d00, L_0x618471826df0, C4<1>, C4<1>;
v0x6184718109d0_0 .net *"_ivl_1", 0 0, L_0x618471826d00;  1 drivers
v0x618471810ad0_0 .net *"_ivl_2", 0 0, L_0x618471826df0;  1 drivers
S_0x618471810bb0 .scope generate, "and_gen[58]" "and_gen[58]" 2 6, 2 6 0, S_0x618471779cf0;
 .timescale 0 0;
P_0x618471810db0 .param/l "i" 0 2 6, +C4<0111010>;
L_0x618471827290 .functor AND 1, L_0x618471827330, L_0x618471827420, C4<1>, C4<1>;
v0x618471810e70_0 .net *"_ivl_1", 0 0, L_0x618471827330;  1 drivers
v0x618471810f70_0 .net *"_ivl_2", 0 0, L_0x618471827420;  1 drivers
S_0x618471811050 .scope generate, "and_gen[59]" "and_gen[59]" 2 6, 2 6 0, S_0x618471779cf0;
 .timescale 0 0;
P_0x618471811250 .param/l "i" 0 2 6, +C4<0111011>;
L_0x6184718278d0 .functor AND 1, L_0x618471827970, L_0x618471827a60, C4<1>, C4<1>;
v0x618471811310_0 .net *"_ivl_1", 0 0, L_0x618471827970;  1 drivers
v0x618471811410_0 .net *"_ivl_2", 0 0, L_0x618471827a60;  1 drivers
S_0x6184718114f0 .scope generate, "and_gen[60]" "and_gen[60]" 2 6, 2 6 0, S_0x618471779cf0;
 .timescale 0 0;
P_0x6184718116f0 .param/l "i" 0 2 6, +C4<0111100>;
L_0x618471827f20 .functor AND 1, L_0x618471827fc0, L_0x6184718280b0, C4<1>, C4<1>;
v0x6184718117b0_0 .net *"_ivl_1", 0 0, L_0x618471827fc0;  1 drivers
v0x6184718118b0_0 .net *"_ivl_2", 0 0, L_0x6184718280b0;  1 drivers
S_0x618471811990 .scope generate, "and_gen[61]" "and_gen[61]" 2 6, 2 6 0, S_0x618471779cf0;
 .timescale 0 0;
P_0x618471811b90 .param/l "i" 0 2 6, +C4<0111101>;
L_0x618471828580 .functor AND 1, L_0x618471828620, L_0x618471828710, C4<1>, C4<1>;
v0x618471811c50_0 .net *"_ivl_1", 0 0, L_0x618471828620;  1 drivers
v0x618471811d50_0 .net *"_ivl_2", 0 0, L_0x618471828710;  1 drivers
S_0x618471811e30 .scope generate, "and_gen[62]" "and_gen[62]" 2 6, 2 6 0, S_0x618471779cf0;
 .timescale 0 0;
P_0x618471812030 .param/l "i" 0 2 6, +C4<0111110>;
L_0x618471828bf0 .functor AND 1, L_0x618471828c90, L_0x618471828d80, C4<1>, C4<1>;
v0x6184718120f0_0 .net *"_ivl_1", 0 0, L_0x618471828c90;  1 drivers
v0x6184718121f0_0 .net *"_ivl_2", 0 0, L_0x618471828d80;  1 drivers
S_0x6184718122d0 .scope generate, "and_gen[63]" "and_gen[63]" 2 6, 2 6 0, S_0x618471779cf0;
 .timescale 0 0;
P_0x6184718124d0 .param/l "i" 0 2 6, +C4<0111111>;
L_0x61847182a6c0 .functor AND 1, L_0x61847182a780, L_0x61847182b490, C4<1>, C4<1>;
v0x618471812590_0 .net *"_ivl_1", 0 0, L_0x61847182a780;  1 drivers
v0x618471812690_0 .net *"_ivl_2", 0 0, L_0x61847182b490;  1 drivers
# The file index is used to find the file name in the following table.
:file_names 3;
    "N/A";
    "<interactive>";
    "and.v";
