#! /usr/bin/vvp
:ivl_version "11.0 (stable)";
:ivl_delay_selection "TYPICAL";
:vpi_time_precision + 0;
:vpi_module "/usr/lib/x86_64-linux-gnu/ivl/system.vpi";
:vpi_module "/usr/lib/x86_64-linux-gnu/ivl/vhdl_sys.vpi";
:vpi_module "/usr/lib/x86_64-linux-gnu/ivl/vhdl_textio.vpi";
:vpi_module "/usr/lib/x86_64-linux-gnu/ivl/v2005_math.vpi";
:vpi_module "/usr/lib/x86_64-linux-gnu/ivl/va_math.vpi";
S_0x5958db30fdc0 .scope module, "mux2" "mux2" 2 3;
 .timescale 0 0;
    .port_info 0 /INPUT 1 "sel";
    .port_info 1 /INPUT 1 "in0";
    .port_info 2 /INPUT 1 "in1";
    .port_info 3 /OUTPUT 1 "out";
o0x734b0c46b138 .functor BUFZ 1, C4<z>; HiZ drive
L_0x5958db357990 .functor NOT 1, o0x734b0c46b138, C4<0>, C4<0>, C4<0>;
o0x734b0c46b078 .functor BUFZ 1, C4<z>; HiZ drive
L_0x5958db357a50 .functor AND 1, o0x734b0c46b078, L_0x5958db357990, C4<1>, C4<1>;
o0x734b0c46b0a8 .functor BUFZ 1, C4<z>; HiZ drive
L_0x5958db357b70 .functor AND 1, o0x734b0c46b0a8, o0x734b0c46b138, C4<1>, C4<1>;
L_0x5958db357c60 .functor OR 1, L_0x5958db357a50, L_0x5958db357b70, C4<0>, C4<0>;
v0x5958db30ffc0_0 .net "and0", 0 0, L_0x5958db357a50;  1 drivers
v0x5958db357430_0 .net "and1", 0 0, L_0x5958db357b70;  1 drivers
v0x5958db3574f0_0 .net "in0", 0 0, o0x734b0c46b078;  0 drivers
v0x5958db3575c0_0 .net "in1", 0 0, o0x734b0c46b0a8;  0 drivers
v0x5958db357680_0 .net "not_sel", 0 0, L_0x5958db357990;  1 drivers
v0x5958db357790_0 .net "out", 0 0, L_0x5958db357c60;  1 drivers
v0x5958db357850_0 .net "sel", 0 0, o0x734b0c46b138;  0 drivers
# The file index is used to find the file name in the following table.
:file_names 3;
    "N/A";
    "<interactive>";
    "mux2.v";
