#! /usr/bin/vvp
:ivl_version "11.0 (stable)";
:ivl_delay_selection "TYPICAL";
:vpi_time_precision + 0;
:vpi_module "/usr/lib/x86_64-linux-gnu/ivl/system.vpi";
:vpi_module "/usr/lib/x86_64-linux-gnu/ivl/vhdl_sys.vpi";
:vpi_module "/usr/lib/x86_64-linux-gnu/ivl/vhdl_textio.vpi";
:vpi_module "/usr/lib/x86_64-linux-gnu/ivl/v2005_math.vpi";
:vpi_module "/usr/lib/x86_64-linux-gnu/ivl/va_math.vpi";
S_0x5bd284c29cf0 .scope module, "bit_Or" "bit_Or" 2 3;
 .timescale 0 0;
    .port_info 0 /INPUT 64 "a";
    .port_info 1 /INPUT 64 "b";
    .port_info 2 /OUTPUT 64 "out";
v0x5bd284cc2770_0 .net *"_ivl_0", 0 0, L_0x5bd284cc6900;  1 drivers
v0x5bd284cc2870_0 .net *"_ivl_100", 0 0, L_0x5bd284ccbf40;  1 drivers
v0x5bd284cc2950_0 .net *"_ivl_104", 0 0, L_0x5bd284ccc370;  1 drivers
v0x5bd284cc2a10_0 .net *"_ivl_108", 0 0, L_0x5bd284ccc7b0;  1 drivers
v0x5bd284cc2af0_0 .net *"_ivl_112", 0 0, L_0x5bd284cccc00;  1 drivers
v0x5bd284cc2c20_0 .net *"_ivl_116", 0 0, L_0x5bd284ccd060;  1 drivers
v0x5bd284cc2d00_0 .net *"_ivl_12", 0 0, L_0x5bd284cc71a0;  1 drivers
v0x5bd284cc2de0_0 .net *"_ivl_120", 0 0, L_0x5bd284ccd4d0;  1 drivers
v0x5bd284cc2ec0_0 .net *"_ivl_124", 0 0, L_0x5bd284ccd950;  1 drivers
v0x5bd284cc2fa0_0 .net *"_ivl_128", 0 0, L_0x5bd284cce600;  1 drivers
v0x5bd284cc3080_0 .net *"_ivl_132", 0 0, L_0x5bd284ccea70;  1 drivers
v0x5bd284cc3160_0 .net *"_ivl_136", 0 0, L_0x5bd284ccef50;  1 drivers
v0x5bd284cc3240_0 .net *"_ivl_140", 0 0, L_0x5bd284ccf410;  1 drivers
v0x5bd284cc3320_0 .net *"_ivl_144", 0 0, L_0x5bd284ccf8e0;  1 drivers
v0x5bd284cc3400_0 .net *"_ivl_148", 0 0, L_0x5bd284ccfdc0;  1 drivers
v0x5bd284cc34e0_0 .net *"_ivl_152", 0 0, L_0x5bd284cd02b0;  1 drivers
v0x5bd284cc35c0_0 .net *"_ivl_156", 0 0, L_0x5bd284cd07b0;  1 drivers
v0x5bd284cc36a0_0 .net *"_ivl_16", 0 0, L_0x5bd284cc7480;  1 drivers
v0x5bd284cc3780_0 .net *"_ivl_160", 0 0, L_0x5bd284cd0cc0;  1 drivers
v0x5bd284cc3860_0 .net *"_ivl_164", 0 0, L_0x5bd284cd11e0;  1 drivers
v0x5bd284cc3940_0 .net *"_ivl_168", 0 0, L_0x5bd284cd1710;  1 drivers
v0x5bd284cc3a20_0 .net *"_ivl_172", 0 0, L_0x5bd284cd1c50;  1 drivers
v0x5bd284cc3b00_0 .net *"_ivl_176", 0 0, L_0x5bd284cd21a0;  1 drivers
v0x5bd284cc3be0_0 .net *"_ivl_180", 0 0, L_0x5bd284cd2700;  1 drivers
v0x5bd284cc3cc0_0 .net *"_ivl_184", 0 0, L_0x5bd284cd2c70;  1 drivers
v0x5bd284cc3da0_0 .net *"_ivl_188", 0 0, L_0x5bd284cd31f0;  1 drivers
v0x5bd284cc3e80_0 .net *"_ivl_192", 0 0, L_0x5bd284cd3780;  1 drivers
v0x5bd284cc3f60_0 .net *"_ivl_196", 0 0, L_0x5bd284cd3d20;  1 drivers
v0x5bd284cc4040_0 .net *"_ivl_20", 0 0, L_0x5bd284cc76e0;  1 drivers
v0x5bd284cc4120_0 .net *"_ivl_200", 0 0, L_0x5bd284cd42d0;  1 drivers
v0x5bd284cc4200_0 .net *"_ivl_204", 0 0, L_0x5bd284cd4890;  1 drivers
v0x5bd284cc42e0_0 .net *"_ivl_208", 0 0, L_0x5bd284cd4e60;  1 drivers
v0x5bd284cc43c0_0 .net *"_ivl_212", 0 0, L_0x5bd284cd5440;  1 drivers
v0x5bd284cc46b0_0 .net *"_ivl_216", 0 0, L_0x5bd284cd5a30;  1 drivers
v0x5bd284cc4790_0 .net *"_ivl_220", 0 0, L_0x5bd284cd6030;  1 drivers
v0x5bd284cc4870_0 .net *"_ivl_224", 0 0, L_0x5bd284cd6640;  1 drivers
v0x5bd284cc4950_0 .net *"_ivl_228", 0 0, L_0x5bd284cd6c60;  1 drivers
v0x5bd284cc4a30_0 .net *"_ivl_232", 0 0, L_0x5bd284cd7290;  1 drivers
v0x5bd284cc4b10_0 .net *"_ivl_236", 0 0, L_0x5bd284cd78d0;  1 drivers
v0x5bd284cc4bf0_0 .net *"_ivl_24", 0 0, L_0x5bd284cc7980;  1 drivers
v0x5bd284cc4cd0_0 .net *"_ivl_240", 0 0, L_0x5bd284cd7f20;  1 drivers
v0x5bd284cc4db0_0 .net *"_ivl_244", 0 0, L_0x5bd284cd8580;  1 drivers
v0x5bd284cc4e90_0 .net *"_ivl_248", 0 0, L_0x5bd284cd8bf0;  1 drivers
v0x5bd284cc4f70_0 .net *"_ivl_252", 0 0, L_0x5bd284cda6c0;  1 drivers
v0x5bd284cc5050_0 .net *"_ivl_28", 0 0, L_0x5bd284cc7910;  1 drivers
v0x5bd284cc5130_0 .net *"_ivl_32", 0 0, L_0x5bd284cc8030;  1 drivers
v0x5bd284cc5210_0 .net *"_ivl_36", 0 0, L_0x5bd284cc8350;  1 drivers
v0x5bd284cc52f0_0 .net *"_ivl_4", 0 0, L_0x5bd284cc6b60;  1 drivers
v0x5bd284cc53d0_0 .net *"_ivl_40", 0 0, L_0x5bd284cc8680;  1 drivers
v0x5bd284cc54b0_0 .net *"_ivl_44", 0 0, L_0x5bd284cc8920;  1 drivers
v0x5bd284cc5590_0 .net *"_ivl_48", 0 0, L_0x5bd284cc8c70;  1 drivers
v0x5bd284cc5670_0 .net *"_ivl_52", 0 0, L_0x5bd284cc8fd0;  1 drivers
v0x5bd284cc5750_0 .net *"_ivl_56", 0 0, L_0x5bd284cc9340;  1 drivers
v0x5bd284cc5830_0 .net *"_ivl_60", 0 0, L_0x5bd284cc96c0;  1 drivers
v0x5bd284cc5910_0 .net *"_ivl_64", 0 0, L_0x5bd284cc9c60;  1 drivers
v0x5bd284cc59f0_0 .net *"_ivl_68", 0 0, L_0x5bd284cca000;  1 drivers
v0x5bd284cc5ad0_0 .net *"_ivl_72", 0 0, L_0x5bd284cca3b0;  1 drivers
v0x5bd284cc5bb0_0 .net *"_ivl_76", 0 0, L_0x5bd284cca770;  1 drivers
v0x5bd284cc5c90_0 .net *"_ivl_8", 0 0, L_0x5bd284cc6f10;  1 drivers
v0x5bd284cc5d70_0 .net *"_ivl_80", 0 0, L_0x5bd284ccab40;  1 drivers
v0x5bd284cc5e50_0 .net *"_ivl_84", 0 0, L_0x5bd284ccaf20;  1 drivers
v0x5bd284cc5f30_0 .net *"_ivl_88", 0 0, L_0x5bd284ccb310;  1 drivers
v0x5bd284cc6010_0 .net *"_ivl_92", 0 0, L_0x5bd284ccb710;  1 drivers
v0x5bd284cc60f0_0 .net *"_ivl_96", 0 0, L_0x5bd284ccbb20;  1 drivers
o0x77d850c98418 .functor BUFZ 64, C4<zzzzzzzzzzzzzzzzzzzzzzzzzzzzzzzzzzzzzzzzzzzzzzzzzzzzzzzzzzzzzzzz>; HiZ drive
v0x5bd284cc61d0_0 .net "a", 63 0, o0x77d850c98418;  0 drivers
o0x77d850c98448 .functor BUFZ 64, C4<zzzzzzzzzzzzzzzzzzzzzzzzzzzzzzzzzzzzzzzzzzzzzzzzzzzzzzzzzzzzzzzz>; HiZ drive
v0x5bd284cc66c0_0 .net "b", 63 0, o0x77d850c98448;  0 drivers
v0x5bd284cc67a0_0 .net "out", 63 0, L_0x5bd284cd9270;  1 drivers
L_0x5bd284cc69d0 .part o0x77d850c98418, 0, 1;
L_0x5bd284cc6a70 .part o0x77d850c98448, 0, 1;
L_0x5bd284cc6c60 .part o0x77d850c98418, 1, 1;
L_0x5bd284cc6da0 .part o0x77d850c98448, 1, 1;
L_0x5bd284cc6f80 .part o0x77d850c98418, 2, 1;
L_0x5bd284cc7070 .part o0x77d850c98448, 2, 1;
L_0x5bd284cc7210 .part o0x77d850c98418, 3, 1;
L_0x5bd284cc7300 .part o0x77d850c98448, 3, 1;
L_0x5bd284cc74f0 .part o0x77d850c98418, 4, 1;
L_0x5bd284cc7590 .part o0x77d850c98448, 4, 1;
L_0x5bd284cc7780 .part o0x77d850c98418, 5, 1;
L_0x5bd284cc7820 .part o0x77d850c98448, 5, 1;
L_0x5bd284cc7a20 .part o0x77d850c98418, 6, 1;
L_0x5bd284cc7b10 .part o0x77d850c98448, 6, 1;
L_0x5bd284cc7cb0 .part o0x77d850c98418, 7, 1;
L_0x5bd284cc7da0 .part o0x77d850c98448, 7, 1;
L_0x5bd284cc80d0 .part o0x77d850c98418, 8, 1;
L_0x5bd284cc81c0 .part o0x77d850c98448, 8, 1;
L_0x5bd284cc83f0 .part o0x77d850c98418, 9, 1;
L_0x5bd284cc84e0 .part o0x77d850c98448, 9, 1;
L_0x5bd284cc82b0 .part o0x77d850c98418, 10, 1;
L_0x5bd284cc8770 .part o0x77d850c98448, 10, 1;
L_0x5bd284cc89c0 .part o0x77d850c98418, 11, 1;
L_0x5bd284cc8ab0 .part o0x77d850c98448, 11, 1;
L_0x5bd284cc8d10 .part o0x77d850c98418, 12, 1;
L_0x5bd284cc8e00 .part o0x77d850c98448, 12, 1;
L_0x5bd284cc9070 .part o0x77d850c98418, 13, 1;
L_0x5bd284cc9160 .part o0x77d850c98448, 13, 1;
L_0x5bd284cc93e0 .part o0x77d850c98418, 14, 1;
L_0x5bd284cc94d0 .part o0x77d850c98448, 14, 1;
L_0x5bd284cc9760 .part o0x77d850c98418, 15, 1;
L_0x5bd284cc9850 .part o0x77d850c98448, 15, 1;
L_0x5bd284cc9d00 .part o0x77d850c98418, 16, 1;
L_0x5bd284cc9df0 .part o0x77d850c98448, 16, 1;
L_0x5bd284cca0a0 .part o0x77d850c98418, 17, 1;
L_0x5bd284cca190 .part o0x77d850c98448, 17, 1;
L_0x5bd284cca450 .part o0x77d850c98418, 18, 1;
L_0x5bd284cca540 .part o0x77d850c98448, 18, 1;
L_0x5bd284cca810 .part o0x77d850c98418, 19, 1;
L_0x5bd284cca900 .part o0x77d850c98448, 19, 1;
L_0x5bd284ccabe0 .part o0x77d850c98418, 20, 1;
L_0x5bd284ccacd0 .part o0x77d850c98448, 20, 1;
L_0x5bd284ccafc0 .part o0x77d850c98418, 21, 1;
L_0x5bd284ccb0b0 .part o0x77d850c98448, 21, 1;
L_0x5bd284ccb3b0 .part o0x77d850c98418, 22, 1;
L_0x5bd284ccb4a0 .part o0x77d850c98448, 22, 1;
L_0x5bd284ccb7b0 .part o0x77d850c98418, 23, 1;
L_0x5bd284ccb8a0 .part o0x77d850c98448, 23, 1;
L_0x5bd284ccbbc0 .part o0x77d850c98418, 24, 1;
L_0x5bd284ccbcb0 .part o0x77d850c98448, 24, 1;
L_0x5bd284ccbfe0 .part o0x77d850c98418, 25, 1;
L_0x5bd284ccc0d0 .part o0x77d850c98448, 25, 1;
L_0x5bd284ccc410 .part o0x77d850c98418, 26, 1;
L_0x5bd284ccc500 .part o0x77d850c98448, 26, 1;
L_0x5bd284ccc850 .part o0x77d850c98418, 27, 1;
L_0x5bd284ccc940 .part o0x77d850c98448, 27, 1;
L_0x5bd284cccca0 .part o0x77d850c98418, 28, 1;
L_0x5bd284cccd90 .part o0x77d850c98448, 28, 1;
L_0x5bd284ccd100 .part o0x77d850c98418, 29, 1;
L_0x5bd284ccd1f0 .part o0x77d850c98448, 29, 1;
L_0x5bd284ccd570 .part o0x77d850c98418, 30, 1;
L_0x5bd284ccd660 .part o0x77d850c98448, 30, 1;
L_0x5bd284ccd9f0 .part o0x77d850c98418, 31, 1;
L_0x5bd284ccdef0 .part o0x77d850c98448, 31, 1;
L_0x5bd284cce670 .part o0x77d850c98418, 32, 1;
L_0x5bd284cce760 .part o0x77d850c98448, 32, 1;
L_0x5bd284cceb40 .part o0x77d850c98418, 33, 1;
L_0x5bd284ccec30 .part o0x77d850c98448, 33, 1;
L_0x5bd284cceff0 .part o0x77d850c98418, 34, 1;
L_0x5bd284ccf0e0 .part o0x77d850c98448, 34, 1;
L_0x5bd284ccf4b0 .part o0x77d850c98418, 35, 1;
L_0x5bd284ccf5a0 .part o0x77d850c98448, 35, 1;
L_0x5bd284ccf980 .part o0x77d850c98418, 36, 1;
L_0x5bd284ccfa70 .part o0x77d850c98448, 36, 1;
L_0x5bd284ccfe60 .part o0x77d850c98418, 37, 1;
L_0x5bd284ccff50 .part o0x77d850c98448, 37, 1;
L_0x5bd284cd0350 .part o0x77d850c98418, 38, 1;
L_0x5bd284cd0440 .part o0x77d850c98448, 38, 1;
L_0x5bd284cd0850 .part o0x77d850c98418, 39, 1;
L_0x5bd284cd0940 .part o0x77d850c98448, 39, 1;
L_0x5bd284cd0d60 .part o0x77d850c98418, 40, 1;
L_0x5bd284cd0e50 .part o0x77d850c98448, 40, 1;
L_0x5bd284cd1280 .part o0x77d850c98418, 41, 1;
L_0x5bd284cd1370 .part o0x77d850c98448, 41, 1;
L_0x5bd284cd17b0 .part o0x77d850c98418, 42, 1;
L_0x5bd284cd18a0 .part o0x77d850c98448, 42, 1;
L_0x5bd284cd1cf0 .part o0x77d850c98418, 43, 1;
L_0x5bd284cd1de0 .part o0x77d850c98448, 43, 1;
L_0x5bd284cd2240 .part o0x77d850c98418, 44, 1;
L_0x5bd284cd2330 .part o0x77d850c98448, 44, 1;
L_0x5bd284cd27a0 .part o0x77d850c98418, 45, 1;
L_0x5bd284cd2890 .part o0x77d850c98448, 45, 1;
L_0x5bd284cd2d10 .part o0x77d850c98418, 46, 1;
L_0x5bd284cd2e00 .part o0x77d850c98448, 46, 1;
L_0x5bd284cd3290 .part o0x77d850c98418, 47, 1;
L_0x5bd284cd3380 .part o0x77d850c98448, 47, 1;
L_0x5bd284cd3820 .part o0x77d850c98418, 48, 1;
L_0x5bd284cd3910 .part o0x77d850c98448, 48, 1;
L_0x5bd284cd3dc0 .part o0x77d850c98418, 49, 1;
L_0x5bd284cd3eb0 .part o0x77d850c98448, 49, 1;
L_0x5bd284cd4370 .part o0x77d850c98418, 50, 1;
L_0x5bd284cd4460 .part o0x77d850c98448, 50, 1;
L_0x5bd284cd4930 .part o0x77d850c98418, 51, 1;
L_0x5bd284cd4a20 .part o0x77d850c98448, 51, 1;
L_0x5bd284cd4f00 .part o0x77d850c98418, 52, 1;
L_0x5bd284cd4ff0 .part o0x77d850c98448, 52, 1;
L_0x5bd284cd54e0 .part o0x77d850c98418, 53, 1;
L_0x5bd284cd55d0 .part o0x77d850c98448, 53, 1;
L_0x5bd284cd5ad0 .part o0x77d850c98418, 54, 1;
L_0x5bd284cd5bc0 .part o0x77d850c98448, 54, 1;
L_0x5bd284cd60d0 .part o0x77d850c98418, 55, 1;
L_0x5bd284cd61c0 .part o0x77d850c98448, 55, 1;
L_0x5bd284cd66e0 .part o0x77d850c98418, 56, 1;
L_0x5bd284cd67d0 .part o0x77d850c98448, 56, 1;
L_0x5bd284cd6d00 .part o0x77d850c98418, 57, 1;
L_0x5bd284cd6df0 .part o0x77d850c98448, 57, 1;
L_0x5bd284cd7330 .part o0x77d850c98418, 58, 1;
L_0x5bd284cd7420 .part o0x77d850c98448, 58, 1;
L_0x5bd284cd7970 .part o0x77d850c98418, 59, 1;
L_0x5bd284cd7a60 .part o0x77d850c98448, 59, 1;
L_0x5bd284cd7fc0 .part o0x77d850c98418, 60, 1;
L_0x5bd284cd80b0 .part o0x77d850c98448, 60, 1;
L_0x5bd284cd8620 .part o0x77d850c98418, 61, 1;
L_0x5bd284cd8710 .part o0x77d850c98448, 61, 1;
L_0x5bd284cd8c90 .part o0x77d850c98418, 62, 1;
L_0x5bd284cd8d80 .part o0x77d850c98448, 62, 1;
LS_0x5bd284cd9270_0_0 .concat8 [ 1 1 1 1], L_0x5bd284cc6900, L_0x5bd284cc6b60, L_0x5bd284cc6f10, L_0x5bd284cc71a0;
LS_0x5bd284cd9270_0_4 .concat8 [ 1 1 1 1], L_0x5bd284cc7480, L_0x5bd284cc76e0, L_0x5bd284cc7980, L_0x5bd284cc7910;
LS_0x5bd284cd9270_0_8 .concat8 [ 1 1 1 1], L_0x5bd284cc8030, L_0x5bd284cc8350, L_0x5bd284cc8680, L_0x5bd284cc8920;
LS_0x5bd284cd9270_0_12 .concat8 [ 1 1 1 1], L_0x5bd284cc8c70, L_0x5bd284cc8fd0, L_0x5bd284cc9340, L_0x5bd284cc96c0;
LS_0x5bd284cd9270_0_16 .concat8 [ 1 1 1 1], L_0x5bd284cc9c60, L_0x5bd284cca000, L_0x5bd284cca3b0, L_0x5bd284cca770;
LS_0x5bd284cd9270_0_20 .concat8 [ 1 1 1 1], L_0x5bd284ccab40, L_0x5bd284ccaf20, L_0x5bd284ccb310, L_0x5bd284ccb710;
LS_0x5bd284cd9270_0_24 .concat8 [ 1 1 1 1], L_0x5bd284ccbb20, L_0x5bd284ccbf40, L_0x5bd284ccc370, L_0x5bd284ccc7b0;
LS_0x5bd284cd9270_0_28 .concat8 [ 1 1 1 1], L_0x5bd284cccc00, L_0x5bd284ccd060, L_0x5bd284ccd4d0, L_0x5bd284ccd950;
LS_0x5bd284cd9270_0_32 .concat8 [ 1 1 1 1], L_0x5bd284cce600, L_0x5bd284ccea70, L_0x5bd284ccef50, L_0x5bd284ccf410;
LS_0x5bd284cd9270_0_36 .concat8 [ 1 1 1 1], L_0x5bd284ccf8e0, L_0x5bd284ccfdc0, L_0x5bd284cd02b0, L_0x5bd284cd07b0;
LS_0x5bd284cd9270_0_40 .concat8 [ 1 1 1 1], L_0x5bd284cd0cc0, L_0x5bd284cd11e0, L_0x5bd284cd1710, L_0x5bd284cd1c50;
LS_0x5bd284cd9270_0_44 .concat8 [ 1 1 1 1], L_0x5bd284cd21a0, L_0x5bd284cd2700, L_0x5bd284cd2c70, L_0x5bd284cd31f0;
LS_0x5bd284cd9270_0_48 .concat8 [ 1 1 1 1], L_0x5bd284cd3780, L_0x5bd284cd3d20, L_0x5bd284cd42d0, L_0x5bd284cd4890;
LS_0x5bd284cd9270_0_52 .concat8 [ 1 1 1 1], L_0x5bd284cd4e60, L_0x5bd284cd5440, L_0x5bd284cd5a30, L_0x5bd284cd6030;
LS_0x5bd284cd9270_0_56 .concat8 [ 1 1 1 1], L_0x5bd284cd6640, L_0x5bd284cd6c60, L_0x5bd284cd7290, L_0x5bd284cd78d0;
LS_0x5bd284cd9270_0_60 .concat8 [ 1 1 1 1], L_0x5bd284cd7f20, L_0x5bd284cd8580, L_0x5bd284cd8bf0, L_0x5bd284cda6c0;
LS_0x5bd284cd9270_1_0 .concat8 [ 4 4 4 4], LS_0x5bd284cd9270_0_0, LS_0x5bd284cd9270_0_4, LS_0x5bd284cd9270_0_8, LS_0x5bd284cd9270_0_12;
LS_0x5bd284cd9270_1_4 .concat8 [ 4 4 4 4], LS_0x5bd284cd9270_0_16, LS_0x5bd284cd9270_0_20, LS_0x5bd284cd9270_0_24, LS_0x5bd284cd9270_0_28;
LS_0x5bd284cd9270_1_8 .concat8 [ 4 4 4 4], LS_0x5bd284cd9270_0_32, LS_0x5bd284cd9270_0_36, LS_0x5bd284cd9270_0_40, LS_0x5bd284cd9270_0_44;
LS_0x5bd284cd9270_1_12 .concat8 [ 4 4 4 4], LS_0x5bd284cd9270_0_48, LS_0x5bd284cd9270_0_52, LS_0x5bd284cd9270_0_56, LS_0x5bd284cd9270_0_60;
L_0x5bd284cd9270 .concat8 [ 16 16 16 16], LS_0x5bd284cd9270_1_0, LS_0x5bd284cd9270_1_4, LS_0x5bd284cd9270_1_8, LS_0x5bd284cd9270_1_12;
L_0x5bd284cda780 .part o0x77d850c98418, 63, 1;
L_0x5bd284cdb490 .part o0x77d850c98448, 63, 1;
S_0x5bd284c29e80 .scope generate, "or_gen[0]" "or_gen[0]" 2 6, 2 6 0, S_0x5bd284c29cf0;
 .timescale 0 0;
P_0x5bd284c91110 .param/l "i" 0 2 6, +C4<00>;
L_0x5bd284cc6900 .functor OR 1, L_0x5bd284cc69d0, L_0x5bd284cc6a70, C4<0>, C4<0>;
v0x5bd284c70410_0 .net *"_ivl_1", 0 0, L_0x5bd284cc69d0;  1 drivers
v0x5bd284c6f860_0 .net *"_ivl_2", 0 0, L_0x5bd284cc6a70;  1 drivers
S_0x5bd284cb0840 .scope generate, "or_gen[1]" "or_gen[1]" 2 6, 2 6 0, S_0x5bd284c29cf0;
 .timescale 0 0;
P_0x5bd284c87780 .param/l "i" 0 2 6, +C4<01>;
L_0x5bd284cc6b60 .functor OR 1, L_0x5bd284cc6c60, L_0x5bd284cc6da0, C4<0>, C4<0>;
v0x5bd284c6ecb0_0 .net *"_ivl_1", 0 0, L_0x5bd284cc6c60;  1 drivers
v0x5bd284c66070_0 .net *"_ivl_2", 0 0, L_0x5bd284cc6da0;  1 drivers
S_0x5bd284cb0b00 .scope generate, "or_gen[2]" "or_gen[2]" 2 6, 2 6 0, S_0x5bd284c29cf0;
 .timescale 0 0;
P_0x5bd284c88f20 .param/l "i" 0 2 6, +C4<010>;
L_0x5bd284cc6f10 .functor OR 1, L_0x5bd284cc6f80, L_0x5bd284cc7070, C4<0>, C4<0>;
v0x5bd284c654c0_0 .net *"_ivl_1", 0 0, L_0x5bd284cc6f80;  1 drivers
v0x5bd284c64910_0 .net *"_ivl_2", 0 0, L_0x5bd284cc7070;  1 drivers
S_0x5bd284cb0dd0 .scope generate, "or_gen[3]" "or_gen[3]" 2 6, 2 6 0, S_0x5bd284c29cf0;
 .timescale 0 0;
P_0x5bd284c8a6c0 .param/l "i" 0 2 6, +C4<011>;
L_0x5bd284cc71a0 .functor OR 1, L_0x5bd284cc7210, L_0x5bd284cc7300, C4<0>, C4<0>;
v0x5bd284c61830_0 .net *"_ivl_1", 0 0, L_0x5bd284cc7210;  1 drivers
v0x5bd284cb1050_0 .net *"_ivl_2", 0 0, L_0x5bd284cc7300;  1 drivers
S_0x5bd284cb1130 .scope generate, "or_gen[4]" "or_gen[4]" 2 6, 2 6 0, S_0x5bd284c29cf0;
 .timescale 0 0;
P_0x5bd284cb1330 .param/l "i" 0 2 6, +C4<0100>;
L_0x5bd284cc7480 .functor OR 1, L_0x5bd284cc74f0, L_0x5bd284cc7590, C4<0>, C4<0>;
v0x5bd284cb1410_0 .net *"_ivl_1", 0 0, L_0x5bd284cc74f0;  1 drivers
v0x5bd284cb14f0_0 .net *"_ivl_2", 0 0, L_0x5bd284cc7590;  1 drivers
S_0x5bd284cb15d0 .scope generate, "or_gen[5]" "or_gen[5]" 2 6, 2 6 0, S_0x5bd284c29cf0;
 .timescale 0 0;
P_0x5bd284cb17d0 .param/l "i" 0 2 6, +C4<0101>;
L_0x5bd284cc76e0 .functor OR 1, L_0x5bd284cc7780, L_0x5bd284cc7820, C4<0>, C4<0>;
v0x5bd284cb18b0_0 .net *"_ivl_1", 0 0, L_0x5bd284cc7780;  1 drivers
v0x5bd284cb1990_0 .net *"_ivl_2", 0 0, L_0x5bd284cc7820;  1 drivers
S_0x5bd284cb1a70 .scope generate, "or_gen[6]" "or_gen[6]" 2 6, 2 6 0, S_0x5bd284c29cf0;
 .timescale 0 0;
P_0x5bd284cb1c70 .param/l "i" 0 2 6, +C4<0110>;
L_0x5bd284cc7980 .functor OR 1, L_0x5bd284cc7a20, L_0x5bd284cc7b10, C4<0>, C4<0>;
v0x5bd284cb1d50_0 .net *"_ivl_1", 0 0, L_0x5bd284cc7a20;  1 drivers
v0x5bd284cb1e30_0 .net *"_ivl_2", 0 0, L_0x5bd284cc7b10;  1 drivers
S_0x5bd284cb1f10 .scope generate, "or_gen[7]" "or_gen[7]" 2 6, 2 6 0, S_0x5bd284c29cf0;
 .timescale 0 0;
P_0x5bd284cb2110 .param/l "i" 0 2 6, +C4<0111>;
L_0x5bd284cc7910 .functor OR 1, L_0x5bd284cc7cb0, L_0x5bd284cc7da0, C4<0>, C4<0>;
v0x5bd284cb21f0_0 .net *"_ivl_1", 0 0, L_0x5bd284cc7cb0;  1 drivers
v0x5bd284cb22d0_0 .net *"_ivl_2", 0 0, L_0x5bd284cc7da0;  1 drivers
S_0x5bd284cb23b0 .scope generate, "or_gen[8]" "or_gen[8]" 2 6, 2 6 0, S_0x5bd284c29cf0;
 .timescale 0 0;
P_0x5bd284cb12e0 .param/l "i" 0 2 6, +C4<01000>;
L_0x5bd284cc8030 .functor OR 1, L_0x5bd284cc80d0, L_0x5bd284cc81c0, C4<0>, C4<0>;
v0x5bd284cb2640_0 .net *"_ivl_1", 0 0, L_0x5bd284cc80d0;  1 drivers
v0x5bd284cb2720_0 .net *"_ivl_2", 0 0, L_0x5bd284cc81c0;  1 drivers
S_0x5bd284cb2800 .scope generate, "or_gen[9]" "or_gen[9]" 2 6, 2 6 0, S_0x5bd284c29cf0;
 .timescale 0 0;
P_0x5bd284cb2a00 .param/l "i" 0 2 6, +C4<01001>;
L_0x5bd284cc8350 .functor OR 1, L_0x5bd284cc83f0, L_0x5bd284cc84e0, C4<0>, C4<0>;
v0x5bd284cb2ae0_0 .net *"_ivl_1", 0 0, L_0x5bd284cc83f0;  1 drivers
v0x5bd284cb2bc0_0 .net *"_ivl_2", 0 0, L_0x5bd284cc84e0;  1 drivers
S_0x5bd284cb2ca0 .scope generate, "or_gen[10]" "or_gen[10]" 2 6, 2 6 0, S_0x5bd284c29cf0;
 .timescale 0 0;
P_0x5bd284cb2ea0 .param/l "i" 0 2 6, +C4<01010>;
L_0x5bd284cc8680 .functor OR 1, L_0x5bd284cc82b0, L_0x5bd284cc8770, C4<0>, C4<0>;
v0x5bd284cb2f80_0 .net *"_ivl_1", 0 0, L_0x5bd284cc82b0;  1 drivers
v0x5bd284cb3060_0 .net *"_ivl_2", 0 0, L_0x5bd284cc8770;  1 drivers
S_0x5bd284cb3140 .scope generate, "or_gen[11]" "or_gen[11]" 2 6, 2 6 0, S_0x5bd284c29cf0;
 .timescale 0 0;
P_0x5bd284cb3340 .param/l "i" 0 2 6, +C4<01011>;
L_0x5bd284cc8920 .functor OR 1, L_0x5bd284cc89c0, L_0x5bd284cc8ab0, C4<0>, C4<0>;
v0x5bd284cb3420_0 .net *"_ivl_1", 0 0, L_0x5bd284cc89c0;  1 drivers
v0x5bd284cb3500_0 .net *"_ivl_2", 0 0, L_0x5bd284cc8ab0;  1 drivers
S_0x5bd284cb35e0 .scope generate, "or_gen[12]" "or_gen[12]" 2 6, 2 6 0, S_0x5bd284c29cf0;
 .timescale 0 0;
P_0x5bd284cb37e0 .param/l "i" 0 2 6, +C4<01100>;
L_0x5bd284cc8c70 .functor OR 1, L_0x5bd284cc8d10, L_0x5bd284cc8e00, C4<0>, C4<0>;
v0x5bd284cb38c0_0 .net *"_ivl_1", 0 0, L_0x5bd284cc8d10;  1 drivers
v0x5bd284cb39a0_0 .net *"_ivl_2", 0 0, L_0x5bd284cc8e00;  1 drivers
S_0x5bd284cb3a80 .scope generate, "or_gen[13]" "or_gen[13]" 2 6, 2 6 0, S_0x5bd284c29cf0;
 .timescale 0 0;
P_0x5bd284cb3c80 .param/l "i" 0 2 6, +C4<01101>;
L_0x5bd284cc8fd0 .functor OR 1, L_0x5bd284cc9070, L_0x5bd284cc9160, C4<0>, C4<0>;
v0x5bd284cb3d60_0 .net *"_ivl_1", 0 0, L_0x5bd284cc9070;  1 drivers
v0x5bd284cb3e40_0 .net *"_ivl_2", 0 0, L_0x5bd284cc9160;  1 drivers
S_0x5bd284cb3f20 .scope generate, "or_gen[14]" "or_gen[14]" 2 6, 2 6 0, S_0x5bd284c29cf0;
 .timescale 0 0;
P_0x5bd284cb4120 .param/l "i" 0 2 6, +C4<01110>;
L_0x5bd284cc9340 .functor OR 1, L_0x5bd284cc93e0, L_0x5bd284cc94d0, C4<0>, C4<0>;
v0x5bd284cb4200_0 .net *"_ivl_1", 0 0, L_0x5bd284cc93e0;  1 drivers
v0x5bd284cb42e0_0 .net *"_ivl_2", 0 0, L_0x5bd284cc94d0;  1 drivers
S_0x5bd284cb43c0 .scope generate, "or_gen[15]" "or_gen[15]" 2 6, 2 6 0, S_0x5bd284c29cf0;
 .timescale 0 0;
P_0x5bd284cb45c0 .param/l "i" 0 2 6, +C4<01111>;
L_0x5bd284cc96c0 .functor OR 1, L_0x5bd284cc9760, L_0x5bd284cc9850, C4<0>, C4<0>;
v0x5bd284cb46a0_0 .net *"_ivl_1", 0 0, L_0x5bd284cc9760;  1 drivers
v0x5bd284cb4780_0 .net *"_ivl_2", 0 0, L_0x5bd284cc9850;  1 drivers
S_0x5bd284cb4860 .scope generate, "or_gen[16]" "or_gen[16]" 2 6, 2 6 0, S_0x5bd284c29cf0;
 .timescale 0 0;
P_0x5bd284cb4b70 .param/l "i" 0 2 6, +C4<010000>;
L_0x5bd284cc9c60 .functor OR 1, L_0x5bd284cc9d00, L_0x5bd284cc9df0, C4<0>, C4<0>;
v0x5bd284cb4c50_0 .net *"_ivl_1", 0 0, L_0x5bd284cc9d00;  1 drivers
v0x5bd284cb4d30_0 .net *"_ivl_2", 0 0, L_0x5bd284cc9df0;  1 drivers
S_0x5bd284cb4e10 .scope generate, "or_gen[17]" "or_gen[17]" 2 6, 2 6 0, S_0x5bd284c29cf0;
 .timescale 0 0;
P_0x5bd284cb5010 .param/l "i" 0 2 6, +C4<010001>;
L_0x5bd284cca000 .functor OR 1, L_0x5bd284cca0a0, L_0x5bd284cca190, C4<0>, C4<0>;
v0x5bd284cb50f0_0 .net *"_ivl_1", 0 0, L_0x5bd284cca0a0;  1 drivers
v0x5bd284cb51d0_0 .net *"_ivl_2", 0 0, L_0x5bd284cca190;  1 drivers
S_0x5bd284cb52b0 .scope generate, "or_gen[18]" "or_gen[18]" 2 6, 2 6 0, S_0x5bd284c29cf0;
 .timescale 0 0;
P_0x5bd284cb54b0 .param/l "i" 0 2 6, +C4<010010>;
L_0x5bd284cca3b0 .functor OR 1, L_0x5bd284cca450, L_0x5bd284cca540, C4<0>, C4<0>;
v0x5bd284cb5590_0 .net *"_ivl_1", 0 0, L_0x5bd284cca450;  1 drivers
v0x5bd284cb5670_0 .net *"_ivl_2", 0 0, L_0x5bd284cca540;  1 drivers
S_0x5bd284cb5750 .scope generate, "or_gen[19]" "or_gen[19]" 2 6, 2 6 0, S_0x5bd284c29cf0;
 .timescale 0 0;
P_0x5bd284cb5950 .param/l "i" 0 2 6, +C4<010011>;
L_0x5bd284cca770 .functor OR 1, L_0x5bd284cca810, L_0x5bd284cca900, C4<0>, C4<0>;
v0x5bd284cb5a30_0 .net *"_ivl_1", 0 0, L_0x5bd284cca810;  1 drivers
v0x5bd284cb5b10_0 .net *"_ivl_2", 0 0, L_0x5bd284cca900;  1 drivers
S_0x5bd284cb5bf0 .scope generate, "or_gen[20]" "or_gen[20]" 2 6, 2 6 0, S_0x5bd284c29cf0;
 .timescale 0 0;
P_0x5bd284cb5df0 .param/l "i" 0 2 6, +C4<010100>;
L_0x5bd284ccab40 .functor OR 1, L_0x5bd284ccabe0, L_0x5bd284ccacd0, C4<0>, C4<0>;
v0x5bd284cb5ed0_0 .net *"_ivl_1", 0 0, L_0x5bd284ccabe0;  1 drivers
v0x5bd284cb5fb0_0 .net *"_ivl_2", 0 0, L_0x5bd284ccacd0;  1 drivers
S_0x5bd284cb6090 .scope generate, "or_gen[21]" "or_gen[21]" 2 6, 2 6 0, S_0x5bd284c29cf0;
 .timescale 0 0;
P_0x5bd284cb6290 .param/l "i" 0 2 6, +C4<010101>;
L_0x5bd284ccaf20 .functor OR 1, L_0x5bd284ccafc0, L_0x5bd284ccb0b0, C4<0>, C4<0>;
v0x5bd284cb6370_0 .net *"_ivl_1", 0 0, L_0x5bd284ccafc0;  1 drivers
v0x5bd284cb6450_0 .net *"_ivl_2", 0 0, L_0x5bd284ccb0b0;  1 drivers
S_0x5bd284cb6530 .scope generate, "or_gen[22]" "or_gen[22]" 2 6, 2 6 0, S_0x5bd284c29cf0;
 .timescale 0 0;
P_0x5bd284cb6730 .param/l "i" 0 2 6, +C4<010110>;
L_0x5bd284ccb310 .functor OR 1, L_0x5bd284ccb3b0, L_0x5bd284ccb4a0, C4<0>, C4<0>;
v0x5bd284cb6810_0 .net *"_ivl_1", 0 0, L_0x5bd284ccb3b0;  1 drivers
v0x5bd284cb68f0_0 .net *"_ivl_2", 0 0, L_0x5bd284ccb4a0;  1 drivers
S_0x5bd284cb69d0 .scope generate, "or_gen[23]" "or_gen[23]" 2 6, 2 6 0, S_0x5bd284c29cf0;
 .timescale 0 0;
P_0x5bd284cb6bd0 .param/l "i" 0 2 6, +C4<010111>;
L_0x5bd284ccb710 .functor OR 1, L_0x5bd284ccb7b0, L_0x5bd284ccb8a0, C4<0>, C4<0>;
v0x5bd284cb6cb0_0 .net *"_ivl_1", 0 0, L_0x5bd284ccb7b0;  1 drivers
v0x5bd284cb6d90_0 .net *"_ivl_2", 0 0, L_0x5bd284ccb8a0;  1 drivers
S_0x5bd284cb6e70 .scope generate, "or_gen[24]" "or_gen[24]" 2 6, 2 6 0, S_0x5bd284c29cf0;
 .timescale 0 0;
P_0x5bd284cb7070 .param/l "i" 0 2 6, +C4<011000>;
L_0x5bd284ccbb20 .functor OR 1, L_0x5bd284ccbbc0, L_0x5bd284ccbcb0, C4<0>, C4<0>;
v0x5bd284cb7150_0 .net *"_ivl_1", 0 0, L_0x5bd284ccbbc0;  1 drivers
v0x5bd284cb7230_0 .net *"_ivl_2", 0 0, L_0x5bd284ccbcb0;  1 drivers
S_0x5bd284cb7310 .scope generate, "or_gen[25]" "or_gen[25]" 2 6, 2 6 0, S_0x5bd284c29cf0;
 .timescale 0 0;
P_0x5bd284cb7510 .param/l "i" 0 2 6, +C4<011001>;
L_0x5bd284ccbf40 .functor OR 1, L_0x5bd284ccbfe0, L_0x5bd284ccc0d0, C4<0>, C4<0>;
v0x5bd284cb75f0_0 .net *"_ivl_1", 0 0, L_0x5bd284ccbfe0;  1 drivers
v0x5bd284cb76d0_0 .net *"_ivl_2", 0 0, L_0x5bd284ccc0d0;  1 drivers
S_0x5bd284cb77b0 .scope generate, "or_gen[26]" "or_gen[26]" 2 6, 2 6 0, S_0x5bd284c29cf0;
 .timescale 0 0;
P_0x5bd284cb79b0 .param/l "i" 0 2 6, +C4<011010>;
L_0x5bd284ccc370 .functor OR 1, L_0x5bd284ccc410, L_0x5bd284ccc500, C4<0>, C4<0>;
v0x5bd284cb7a90_0 .net *"_ivl_1", 0 0, L_0x5bd284ccc410;  1 drivers
v0x5bd284cb7b70_0 .net *"_ivl_2", 0 0, L_0x5bd284ccc500;  1 drivers
S_0x5bd284cb7c50 .scope generate, "or_gen[27]" "or_gen[27]" 2 6, 2 6 0, S_0x5bd284c29cf0;
 .timescale 0 0;
P_0x5bd284cb7e50 .param/l "i" 0 2 6, +C4<011011>;
L_0x5bd284ccc7b0 .functor OR 1, L_0x5bd284ccc850, L_0x5bd284ccc940, C4<0>, C4<0>;
v0x5bd284cb7f30_0 .net *"_ivl_1", 0 0, L_0x5bd284ccc850;  1 drivers
v0x5bd284cb8010_0 .net *"_ivl_2", 0 0, L_0x5bd284ccc940;  1 drivers
S_0x5bd284cb80f0 .scope generate, "or_gen[28]" "or_gen[28]" 2 6, 2 6 0, S_0x5bd284c29cf0;
 .timescale 0 0;
P_0x5bd284cb82f0 .param/l "i" 0 2 6, +C4<011100>;
L_0x5bd284cccc00 .functor OR 1, L_0x5bd284cccca0, L_0x5bd284cccd90, C4<0>, C4<0>;
v0x5bd284cb83d0_0 .net *"_ivl_1", 0 0, L_0x5bd284cccca0;  1 drivers
v0x5bd284cb84b0_0 .net *"_ivl_2", 0 0, L_0x5bd284cccd90;  1 drivers
S_0x5bd284cb8590 .scope generate, "or_gen[29]" "or_gen[29]" 2 6, 2 6 0, S_0x5bd284c29cf0;
 .timescale 0 0;
P_0x5bd284cb8790 .param/l "i" 0 2 6, +C4<011101>;
L_0x5bd284ccd060 .functor OR 1, L_0x5bd284ccd100, L_0x5bd284ccd1f0, C4<0>, C4<0>;
v0x5bd284cb8870_0 .net *"_ivl_1", 0 0, L_0x5bd284ccd100;  1 drivers
v0x5bd284cb8950_0 .net *"_ivl_2", 0 0, L_0x5bd284ccd1f0;  1 drivers
S_0x5bd284cb8a30 .scope generate, "or_gen[30]" "or_gen[30]" 2 6, 2 6 0, S_0x5bd284c29cf0;
 .timescale 0 0;
P_0x5bd284cb8c30 .param/l "i" 0 2 6, +C4<011110>;
L_0x5bd284ccd4d0 .functor OR 1, L_0x5bd284ccd570, L_0x5bd284ccd660, C4<0>, C4<0>;
v0x5bd284cb8d10_0 .net *"_ivl_1", 0 0, L_0x5bd284ccd570;  1 drivers
v0x5bd284cb8df0_0 .net *"_ivl_2", 0 0, L_0x5bd284ccd660;  1 drivers
S_0x5bd284cb8ed0 .scope generate, "or_gen[31]" "or_gen[31]" 2 6, 2 6 0, S_0x5bd284c29cf0;
 .timescale 0 0;
P_0x5bd284cb90d0 .param/l "i" 0 2 6, +C4<011111>;
L_0x5bd284ccd950 .functor OR 1, L_0x5bd284ccd9f0, L_0x5bd284ccdef0, C4<0>, C4<0>;
v0x5bd284cb91b0_0 .net *"_ivl_1", 0 0, L_0x5bd284ccd9f0;  1 drivers
v0x5bd284cb9290_0 .net *"_ivl_2", 0 0, L_0x5bd284ccdef0;  1 drivers
S_0x5bd284cb9370 .scope generate, "or_gen[32]" "or_gen[32]" 2 6, 2 6 0, S_0x5bd284c29cf0;
 .timescale 0 0;
P_0x5bd284cb9570 .param/l "i" 0 2 6, +C4<0100000>;
L_0x5bd284cce600 .functor OR 1, L_0x5bd284cce670, L_0x5bd284cce760, C4<0>, C4<0>;
v0x5bd284cb9630_0 .net *"_ivl_1", 0 0, L_0x5bd284cce670;  1 drivers
v0x5bd284cb9730_0 .net *"_ivl_2", 0 0, L_0x5bd284cce760;  1 drivers
S_0x5bd284cb9810 .scope generate, "or_gen[33]" "or_gen[33]" 2 6, 2 6 0, S_0x5bd284c29cf0;
 .timescale 0 0;
P_0x5bd284cb9a10 .param/l "i" 0 2 6, +C4<0100001>;
L_0x5bd284ccea70 .functor OR 1, L_0x5bd284cceb40, L_0x5bd284ccec30, C4<0>, C4<0>;
v0x5bd284cb9ad0_0 .net *"_ivl_1", 0 0, L_0x5bd284cceb40;  1 drivers
v0x5bd284cb9bd0_0 .net *"_ivl_2", 0 0, L_0x5bd284ccec30;  1 drivers
S_0x5bd284cb9cb0 .scope generate, "or_gen[34]" "or_gen[34]" 2 6, 2 6 0, S_0x5bd284c29cf0;
 .timescale 0 0;
P_0x5bd284cb9eb0 .param/l "i" 0 2 6, +C4<0100010>;
L_0x5bd284ccef50 .functor OR 1, L_0x5bd284cceff0, L_0x5bd284ccf0e0, C4<0>, C4<0>;
v0x5bd284cb9f70_0 .net *"_ivl_1", 0 0, L_0x5bd284cceff0;  1 drivers
v0x5bd284cba070_0 .net *"_ivl_2", 0 0, L_0x5bd284ccf0e0;  1 drivers
S_0x5bd284cba150 .scope generate, "or_gen[35]" "or_gen[35]" 2 6, 2 6 0, S_0x5bd284c29cf0;
 .timescale 0 0;
P_0x5bd284cba350 .param/l "i" 0 2 6, +C4<0100011>;
L_0x5bd284ccf410 .functor OR 1, L_0x5bd284ccf4b0, L_0x5bd284ccf5a0, C4<0>, C4<0>;
v0x5bd284cba410_0 .net *"_ivl_1", 0 0, L_0x5bd284ccf4b0;  1 drivers
v0x5bd284cba510_0 .net *"_ivl_2", 0 0, L_0x5bd284ccf5a0;  1 drivers
S_0x5bd284cba5f0 .scope generate, "or_gen[36]" "or_gen[36]" 2 6, 2 6 0, S_0x5bd284c29cf0;
 .timescale 0 0;
P_0x5bd284cba7f0 .param/l "i" 0 2 6, +C4<0100100>;
L_0x5bd284ccf8e0 .functor OR 1, L_0x5bd284ccf980, L_0x5bd284ccfa70, C4<0>, C4<0>;
v0x5bd284cba8b0_0 .net *"_ivl_1", 0 0, L_0x5bd284ccf980;  1 drivers
v0x5bd284cba9b0_0 .net *"_ivl_2", 0 0, L_0x5bd284ccfa70;  1 drivers
S_0x5bd284cbaa90 .scope generate, "or_gen[37]" "or_gen[37]" 2 6, 2 6 0, S_0x5bd284c29cf0;
 .timescale 0 0;
P_0x5bd284cbac90 .param/l "i" 0 2 6, +C4<0100101>;
L_0x5bd284ccfdc0 .functor OR 1, L_0x5bd284ccfe60, L_0x5bd284ccff50, C4<0>, C4<0>;
v0x5bd284cbad50_0 .net *"_ivl_1", 0 0, L_0x5bd284ccfe60;  1 drivers
v0x5bd284cbae50_0 .net *"_ivl_2", 0 0, L_0x5bd284ccff50;  1 drivers
S_0x5bd284cbaf30 .scope generate, "or_gen[38]" "or_gen[38]" 2 6, 2 6 0, S_0x5bd284c29cf0;
 .timescale 0 0;
P_0x5bd284cbb130 .param/l "i" 0 2 6, +C4<0100110>;
L_0x5bd284cd02b0 .functor OR 1, L_0x5bd284cd0350, L_0x5bd284cd0440, C4<0>, C4<0>;
v0x5bd284cbb1f0_0 .net *"_ivl_1", 0 0, L_0x5bd284cd0350;  1 drivers
v0x5bd284cbb2f0_0 .net *"_ivl_2", 0 0, L_0x5bd284cd0440;  1 drivers
S_0x5bd284cbb3d0 .scope generate, "or_gen[39]" "or_gen[39]" 2 6, 2 6 0, S_0x5bd284c29cf0;
 .timescale 0 0;
P_0x5bd284cbb5d0 .param/l "i" 0 2 6, +C4<0100111>;
L_0x5bd284cd07b0 .functor OR 1, L_0x5bd284cd0850, L_0x5bd284cd0940, C4<0>, C4<0>;
v0x5bd284cbb690_0 .net *"_ivl_1", 0 0, L_0x5bd284cd0850;  1 drivers
v0x5bd284cbb790_0 .net *"_ivl_2", 0 0, L_0x5bd284cd0940;  1 drivers
S_0x5bd284cbb870 .scope generate, "or_gen[40]" "or_gen[40]" 2 6, 2 6 0, S_0x5bd284c29cf0;
 .timescale 0 0;
P_0x5bd284cbba70 .param/l "i" 0 2 6, +C4<0101000>;
L_0x5bd284cd0cc0 .functor OR 1, L_0x5bd284cd0d60, L_0x5bd284cd0e50, C4<0>, C4<0>;
v0x5bd284cbbb30_0 .net *"_ivl_1", 0 0, L_0x5bd284cd0d60;  1 drivers
v0x5bd284cbbc30_0 .net *"_ivl_2", 0 0, L_0x5bd284cd0e50;  1 drivers
S_0x5bd284cbbd10 .scope generate, "or_gen[41]" "or_gen[41]" 2 6, 2 6 0, S_0x5bd284c29cf0;
 .timescale 0 0;
P_0x5bd284cbbf10 .param/l "i" 0 2 6, +C4<0101001>;
L_0x5bd284cd11e0 .functor OR 1, L_0x5bd284cd1280, L_0x5bd284cd1370, C4<0>, C4<0>;
v0x5bd284cbbfd0_0 .net *"_ivl_1", 0 0, L_0x5bd284cd1280;  1 drivers
v0x5bd284cbc0d0_0 .net *"_ivl_2", 0 0, L_0x5bd284cd1370;  1 drivers
S_0x5bd284cbc1b0 .scope generate, "or_gen[42]" "or_gen[42]" 2 6, 2 6 0, S_0x5bd284c29cf0;
 .timescale 0 0;
P_0x5bd284cbc3b0 .param/l "i" 0 2 6, +C4<0101010>;
L_0x5bd284cd1710 .functor OR 1, L_0x5bd284cd17b0, L_0x5bd284cd18a0, C4<0>, C4<0>;
v0x5bd284cbc470_0 .net *"_ivl_1", 0 0, L_0x5bd284cd17b0;  1 drivers
v0x5bd284cbc570_0 .net *"_ivl_2", 0 0, L_0x5bd284cd18a0;  1 drivers
S_0x5bd284cbc650 .scope generate, "or_gen[43]" "or_gen[43]" 2 6, 2 6 0, S_0x5bd284c29cf0;
 .timescale 0 0;
P_0x5bd284cbc850 .param/l "i" 0 2 6, +C4<0101011>;
L_0x5bd284cd1c50 .functor OR 1, L_0x5bd284cd1cf0, L_0x5bd284cd1de0, C4<0>, C4<0>;
v0x5bd284cbc910_0 .net *"_ivl_1", 0 0, L_0x5bd284cd1cf0;  1 drivers
v0x5bd284cbca10_0 .net *"_ivl_2", 0 0, L_0x5bd284cd1de0;  1 drivers
S_0x5bd284cbcaf0 .scope generate, "or_gen[44]" "or_gen[44]" 2 6, 2 6 0, S_0x5bd284c29cf0;
 .timescale 0 0;
P_0x5bd284cbccf0 .param/l "i" 0 2 6, +C4<0101100>;
L_0x5bd284cd21a0 .functor OR 1, L_0x5bd284cd2240, L_0x5bd284cd2330, C4<0>, C4<0>;
v0x5bd284cbcdb0_0 .net *"_ivl_1", 0 0, L_0x5bd284cd2240;  1 drivers
v0x5bd284cbceb0_0 .net *"_ivl_2", 0 0, L_0x5bd284cd2330;  1 drivers
S_0x5bd284cbcf90 .scope generate, "or_gen[45]" "or_gen[45]" 2 6, 2 6 0, S_0x5bd284c29cf0;
 .timescale 0 0;
P_0x5bd284cbd190 .param/l "i" 0 2 6, +C4<0101101>;
L_0x5bd284cd2700 .functor OR 1, L_0x5bd284cd27a0, L_0x5bd284cd2890, C4<0>, C4<0>;
v0x5bd284cbd250_0 .net *"_ivl_1", 0 0, L_0x5bd284cd27a0;  1 drivers
v0x5bd284cbd350_0 .net *"_ivl_2", 0 0, L_0x5bd284cd2890;  1 drivers
S_0x5bd284cbd430 .scope generate, "or_gen[46]" "or_gen[46]" 2 6, 2 6 0, S_0x5bd284c29cf0;
 .timescale 0 0;
P_0x5bd284cbd630 .param/l "i" 0 2 6, +C4<0101110>;
L_0x5bd284cd2c70 .functor OR 1, L_0x5bd284cd2d10, L_0x5bd284cd2e00, C4<0>, C4<0>;
v0x5bd284cbd6f0_0 .net *"_ivl_1", 0 0, L_0x5bd284cd2d10;  1 drivers
v0x5bd284cbd7f0_0 .net *"_ivl_2", 0 0, L_0x5bd284cd2e00;  1 drivers
S_0x5bd284cbd8d0 .scope generate, "or_gen[47]" "or_gen[47]" 2 6, 2 6 0, S_0x5bd284c29cf0;
 .timescale 0 0;
P_0x5bd284cbdad0 .param/l "i" 0 2 6, +C4<0101111>;
L_0x5bd284cd31f0 .functor OR 1, L_0x5bd284cd3290, L_0x5bd284cd3380, C4<0>, C4<0>;
v0x5bd284cbdb90_0 .net *"_ivl_1", 0 0, L_0x5bd284cd3290;  1 drivers
v0x5bd284cbdc90_0 .net *"_ivl_2", 0 0, L_0x5bd284cd3380;  1 drivers
S_0x5bd284cbdd70 .scope generate, "or_gen[48]" "or_gen[48]" 2 6, 2 6 0, S_0x5bd284c29cf0;
 .timescale 0 0;
P_0x5bd284cbdf70 .param/l "i" 0 2 6, +C4<0110000>;
L_0x5bd284cd3780 .functor OR 1, L_0x5bd284cd3820, L_0x5bd284cd3910, C4<0>, C4<0>;
v0x5bd284cbe030_0 .net *"_ivl_1", 0 0, L_0x5bd284cd3820;  1 drivers
v0x5bd284cbe130_0 .net *"_ivl_2", 0 0, L_0x5bd284cd3910;  1 drivers
S_0x5bd284cbe210 .scope generate, "or_gen[49]" "or_gen[49]" 2 6, 2 6 0, S_0x5bd284c29cf0;
 .timescale 0 0;
P_0x5bd284cbe410 .param/l "i" 0 2 6, +C4<0110001>;
L_0x5bd284cd3d20 .functor OR 1, L_0x5bd284cd3dc0, L_0x5bd284cd3eb0, C4<0>, C4<0>;
v0x5bd284cbe4d0_0 .net *"_ivl_1", 0 0, L_0x5bd284cd3dc0;  1 drivers
v0x5bd284cbe5d0_0 .net *"_ivl_2", 0 0, L_0x5bd284cd3eb0;  1 drivers
S_0x5bd284cbe6b0 .scope generate, "or_gen[50]" "or_gen[50]" 2 6, 2 6 0, S_0x5bd284c29cf0;
 .timescale 0 0;
P_0x5bd284cbe8b0 .param/l "i" 0 2 6, +C4<0110010>;
L_0x5bd284cd42d0 .functor OR 1, L_0x5bd284cd4370, L_0x5bd284cd4460, C4<0>, C4<0>;
v0x5bd284cbe970_0 .net *"_ivl_1", 0 0, L_0x5bd284cd4370;  1 drivers
v0x5bd284cbea70_0 .net *"_ivl_2", 0 0, L_0x5bd284cd4460;  1 drivers
S_0x5bd284cbeb50 .scope generate, "or_gen[51]" "or_gen[51]" 2 6, 2 6 0, S_0x5bd284c29cf0;
 .timescale 0 0;
P_0x5bd284cbed50 .param/l "i" 0 2 6, +C4<0110011>;
L_0x5bd284cd4890 .functor OR 1, L_0x5bd284cd4930, L_0x5bd284cd4a20, C4<0>, C4<0>;
v0x5bd284cbee10_0 .net *"_ivl_1", 0 0, L_0x5bd284cd4930;  1 drivers
v0x5bd284cbef10_0 .net *"_ivl_2", 0 0, L_0x5bd284cd4a20;  1 drivers
S_0x5bd284cbeff0 .scope generate, "or_gen[52]" "or_gen[52]" 2 6, 2 6 0, S_0x5bd284c29cf0;
 .timescale 0 0;
P_0x5bd284cbf1f0 .param/l "i" 0 2 6, +C4<0110100>;
L_0x5bd284cd4e60 .functor OR 1, L_0x5bd284cd4f00, L_0x5bd284cd4ff0, C4<0>, C4<0>;
v0x5bd284cbf2b0_0 .net *"_ivl_1", 0 0, L_0x5bd284cd4f00;  1 drivers
v0x5bd284cbf3b0_0 .net *"_ivl_2", 0 0, L_0x5bd284cd4ff0;  1 drivers
S_0x5bd284cbf490 .scope generate, "or_gen[53]" "or_gen[53]" 2 6, 2 6 0, S_0x5bd284c29cf0;
 .timescale 0 0;
P_0x5bd284cbf690 .param/l "i" 0 2 6, +C4<0110101>;
L_0x5bd284cd5440 .functor OR 1, L_0x5bd284cd54e0, L_0x5bd284cd55d0, C4<0>, C4<0>;
v0x5bd284cbf750_0 .net *"_ivl_1", 0 0, L_0x5bd284cd54e0;  1 drivers
v0x5bd284cbf850_0 .net *"_ivl_2", 0 0, L_0x5bd284cd55d0;  1 drivers
S_0x5bd284cbf930 .scope generate, "or_gen[54]" "or_gen[54]" 2 6, 2 6 0, S_0x5bd284c29cf0;
 .timescale 0 0;
P_0x5bd284cbfb30 .param/l "i" 0 2 6, +C4<0110110>;
L_0x5bd284cd5a30 .functor OR 1, L_0x5bd284cd5ad0, L_0x5bd284cd5bc0, C4<0>, C4<0>;
v0x5bd284cbfbf0_0 .net *"_ivl_1", 0 0, L_0x5bd284cd5ad0;  1 drivers
v0x5bd284cbfcf0_0 .net *"_ivl_2", 0 0, L_0x5bd284cd5bc0;  1 drivers
S_0x5bd284cbfdd0 .scope generate, "or_gen[55]" "or_gen[55]" 2 6, 2 6 0, S_0x5bd284c29cf0;
 .timescale 0 0;
P_0x5bd284cbffd0 .param/l "i" 0 2 6, +C4<0110111>;
L_0x5bd284cd6030 .functor OR 1, L_0x5bd284cd60d0, L_0x5bd284cd61c0, C4<0>, C4<0>;
v0x5bd284cc0090_0 .net *"_ivl_1", 0 0, L_0x5bd284cd60d0;  1 drivers
v0x5bd284cc0190_0 .net *"_ivl_2", 0 0, L_0x5bd284cd61c0;  1 drivers
S_0x5bd284cc0270 .scope generate, "or_gen[56]" "or_gen[56]" 2 6, 2 6 0, S_0x5bd284c29cf0;
 .timescale 0 0;
P_0x5bd284cc0470 .param/l "i" 0 2 6, +C4<0111000>;
L_0x5bd284cd6640 .functor OR 1, L_0x5bd284cd66e0, L_0x5bd284cd67d0, C4<0>, C4<0>;
v0x5bd284cc0530_0 .net *"_ivl_1", 0 0, L_0x5bd284cd66e0;  1 drivers
v0x5bd284cc0630_0 .net *"_ivl_2", 0 0, L_0x5bd284cd67d0;  1 drivers
S_0x5bd284cc0710 .scope generate, "or_gen[57]" "or_gen[57]" 2 6, 2 6 0, S_0x5bd284c29cf0;
 .timescale 0 0;
P_0x5bd284cc0910 .param/l "i" 0 2 6, +C4<0111001>;
L_0x5bd284cd6c60 .functor OR 1, L_0x5bd284cd6d00, L_0x5bd284cd6df0, C4<0>, C4<0>;
v0x5bd284cc09d0_0 .net *"_ivl_1", 0 0, L_0x5bd284cd6d00;  1 drivers
v0x5bd284cc0ad0_0 .net *"_ivl_2", 0 0, L_0x5bd284cd6df0;  1 drivers
S_0x5bd284cc0bb0 .scope generate, "or_gen[58]" "or_gen[58]" 2 6, 2 6 0, S_0x5bd284c29cf0;
 .timescale 0 0;
P_0x5bd284cc0db0 .param/l "i" 0 2 6, +C4<0111010>;
L_0x5bd284cd7290 .functor OR 1, L_0x5bd284cd7330, L_0x5bd284cd7420, C4<0>, C4<0>;
v0x5bd284cc0e70_0 .net *"_ivl_1", 0 0, L_0x5bd284cd7330;  1 drivers
v0x5bd284cc0f70_0 .net *"_ivl_2", 0 0, L_0x5bd284cd7420;  1 drivers
S_0x5bd284cc1050 .scope generate, "or_gen[59]" "or_gen[59]" 2 6, 2 6 0, S_0x5bd284c29cf0;
 .timescale 0 0;
P_0x5bd284cc1250 .param/l "i" 0 2 6, +C4<0111011>;
L_0x5bd284cd78d0 .functor OR 1, L_0x5bd284cd7970, L_0x5bd284cd7a60, C4<0>, C4<0>;
v0x5bd284cc1310_0 .net *"_ivl_1", 0 0, L_0x5bd284cd7970;  1 drivers
v0x5bd284cc1410_0 .net *"_ivl_2", 0 0, L_0x5bd284cd7a60;  1 drivers
S_0x5bd284cc14f0 .scope generate, "or_gen[60]" "or_gen[60]" 2 6, 2 6 0, S_0x5bd284c29cf0;
 .timescale 0 0;
P_0x5bd284cc16f0 .param/l "i" 0 2 6, +C4<0111100>;
L_0x5bd284cd7f20 .functor OR 1, L_0x5bd284cd7fc0, L_0x5bd284cd80b0, C4<0>, C4<0>;
v0x5bd284cc17b0_0 .net *"_ivl_1", 0 0, L_0x5bd284cd7fc0;  1 drivers
v0x5bd284cc18b0_0 .net *"_ivl_2", 0 0, L_0x5bd284cd80b0;  1 drivers
S_0x5bd284cc1990 .scope generate, "or_gen[61]" "or_gen[61]" 2 6, 2 6 0, S_0x5bd284c29cf0;
 .timescale 0 0;
P_0x5bd284cc1b90 .param/l "i" 0 2 6, +C4<0111101>;
L_0x5bd284cd8580 .functor OR 1, L_0x5bd284cd8620, L_0x5bd284cd8710, C4<0>, C4<0>;
v0x5bd284cc1c50_0 .net *"_ivl_1", 0 0, L_0x5bd284cd8620;  1 drivers
v0x5bd284cc1d50_0 .net *"_ivl_2", 0 0, L_0x5bd284cd8710;  1 drivers
S_0x5bd284cc1e30 .scope generate, "or_gen[62]" "or_gen[62]" 2 6, 2 6 0, S_0x5bd284c29cf0;
 .timescale 0 0;
P_0x5bd284cc2030 .param/l "i" 0 2 6, +C4<0111110>;
L_0x5bd284cd8bf0 .functor OR 1, L_0x5bd284cd8c90, L_0x5bd284cd8d80, C4<0>, C4<0>;
v0x5bd284cc20f0_0 .net *"_ivl_1", 0 0, L_0x5bd284cd8c90;  1 drivers
v0x5bd284cc21f0_0 .net *"_ivl_2", 0 0, L_0x5bd284cd8d80;  1 drivers
S_0x5bd284cc22d0 .scope generate, "or_gen[63]" "or_gen[63]" 2 6, 2 6 0, S_0x5bd284c29cf0;
 .timescale 0 0;
P_0x5bd284cc24d0 .param/l "i" 0 2 6, +C4<0111111>;
L_0x5bd284cda6c0 .functor OR 1, L_0x5bd284cda780, L_0x5bd284cdb490, C4<0>, C4<0>;
v0x5bd284cc2590_0 .net *"_ivl_1", 0 0, L_0x5bd284cda780;  1 drivers
v0x5bd284cc2690_0 .net *"_ivl_2", 0 0, L_0x5bd284cdb490;  1 drivers
# The file index is used to find the file name in the following table.
:file_names 3;
    "N/A";
    "<interactive>";
    "or.v";
