#! /usr/bin/vvp
:ivl_version "11.0 (stable)";
:ivl_delay_selection "TYPICAL";
:vpi_time_precision + 0;
:vpi_module "/usr/lib/x86_64-linux-gnu/ivl/system.vpi";
:vpi_module "/usr/lib/x86_64-linux-gnu/ivl/vhdl_sys.vpi";
:vpi_module "/usr/lib/x86_64-linux-gnu/ivl/vhdl_textio.vpi";
:vpi_module "/usr/lib/x86_64-linux-gnu/ivl/v2005_math.vpi";
:vpi_module "/usr/lib/x86_64-linux-gnu/ivl/va_math.vpi";
S_0x573553b9c6c0 .scope module, "set_less_than_unsigned_tb" "set_less_than_unsigned_tb" 2 27;
 .timescale 0 0;
v0x573553c6a430_0 .var "a", 63 0;
v0x573553c6a4f0_0 .var "b", 63 0;
v0x573553c6a5c0_0 .net "less", 0 0, L_0x573553c8cca0;  1 drivers
S_0x573553b9c850 .scope module, "uut" "set_less_than_unsigned" 2 32, 2 1 0, S_0x573553b9c6c0;
 .timescale 0 0;
    .port_info 0 /INPUT 64 "a";
    .port_info 1 /INPUT 64 "b";
    .port_info 2 /OUTPUT 1 "less";
v0x573553c622d0_0 .net *"_ivl_1", 0 0, L_0x573553c6a880;  1 drivers
v0x573553c623d0_0 .net *"_ivl_101", 0 0, L_0x573553c70f50;  1 drivers
v0x573553c624b0_0 .net *"_ivl_105", 0 0, L_0x573553c71440;  1 drivers
v0x573553c625a0_0 .net *"_ivl_109", 0 0, L_0x573553c71940;  1 drivers
v0x573553c62680_0 .net *"_ivl_113", 0 0, L_0x573553c71e50;  1 drivers
v0x573553c627b0_0 .net *"_ivl_117", 0 0, L_0x573553c72370;  1 drivers
v0x573553c62890_0 .net *"_ivl_121", 0 0, L_0x573553c728a0;  1 drivers
v0x573553c62970_0 .net *"_ivl_125", 0 0, L_0x573553c731f0;  1 drivers
v0x573553c62a50_0 .net *"_ivl_129", 0 0, L_0x573553c73740;  1 drivers
v0x573553c62b30_0 .net *"_ivl_13", 0 0, L_0x573553c6b1d0;  1 drivers
v0x573553c62c10_0 .net *"_ivl_133", 0 0, L_0x573553c73ca0;  1 drivers
v0x573553c62cf0_0 .net *"_ivl_137", 0 0, L_0x573553c74210;  1 drivers
v0x573553c62dd0_0 .net *"_ivl_141", 0 0, L_0x573553c74790;  1 drivers
v0x573553c62eb0_0 .net *"_ivl_145", 0 0, L_0x573553c74d20;  1 drivers
v0x573553c62f90_0 .net *"_ivl_149", 0 0, L_0x573553c752c0;  1 drivers
v0x573553c63070_0 .net *"_ivl_153", 0 0, L_0x573553c75870;  1 drivers
v0x573553c63150_0 .net *"_ivl_157", 0 0, L_0x573553c75e30;  1 drivers
v0x573553c63230_0 .net *"_ivl_161", 0 0, L_0x573553c76400;  1 drivers
v0x573553c63310_0 .net *"_ivl_165", 0 0, L_0x573553c769e0;  1 drivers
v0x573553c633f0_0 .net *"_ivl_169", 0 0, L_0x573553c76fd0;  1 drivers
v0x573553c634d0_0 .net *"_ivl_17", 0 0, L_0x573553c6b560;  1 drivers
v0x573553c635b0_0 .net *"_ivl_173", 0 0, L_0x573553c775d0;  1 drivers
v0x573553c63690_0 .net *"_ivl_177", 0 0, L_0x573553c77be0;  1 drivers
v0x573553c63770_0 .net *"_ivl_181", 0 0, L_0x573553c78200;  1 drivers
v0x573553c63850_0 .net *"_ivl_185", 0 0, L_0x573553c78830;  1 drivers
v0x573553c63930_0 .net *"_ivl_189", 0 0, L_0x573553c78e70;  1 drivers
v0x573553c63a10_0 .net *"_ivl_193", 0 0, L_0x573553c794c0;  1 drivers
v0x573553c63af0_0 .net *"_ivl_197", 0 0, L_0x573553c79b20;  1 drivers
v0x573553c63bd0_0 .net *"_ivl_201", 0 0, L_0x573553c7a190;  1 drivers
v0x573553c63cb0_0 .net *"_ivl_205", 0 0, L_0x573553c7a810;  1 drivers
v0x573553c63d90_0 .net *"_ivl_209", 0 0, L_0x573553c7aea0;  1 drivers
v0x573553c63e70_0 .net *"_ivl_21", 0 0, L_0x573553c6b8b0;  1 drivers
v0x573553c63f50_0 .net *"_ivl_213", 0 0, L_0x573553c7b540;  1 drivers
v0x573553c64030_0 .net *"_ivl_217", 0 0, L_0x573553c7bbf0;  1 drivers
v0x573553c64110_0 .net *"_ivl_221", 0 0, L_0x573553c7c2b0;  1 drivers
v0x573553c641f0_0 .net *"_ivl_225", 0 0, L_0x573553c7c980;  1 drivers
v0x573553c642d0_0 .net *"_ivl_229", 0 0, L_0x573553c7d060;  1 drivers
v0x573553c643b0_0 .net *"_ivl_233", 0 0, L_0x573553c7d750;  1 drivers
v0x573553c64490_0 .net *"_ivl_237", 0 0, L_0x573553c7de50;  1 drivers
v0x573553c64570_0 .net *"_ivl_241", 0 0, L_0x573553c7e560;  1 drivers
v0x573553c64650_0 .net *"_ivl_245", 0 0, L_0x573553c7ec80;  1 drivers
v0x573553c64730_0 .net *"_ivl_249", 0 0, L_0x573553c7fbc0;  1 drivers
v0x573553c64810_0 .net *"_ivl_25", 0 0, L_0x573553c6bc60;  1 drivers
v0x573553c648f0_0 .net *"_ivl_253", 0 0, L_0x573553c82370;  1 drivers
v0x573553c649d0_0 .net *"_ivl_257", 0 0, L_0x573553c82570;  1 drivers
v0x573553c64ab0_0 .net *"_ivl_261", 0 0, L_0x573553c82c30;  1 drivers
v0x573553c64b90_0 .net *"_ivl_265", 0 0, L_0x573553c82860;  1 drivers
v0x573553c64c70_0 .net *"_ivl_269", 0 0, L_0x573553c82a60;  1 drivers
v0x573553c64d50_0 .net *"_ivl_273", 0 0, L_0x573553c82e80;  1 drivers
v0x573553c64e30_0 .net *"_ivl_277", 0 0, L_0x573553c83080;  1 drivers
v0x573553c64f10_0 .net *"_ivl_281", 0 0, L_0x573553c83360;  1 drivers
v0x573553c64ff0_0 .net *"_ivl_285", 0 0, L_0x573553c835b0;  1 drivers
v0x573553c650d0_0 .net *"_ivl_289", 0 0, L_0x573553c83810;  1 drivers
v0x573553c651b0_0 .net *"_ivl_29", 0 0, L_0x573553c6bfb0;  1 drivers
v0x573553c65290_0 .net *"_ivl_293", 0 0, L_0x573553c83a60;  1 drivers
v0x573553c65370_0 .net *"_ivl_297", 0 0, L_0x573553c83ce0;  1 drivers
v0x573553c65450_0 .net *"_ivl_301", 0 0, L_0x573553c83f30;  1 drivers
v0x573553c65530_0 .net *"_ivl_305", 0 0, L_0x573553c846a0;  1 drivers
v0x573553c65610_0 .net *"_ivl_309", 0 0, L_0x573553c841d0;  1 drivers
v0x573553c656f0_0 .net *"_ivl_313", 0 0, L_0x573553c84420;  1 drivers
v0x573553c657d0_0 .net *"_ivl_317", 0 0, L_0x573553c84df0;  1 drivers
v0x573553c658b0_0 .net *"_ivl_321", 0 0, L_0x573553c848f0;  1 drivers
v0x573553c65990_0 .net *"_ivl_325", 0 0, L_0x573553c84b40;  1 drivers
v0x573553c65a70_0 .net *"_ivl_329", 0 0, L_0x573553c85520;  1 drivers
v0x573553c65b50_0 .net *"_ivl_33", 0 0, L_0x573553c6c380;  1 drivers
v0x573553c66040_0 .net *"_ivl_333", 0 0, L_0x573553c85040;  1 drivers
v0x573553c66120_0 .net *"_ivl_337", 0 0, L_0x573553c85290;  1 drivers
v0x573553c66200_0 .net *"_ivl_341", 0 0, L_0x573553c85c80;  1 drivers
v0x573553c662e0_0 .net *"_ivl_345", 0 0, L_0x573553c85770;  1 drivers
v0x573553c663c0_0 .net *"_ivl_349", 0 0, L_0x573553c859c0;  1 drivers
v0x573553c664a0_0 .net *"_ivl_353", 0 0, L_0x573553c863c0;  1 drivers
v0x573553c66580_0 .net *"_ivl_357", 0 0, L_0x573553c85ed0;  1 drivers
v0x573553c66660_0 .net *"_ivl_361", 0 0, L_0x573553c86120;  1 drivers
v0x573553c66740_0 .net *"_ivl_365", 0 0, L_0x573553c86ae0;  1 drivers
v0x573553c66820_0 .net *"_ivl_369", 0 0, L_0x573553c86610;  1 drivers
v0x573553c66900_0 .net *"_ivl_37", 0 0, L_0x573553c6c760;  1 drivers
v0x573553c669e0_0 .net *"_ivl_373", 0 0, L_0x573553c86860;  1 drivers
v0x573553c66ac0_0 .net *"_ivl_377", 0 0, L_0x573553c87230;  1 drivers
v0x573553c66ba0_0 .net *"_ivl_381", 0 0, L_0x573553c86d30;  1 drivers
v0x573553c66c80_0 .net *"_ivl_385", 0 0, L_0x573553c86f80;  1 drivers
v0x573553c66d60_0 .net *"_ivl_389", 0 0, L_0x573553c879b0;  1 drivers
v0x573553c66e40_0 .net *"_ivl_393", 0 0, L_0x573553c87480;  1 drivers
v0x573553c66f20_0 .net *"_ivl_397", 0 0, L_0x573553c876d0;  1 drivers
v0x573553c67000_0 .net *"_ivl_401", 0 0, L_0x573553c87920;  1 drivers
v0x573553c670e0_0 .net *"_ivl_405", 0 0, L_0x573553c87bb0;  1 drivers
v0x573553c671c0_0 .net *"_ivl_409", 0 0, L_0x573553c87e00;  1 drivers
v0x573553c672a0_0 .net *"_ivl_41", 0 0, L_0x573553c6cab0;  1 drivers
v0x573553c67380_0 .net *"_ivl_413", 0 0, L_0x573553c88050;  1 drivers
v0x573553c67460_0 .net *"_ivl_417", 0 0, L_0x573553c882f0;  1 drivers
v0x573553c67540_0 .net *"_ivl_421", 0 0, L_0x573553c88540;  1 drivers
v0x573553c67620_0 .net *"_ivl_425", 0 0, L_0x573553c88790;  1 drivers
v0x573553c67700_0 .net *"_ivl_429", 0 0, L_0x573553c88a10;  1 drivers
v0x573553c677e0_0 .net *"_ivl_433", 0 0, L_0x573553c88c60;  1 drivers
v0x573553c678c0_0 .net *"_ivl_437", 0 0, L_0x573553c88eb0;  1 drivers
v0x573553c679a0_0 .net *"_ivl_441", 0 0, L_0x573553c89160;  1 drivers
v0x573553c67a80_0 .net *"_ivl_445", 0 0, L_0x573553c893b0;  1 drivers
v0x573553c67b60_0 .net *"_ivl_449", 0 0, L_0x573553c89600;  1 drivers
v0x573553c67c40_0 .net *"_ivl_45", 0 0, L_0x573553c6ceb0;  1 drivers
v0x573553c67d20_0 .net *"_ivl_453", 0 0, L_0x573553c89890;  1 drivers
v0x573553c67e00_0 .net *"_ivl_457", 0 0, L_0x573553c89ae0;  1 drivers
v0x573553c67ee0_0 .net *"_ivl_461", 0 0, L_0x573553c89d30;  1 drivers
v0x573553c67fc0_0 .net *"_ivl_465", 0 0, L_0x573553c8a740;  1 drivers
v0x573553c680a0_0 .net *"_ivl_469", 0 0, L_0x573553c89ff0;  1 drivers
v0x573553c68180_0 .net *"_ivl_473", 0 0, L_0x573553c8a240;  1 drivers
v0x573553c68260_0 .net *"_ivl_477", 0 0, L_0x573553c8a490;  1 drivers
v0x573553c68340_0 .net *"_ivl_481", 0 0, L_0x573553c8b0d0;  1 drivers
v0x573553c68420_0 .net *"_ivl_485", 0 0, L_0x573553c8a990;  1 drivers
v0x573553c68500_0 .net *"_ivl_489", 0 0, L_0x573553c8abe0;  1 drivers
v0x573553c685e0_0 .net *"_ivl_49", 0 0, L_0x573553c6d2c0;  1 drivers
v0x573553c686c0_0 .net *"_ivl_493", 0 0, L_0x573553c8ae30;  1 drivers
v0x573553c687a0_0 .net *"_ivl_497", 0 0, L_0x573553c8ba50;  1 drivers
v0x573553c68880_0 .net *"_ivl_5", 0 0, L_0x573553c6abe0;  1 drivers
v0x573553c68960_0 .net *"_ivl_501", 0 0, L_0x573553c8b320;  1 drivers
v0x573553c68a40_0 .net *"_ivl_505", 0 0, L_0x573553c8b570;  1 drivers
v0x573553c68b20_0 .net *"_ivl_513", 0 0, L_0x573553c8cbb0;  1 drivers
v0x573553c68c00_0 .net *"_ivl_53", 0 0, L_0x573553c6d6e0;  1 drivers
v0x573553c68ce0_0 .net *"_ivl_57", 0 0, L_0x573553c6db10;  1 drivers
v0x573553c68dc0_0 .net *"_ivl_61", 0 0, L_0x573553c6e160;  1 drivers
v0x573553c68ea0_0 .net *"_ivl_65", 0 0, L_0x573553c6e5b0;  1 drivers
v0x573553c68f80_0 .net *"_ivl_69", 0 0, L_0x573553c6ea10;  1 drivers
v0x573553c69060_0 .net *"_ivl_73", 0 0, L_0x573553c6ee80;  1 drivers
v0x573553c69140_0 .net *"_ivl_77", 0 0, L_0x573553c6f300;  1 drivers
v0x573553c69220_0 .net *"_ivl_81", 0 0, L_0x573553c6f790;  1 drivers
v0x573553c69300_0 .net *"_ivl_85", 0 0, L_0x573553c6fc30;  1 drivers
v0x573553c693e0_0 .net *"_ivl_89", 0 0, L_0x573553c700e0;  1 drivers
v0x573553c694c0_0 .net *"_ivl_9", 0 0, L_0x573553c6af20;  1 drivers
v0x573553c695a0_0 .net *"_ivl_93", 0 0, L_0x573553c705a0;  1 drivers
v0x573553c69680_0 .net *"_ivl_97", 0 0, L_0x573553c70a70;  1 drivers
v0x573553c69760_0 .net "a", 63 0, v0x573553c6a430_0;  1 drivers
v0x573553c6a050_0 .net "b", 63 0, v0x573553c6a4f0_0;  1 drivers
v0x573553c6a130_0 .net "chain", 63 0, L_0x573553c8b7c0;  1 drivers
v0x573553c6a210_0 .net "less", 0 0, L_0x573553c8cca0;  alias, 1 drivers
v0x573553c6a2d0_0 .net "lt", 63 0, L_0x573553c80b10;  1 drivers
L_0x573553c6a790 .part v0x573553c6a430_0, 0, 1;
L_0x573553c6a940 .part v0x573553c6a4f0_0, 0, 1;
L_0x573553c6aaf0 .part v0x573553c6a430_0, 1, 1;
L_0x573553c6aca0 .part v0x573553c6a4f0_0, 1, 1;
L_0x573553c6ae30 .part v0x573553c6a430_0, 2, 1;
L_0x573553c6af90 .part v0x573553c6a4f0_0, 2, 1;
L_0x573553c6b130 .part v0x573553c6a430_0, 3, 1;
L_0x573553c6b290 .part v0x573553c6a4f0_0, 3, 1;
L_0x573553c6b470 .part v0x573553c6a430_0, 4, 1;
L_0x573553c6b620 .part v0x573553c6a4f0_0, 4, 1;
L_0x573553c6b810 .part v0x573553c6a430_0, 5, 1;
L_0x573553c6b970 .part v0x573553c6a4f0_0, 5, 1;
L_0x573553c6bb70 .part v0x573553c6a430_0, 6, 1;
L_0x573553c6bd20 .part v0x573553c6a4f0_0, 6, 1;
L_0x573553c6bec0 .part v0x573553c6a430_0, 7, 1;
L_0x573553c6c070 .part v0x573553c6a4f0_0, 7, 1;
L_0x573553c6c290 .part v0x573553c6a430_0, 8, 1;
L_0x573553c6c440 .part v0x573553c6a4f0_0, 8, 1;
L_0x573553c6c670 .part v0x573553c6a430_0, 9, 1;
L_0x573553c6c820 .part v0x573553c6a4f0_0, 9, 1;
L_0x573553c6c530 .part v0x573553c6a430_0, 10, 1;
L_0x573553c6cb70 .part v0x573553c6a4f0_0, 10, 1;
L_0x573553c6cdc0 .part v0x573553c6a430_0, 11, 1;
L_0x573553c6cf70 .part v0x573553c6a4f0_0, 11, 1;
L_0x573553c6d1d0 .part v0x573553c6a430_0, 12, 1;
L_0x573553c6d380 .part v0x573553c6a4f0_0, 12, 1;
L_0x573553c6d5f0 .part v0x573553c6a430_0, 13, 1;
L_0x573553c6d7a0 .part v0x573553c6a4f0_0, 13, 1;
L_0x573553c6da20 .part v0x573553c6a430_0, 14, 1;
L_0x573553c6dbd0 .part v0x573553c6a4f0_0, 14, 1;
L_0x573553c6e070 .part v0x573553c6a430_0, 15, 1;
L_0x573553c6e220 .part v0x573553c6a4f0_0, 15, 1;
L_0x573553c6e4c0 .part v0x573553c6a430_0, 16, 1;
L_0x573553c6e670 .part v0x573553c6a4f0_0, 16, 1;
L_0x573553c6e920 .part v0x573553c6a430_0, 17, 1;
L_0x573553c6ead0 .part v0x573553c6a4f0_0, 17, 1;
L_0x573553c6ed90 .part v0x573553c6a430_0, 18, 1;
L_0x573553c6ef40 .part v0x573553c6a4f0_0, 18, 1;
L_0x573553c6f210 .part v0x573553c6a430_0, 19, 1;
L_0x573553c6f3c0 .part v0x573553c6a4f0_0, 19, 1;
L_0x573553c6f6a0 .part v0x573553c6a430_0, 20, 1;
L_0x573553c6f850 .part v0x573553c6a4f0_0, 20, 1;
L_0x573553c6fb40 .part v0x573553c6a430_0, 21, 1;
L_0x573553c6fcf0 .part v0x573553c6a4f0_0, 21, 1;
L_0x573553c6fff0 .part v0x573553c6a430_0, 22, 1;
L_0x573553c701a0 .part v0x573553c6a4f0_0, 22, 1;
L_0x573553c704b0 .part v0x573553c6a430_0, 23, 1;
L_0x573553c70660 .part v0x573553c6a4f0_0, 23, 1;
L_0x573553c70980 .part v0x573553c6a430_0, 24, 1;
L_0x573553c70b30 .part v0x573553c6a4f0_0, 24, 1;
L_0x573553c70e60 .part v0x573553c6a430_0, 25, 1;
L_0x573553c71010 .part v0x573553c6a4f0_0, 25, 1;
L_0x573553c71350 .part v0x573553c6a430_0, 26, 1;
L_0x573553c71500 .part v0x573553c6a4f0_0, 26, 1;
L_0x573553c71850 .part v0x573553c6a430_0, 27, 1;
L_0x573553c71a00 .part v0x573553c6a4f0_0, 27, 1;
L_0x573553c71d60 .part v0x573553c6a430_0, 28, 1;
L_0x573553c71f10 .part v0x573553c6a4f0_0, 28, 1;
L_0x573553c72280 .part v0x573553c6a430_0, 29, 1;
L_0x573553c72430 .part v0x573553c6a4f0_0, 29, 1;
L_0x573553c727b0 .part v0x573553c6a430_0, 30, 1;
L_0x573553c72960 .part v0x573553c6a4f0_0, 30, 1;
L_0x573553c73100 .part v0x573553c6a430_0, 31, 1;
L_0x573553c732b0 .part v0x573553c6a4f0_0, 31, 1;
L_0x573553c73650 .part v0x573553c6a430_0, 32, 1;
L_0x573553c73800 .part v0x573553c6a4f0_0, 32, 1;
L_0x573553c73bb0 .part v0x573553c6a430_0, 33, 1;
L_0x573553c73d60 .part v0x573553c6a4f0_0, 33, 1;
L_0x573553c74120 .part v0x573553c6a430_0, 34, 1;
L_0x573553c742d0 .part v0x573553c6a4f0_0, 34, 1;
L_0x573553c746a0 .part v0x573553c6a430_0, 35, 1;
L_0x573553c74850 .part v0x573553c6a4f0_0, 35, 1;
L_0x573553c74c30 .part v0x573553c6a430_0, 36, 1;
L_0x573553c74de0 .part v0x573553c6a4f0_0, 36, 1;
L_0x573553c751d0 .part v0x573553c6a430_0, 37, 1;
L_0x573553c75380 .part v0x573553c6a4f0_0, 37, 1;
L_0x573553c75780 .part v0x573553c6a430_0, 38, 1;
L_0x573553c75930 .part v0x573553c6a4f0_0, 38, 1;
L_0x573553c75d40 .part v0x573553c6a430_0, 39, 1;
L_0x573553c75ef0 .part v0x573553c6a4f0_0, 39, 1;
L_0x573553c76310 .part v0x573553c6a430_0, 40, 1;
L_0x573553c764c0 .part v0x573553c6a4f0_0, 40, 1;
L_0x573553c768f0 .part v0x573553c6a430_0, 41, 1;
L_0x573553c76aa0 .part v0x573553c6a4f0_0, 41, 1;
L_0x573553c76ee0 .part v0x573553c6a430_0, 42, 1;
L_0x573553c77090 .part v0x573553c6a4f0_0, 42, 1;
L_0x573553c774e0 .part v0x573553c6a430_0, 43, 1;
L_0x573553c77690 .part v0x573553c6a4f0_0, 43, 1;
L_0x573553c77af0 .part v0x573553c6a430_0, 44, 1;
L_0x573553c77ca0 .part v0x573553c6a4f0_0, 44, 1;
L_0x573553c78110 .part v0x573553c6a430_0, 45, 1;
L_0x573553c782c0 .part v0x573553c6a4f0_0, 45, 1;
L_0x573553c78740 .part v0x573553c6a430_0, 46, 1;
L_0x573553c788f0 .part v0x573553c6a4f0_0, 46, 1;
L_0x573553c78d80 .part v0x573553c6a430_0, 47, 1;
L_0x573553c78f30 .part v0x573553c6a4f0_0, 47, 1;
L_0x573553c793d0 .part v0x573553c6a430_0, 48, 1;
L_0x573553c79580 .part v0x573553c6a4f0_0, 48, 1;
L_0x573553c79a30 .part v0x573553c6a430_0, 49, 1;
L_0x573553c79be0 .part v0x573553c6a4f0_0, 49, 1;
L_0x573553c7a0a0 .part v0x573553c6a430_0, 50, 1;
L_0x573553c7a250 .part v0x573553c6a4f0_0, 50, 1;
L_0x573553c7a720 .part v0x573553c6a430_0, 51, 1;
L_0x573553c7a8d0 .part v0x573553c6a4f0_0, 51, 1;
L_0x573553c7adb0 .part v0x573553c6a430_0, 52, 1;
L_0x573553c7af60 .part v0x573553c6a4f0_0, 52, 1;
L_0x573553c7b450 .part v0x573553c6a430_0, 53, 1;
L_0x573553c7b600 .part v0x573553c6a4f0_0, 53, 1;
L_0x573553c7bb00 .part v0x573553c6a430_0, 54, 1;
L_0x573553c7bcb0 .part v0x573553c6a4f0_0, 54, 1;
L_0x573553c7c1c0 .part v0x573553c6a430_0, 55, 1;
L_0x573553c7c370 .part v0x573553c6a4f0_0, 55, 1;
L_0x573553c7c890 .part v0x573553c6a430_0, 56, 1;
L_0x573553c7ca40 .part v0x573553c6a4f0_0, 56, 1;
L_0x573553c7cf70 .part v0x573553c6a430_0, 57, 1;
L_0x573553c7d120 .part v0x573553c6a4f0_0, 57, 1;
L_0x573553c7d660 .part v0x573553c6a430_0, 58, 1;
L_0x573553c7d810 .part v0x573553c6a4f0_0, 58, 1;
L_0x573553c7dd60 .part v0x573553c6a430_0, 59, 1;
L_0x573553c7df10 .part v0x573553c6a4f0_0, 59, 1;
L_0x573553c7e470 .part v0x573553c6a430_0, 60, 1;
L_0x573553c7e620 .part v0x573553c6a4f0_0, 60, 1;
L_0x573553c7eb90 .part v0x573553c6a430_0, 61, 1;
L_0x573553c7ed40 .part v0x573553c6a4f0_0, 61, 1;
L_0x573553c7f2c0 .part v0x573553c6a430_0, 62, 1;
L_0x573553c7fc80 .part v0x573553c6a4f0_0, 62, 1;
L_0x573553c80a20 .part v0x573553c6a430_0, 63, 1;
LS_0x573553c80b10_0_0 .concat8 [ 1 1 1 1], L_0x573553c6a880, L_0x573553c6abe0, L_0x573553c6af20, L_0x573553c6b1d0;
LS_0x573553c80b10_0_4 .concat8 [ 1 1 1 1], L_0x573553c6b560, L_0x573553c6b8b0, L_0x573553c6bc60, L_0x573553c6bfb0;
LS_0x573553c80b10_0_8 .concat8 [ 1 1 1 1], L_0x573553c6c380, L_0x573553c6c760, L_0x573553c6cab0, L_0x573553c6ceb0;
LS_0x573553c80b10_0_12 .concat8 [ 1 1 1 1], L_0x573553c6d2c0, L_0x573553c6d6e0, L_0x573553c6db10, L_0x573553c6e160;
LS_0x573553c80b10_0_16 .concat8 [ 1 1 1 1], L_0x573553c6e5b0, L_0x573553c6ea10, L_0x573553c6ee80, L_0x573553c6f300;
LS_0x573553c80b10_0_20 .concat8 [ 1 1 1 1], L_0x573553c6f790, L_0x573553c6fc30, L_0x573553c700e0, L_0x573553c705a0;
LS_0x573553c80b10_0_24 .concat8 [ 1 1 1 1], L_0x573553c70a70, L_0x573553c70f50, L_0x573553c71440, L_0x573553c71940;
LS_0x573553c80b10_0_28 .concat8 [ 1 1 1 1], L_0x573553c71e50, L_0x573553c72370, L_0x573553c728a0, L_0x573553c731f0;
LS_0x573553c80b10_0_32 .concat8 [ 1 1 1 1], L_0x573553c73740, L_0x573553c73ca0, L_0x573553c74210, L_0x573553c74790;
LS_0x573553c80b10_0_36 .concat8 [ 1 1 1 1], L_0x573553c74d20, L_0x573553c752c0, L_0x573553c75870, L_0x573553c75e30;
LS_0x573553c80b10_0_40 .concat8 [ 1 1 1 1], L_0x573553c76400, L_0x573553c769e0, L_0x573553c76fd0, L_0x573553c775d0;
LS_0x573553c80b10_0_44 .concat8 [ 1 1 1 1], L_0x573553c77be0, L_0x573553c78200, L_0x573553c78830, L_0x573553c78e70;
LS_0x573553c80b10_0_48 .concat8 [ 1 1 1 1], L_0x573553c794c0, L_0x573553c79b20, L_0x573553c7a190, L_0x573553c7a810;
LS_0x573553c80b10_0_52 .concat8 [ 1 1 1 1], L_0x573553c7aea0, L_0x573553c7b540, L_0x573553c7bbf0, L_0x573553c7c2b0;
LS_0x573553c80b10_0_56 .concat8 [ 1 1 1 1], L_0x573553c7c980, L_0x573553c7d060, L_0x573553c7d750, L_0x573553c7de50;
LS_0x573553c80b10_0_60 .concat8 [ 1 1 1 1], L_0x573553c7e560, L_0x573553c7ec80, L_0x573553c7fbc0, L_0x573553c82370;
LS_0x573553c80b10_1_0 .concat8 [ 4 4 4 4], LS_0x573553c80b10_0_0, LS_0x573553c80b10_0_4, LS_0x573553c80b10_0_8, LS_0x573553c80b10_0_12;
LS_0x573553c80b10_1_4 .concat8 [ 4 4 4 4], LS_0x573553c80b10_0_16, LS_0x573553c80b10_0_20, LS_0x573553c80b10_0_24, LS_0x573553c80b10_0_28;
LS_0x573553c80b10_1_8 .concat8 [ 4 4 4 4], LS_0x573553c80b10_0_32, LS_0x573553c80b10_0_36, LS_0x573553c80b10_0_40, LS_0x573553c80b10_0_44;
LS_0x573553c80b10_1_12 .concat8 [ 4 4 4 4], LS_0x573553c80b10_0_48, LS_0x573553c80b10_0_52, LS_0x573553c80b10_0_56, LS_0x573553c80b10_0_60;
L_0x573553c80b10 .concat8 [ 16 16 16 16], LS_0x573553c80b10_1_0, LS_0x573553c80b10_1_4, LS_0x573553c80b10_1_8, LS_0x573553c80b10_1_12;
L_0x573553c82480 .part v0x573553c6a4f0_0, 63, 1;
L_0x573553c825e0 .part L_0x573553c80b10, 62, 1;
L_0x573553c82b40 .part L_0x573553c8b7c0, 63, 1;
L_0x573553c82ca0 .part L_0x573553c80b10, 61, 1;
L_0x573553c82720 .part L_0x573553c8b7c0, 62, 1;
L_0x573553c828d0 .part L_0x573553c80b10, 60, 1;
L_0x573553c829c0 .part L_0x573553c8b7c0, 61, 1;
L_0x573553c831d0 .part L_0x573553c80b10, 59, 1;
L_0x573553c82d90 .part L_0x573553c8b7c0, 60, 1;
L_0x573553c82ef0 .part L_0x573553c80b10, 58, 1;
L_0x573553c82f90 .part L_0x573553c8b7c0, 59, 1;
L_0x573553c830f0 .part L_0x573553c80b10, 57, 1;
L_0x573553c83270 .part L_0x573553c8b7c0, 58, 1;
L_0x573553c833d0 .part L_0x573553c80b10, 56, 1;
L_0x573553c834c0 .part L_0x573553c8b7c0, 57, 1;
L_0x573553c83620 .part L_0x573553c80b10, 55, 1;
L_0x573553c83720 .part L_0x573553c8b7c0, 56, 1;
L_0x573553c83880 .part L_0x573553c80b10, 54, 1;
L_0x573553c83970 .part L_0x573553c8b7c0, 55, 1;
L_0x573553c83ad0 .part L_0x573553c80b10, 53, 1;
L_0x573553c83bf0 .part L_0x573553c8b7c0, 54, 1;
L_0x573553c83d50 .part L_0x573553c80b10, 52, 1;
L_0x573553c83e40 .part L_0x573553c8b7c0, 53, 1;
L_0x573553c83fa0 .part L_0x573553c80b10, 51, 1;
L_0x573553c845b0 .part L_0x573553c8b7c0, 52, 1;
L_0x573553c84710 .part L_0x573553c80b10, 50, 1;
L_0x573553c840e0 .part L_0x573553c8b7c0, 51, 1;
L_0x573553c84240 .part L_0x573553c80b10, 49, 1;
L_0x573553c84330 .part L_0x573553c8b7c0, 50, 1;
L_0x573553c84490 .part L_0x573553c80b10, 48, 1;
L_0x573553c84d00 .part L_0x573553c8b7c0, 49, 1;
L_0x573553c84e60 .part L_0x573553c80b10, 47, 1;
L_0x573553c84800 .part L_0x573553c8b7c0, 48, 1;
L_0x573553c84960 .part L_0x573553c80b10, 46, 1;
L_0x573553c84a50 .part L_0x573553c8b7c0, 47, 1;
L_0x573553c84bb0 .part L_0x573553c80b10, 45, 1;
L_0x573553c85480 .part L_0x573553c8b7c0, 46, 1;
L_0x573553c85590 .part L_0x573553c80b10, 44, 1;
L_0x573553c84f50 .part L_0x573553c8b7c0, 45, 1;
L_0x573553c850b0 .part L_0x573553c80b10, 43, 1;
L_0x573553c851a0 .part L_0x573553c8b7c0, 44, 1;
L_0x573553c85300 .part L_0x573553c80b10, 42, 1;
L_0x573553c85be0 .part L_0x573553c8b7c0, 43, 1;
L_0x573553c85cf0 .part L_0x573553c80b10, 41, 1;
L_0x573553c85680 .part L_0x573553c8b7c0, 42, 1;
L_0x573553c857e0 .part L_0x573553c80b10, 40, 1;
L_0x573553c858d0 .part L_0x573553c8b7c0, 41, 1;
L_0x573553c85a30 .part L_0x573553c80b10, 39, 1;
L_0x573553c85b20 .part L_0x573553c8b7c0, 40, 1;
L_0x573553c86430 .part L_0x573553c80b10, 38, 1;
L_0x573553c85de0 .part L_0x573553c8b7c0, 39, 1;
L_0x573553c85f40 .part L_0x573553c80b10, 37, 1;
L_0x573553c86030 .part L_0x573553c8b7c0, 38, 1;
L_0x573553c86190 .part L_0x573553c80b10, 36, 1;
L_0x573553c86280 .part L_0x573553c8b7c0, 37, 1;
L_0x573553c86b50 .part L_0x573553c80b10, 35, 1;
L_0x573553c86520 .part L_0x573553c8b7c0, 36, 1;
L_0x573553c86680 .part L_0x573553c80b10, 34, 1;
L_0x573553c86770 .part L_0x573553c8b7c0, 35, 1;
L_0x573553c868d0 .part L_0x573553c80b10, 33, 1;
L_0x573553c869c0 .part L_0x573553c8b7c0, 34, 1;
L_0x573553c872a0 .part L_0x573553c80b10, 32, 1;
L_0x573553c86c40 .part L_0x573553c8b7c0, 33, 1;
L_0x573553c86da0 .part L_0x573553c80b10, 31, 1;
L_0x573553c86e90 .part L_0x573553c8b7c0, 32, 1;
L_0x573553c86ff0 .part L_0x573553c80b10, 30, 1;
L_0x573553c870e0 .part L_0x573553c8b7c0, 31, 1;
L_0x573553c87a20 .part L_0x573553c80b10, 29, 1;
L_0x573553c87390 .part L_0x573553c8b7c0, 30, 1;
L_0x573553c874f0 .part L_0x573553c80b10, 28, 1;
L_0x573553c875e0 .part L_0x573553c8b7c0, 29, 1;
L_0x573553c87740 .part L_0x573553c80b10, 27, 1;
L_0x573553c87830 .part L_0x573553c8b7c0, 28, 1;
L_0x573553c88110 .part L_0x573553c80b10, 26, 1;
L_0x573553c87ac0 .part L_0x573553c8b7c0, 27, 1;
L_0x573553c87c20 .part L_0x573553c80b10, 25, 1;
L_0x573553c87d10 .part L_0x573553c8b7c0, 26, 1;
L_0x573553c87e70 .part L_0x573553c80b10, 24, 1;
L_0x573553c87f60 .part L_0x573553c8b7c0, 25, 1;
L_0x573553c88880 .part L_0x573553c80b10, 23, 1;
L_0x573553c88200 .part L_0x573553c8b7c0, 24, 1;
L_0x573553c88360 .part L_0x573553c80b10, 22, 1;
L_0x573553c88450 .part L_0x573553c8b7c0, 23, 1;
L_0x573553c885b0 .part L_0x573553c80b10, 21, 1;
L_0x573553c886a0 .part L_0x573553c8b7c0, 22, 1;
L_0x573553c88fd0 .part L_0x573553c80b10, 20, 1;
L_0x573553c88920 .part L_0x573553c8b7c0, 21, 1;
L_0x573553c88a80 .part L_0x573553c80b10, 19, 1;
L_0x573553c88b70 .part L_0x573553c8b7c0, 20, 1;
L_0x573553c88cd0 .part L_0x573553c80b10, 18, 1;
L_0x573553c88dc0 .part L_0x573553c8b7c0, 19, 1;
L_0x573553c88f20 .part L_0x573553c80b10, 17, 1;
L_0x573553c89070 .part L_0x573553c8b7c0, 18, 1;
L_0x573553c891d0 .part L_0x573553c80b10, 16, 1;
L_0x573553c892c0 .part L_0x573553c8b7c0, 17, 1;
L_0x573553c89420 .part L_0x573553c80b10, 15, 1;
L_0x573553c89510 .part L_0x573553c8b7c0, 16, 1;
L_0x573553c89670 .part L_0x573553c80b10, 14, 1;
L_0x573553c897a0 .part L_0x573553c8b7c0, 15, 1;
L_0x573553c89900 .part L_0x573553c80b10, 13, 1;
L_0x573553c899f0 .part L_0x573553c8b7c0, 14, 1;
L_0x573553c89b50 .part L_0x573553c80b10, 12, 1;
L_0x573553c89c40 .part L_0x573553c8b7c0, 13, 1;
L_0x573553c89da0 .part L_0x573553c80b10, 11, 1;
L_0x573553c8a650 .part L_0x573553c8b7c0, 12, 1;
L_0x573553c8a7b0 .part L_0x573553c80b10, 10, 1;
L_0x573553c89f00 .part L_0x573553c8b7c0, 11, 1;
L_0x573553c8a060 .part L_0x573553c80b10, 9, 1;
L_0x573553c8a150 .part L_0x573553c8b7c0, 10, 1;
L_0x573553c8a2b0 .part L_0x573553c80b10, 8, 1;
L_0x573553c8a3a0 .part L_0x573553c8b7c0, 9, 1;
L_0x573553c8a500 .part L_0x573553c80b10, 7, 1;
L_0x573553c8b030 .part L_0x573553c8b7c0, 8, 1;
L_0x573553c8b140 .part L_0x573553c80b10, 6, 1;
L_0x573553c8a8a0 .part L_0x573553c8b7c0, 7, 1;
L_0x573553c8aa00 .part L_0x573553c80b10, 5, 1;
L_0x573553c8aaf0 .part L_0x573553c8b7c0, 6, 1;
L_0x573553c8ac50 .part L_0x573553c80b10, 4, 1;
L_0x573553c8ad40 .part L_0x573553c8b7c0, 5, 1;
L_0x573553c8aea0 .part L_0x573553c80b10, 3, 1;
L_0x573553c8af90 .part L_0x573553c8b7c0, 4, 1;
L_0x573553c8bac0 .part L_0x573553c80b10, 2, 1;
L_0x573553c8b230 .part L_0x573553c8b7c0, 3, 1;
L_0x573553c8b390 .part L_0x573553c80b10, 1, 1;
L_0x573553c8b480 .part L_0x573553c8b7c0, 2, 1;
L_0x573553c8b5e0 .part L_0x573553c80b10, 0, 1;
L_0x573553c8b6d0 .part L_0x573553c8b7c0, 1, 1;
LS_0x573553c8b7c0_0_0 .concat8 [ 1 1 1 1], L_0x573553c8b570, L_0x573553c8b320, L_0x573553c8ba50, L_0x573553c8ae30;
LS_0x573553c8b7c0_0_4 .concat8 [ 1 1 1 1], L_0x573553c8abe0, L_0x573553c8a990, L_0x573553c8b0d0, L_0x573553c8a490;
LS_0x573553c8b7c0_0_8 .concat8 [ 1 1 1 1], L_0x573553c8a240, L_0x573553c89ff0, L_0x573553c8a740, L_0x573553c89d30;
LS_0x573553c8b7c0_0_12 .concat8 [ 1 1 1 1], L_0x573553c89ae0, L_0x573553c89890, L_0x573553c89600, L_0x573553c893b0;
LS_0x573553c8b7c0_0_16 .concat8 [ 1 1 1 1], L_0x573553c89160, L_0x573553c88eb0, L_0x573553c88c60, L_0x573553c88a10;
LS_0x573553c8b7c0_0_20 .concat8 [ 1 1 1 1], L_0x573553c88790, L_0x573553c88540, L_0x573553c882f0, L_0x573553c88050;
LS_0x573553c8b7c0_0_24 .concat8 [ 1 1 1 1], L_0x573553c87e00, L_0x573553c87bb0, L_0x573553c87920, L_0x573553c876d0;
LS_0x573553c8b7c0_0_28 .concat8 [ 1 1 1 1], L_0x573553c87480, L_0x573553c879b0, L_0x573553c86f80, L_0x573553c86d30;
LS_0x573553c8b7c0_0_32 .concat8 [ 1 1 1 1], L_0x573553c87230, L_0x573553c86860, L_0x573553c86610, L_0x573553c86ae0;
LS_0x573553c8b7c0_0_36 .concat8 [ 1 1 1 1], L_0x573553c86120, L_0x573553c85ed0, L_0x573553c863c0, L_0x573553c859c0;
LS_0x573553c8b7c0_0_40 .concat8 [ 1 1 1 1], L_0x573553c85770, L_0x573553c85c80, L_0x573553c85290, L_0x573553c85040;
LS_0x573553c8b7c0_0_44 .concat8 [ 1 1 1 1], L_0x573553c85520, L_0x573553c84b40, L_0x573553c848f0, L_0x573553c84df0;
LS_0x573553c8b7c0_0_48 .concat8 [ 1 1 1 1], L_0x573553c84420, L_0x573553c841d0, L_0x573553c846a0, L_0x573553c83f30;
LS_0x573553c8b7c0_0_52 .concat8 [ 1 1 1 1], L_0x573553c83ce0, L_0x573553c83a60, L_0x573553c83810, L_0x573553c835b0;
LS_0x573553c8b7c0_0_56 .concat8 [ 1 1 1 1], L_0x573553c83360, L_0x573553c83080, L_0x573553c82e80, L_0x573553c82a60;
LS_0x573553c8b7c0_0_60 .concat8 [ 1 1 1 1], L_0x573553c82860, L_0x573553c82c30, L_0x573553c82570, L_0x573553c8cbb0;
LS_0x573553c8b7c0_1_0 .concat8 [ 4 4 4 4], LS_0x573553c8b7c0_0_0, LS_0x573553c8b7c0_0_4, LS_0x573553c8b7c0_0_8, LS_0x573553c8b7c0_0_12;
LS_0x573553c8b7c0_1_4 .concat8 [ 4 4 4 4], LS_0x573553c8b7c0_0_16, LS_0x573553c8b7c0_0_20, LS_0x573553c8b7c0_0_24, LS_0x573553c8b7c0_0_28;
LS_0x573553c8b7c0_1_8 .concat8 [ 4 4 4 4], LS_0x573553c8b7c0_0_32, LS_0x573553c8b7c0_0_36, LS_0x573553c8b7c0_0_40, LS_0x573553c8b7c0_0_44;
LS_0x573553c8b7c0_1_12 .concat8 [ 4 4 4 4], LS_0x573553c8b7c0_0_48, LS_0x573553c8b7c0_0_52, LS_0x573553c8b7c0_0_56, LS_0x573553c8b7c0_0_60;
L_0x573553c8b7c0 .concat8 [ 16 16 16 16], LS_0x573553c8b7c0_1_0, LS_0x573553c8b7c0_1_4, LS_0x573553c8b7c0_1_8, LS_0x573553c8b7c0_1_12;
L_0x573553c8cbb0 .part L_0x573553c80b10, 63, 1;
L_0x573553c8cca0 .part L_0x573553c8b7c0, 0, 1;
S_0x573553b60cf0 .scope generate, "chain_gen[0]" "chain_gen[0]" 2 18, 2 18 0, S_0x573553b9c850;
 .timescale 0 0;
P_0x573553b60ed0 .param/l "i" 0 2 18, +C4<00>;
L_0x573553c8b570 .functor OR 1, L_0x573553c8b5e0, L_0x573553c8b6d0, C4<0>, C4<0>;
v0x573553c00960_0 .net *"_ivl_1", 0 0, L_0x573553c8b5e0;  1 drivers
v0x573553c15ae0_0 .net *"_ivl_2", 0 0, L_0x573553c8b6d0;  1 drivers
S_0x573553c3a770 .scope generate, "chain_gen[1]" "chain_gen[1]" 2 18, 2 18 0, S_0x573553b9c850;
 .timescale 0 0;
P_0x573553c3a990 .param/l "i" 0 2 18, +C4<01>;
L_0x573553c8b320 .functor OR 1, L_0x573553c8b390, L_0x573553c8b480, C4<0>, C4<0>;
v0x573553c16680_0 .net *"_ivl_1", 0 0, L_0x573553c8b390;  1 drivers
v0x573553c17220_0 .net *"_ivl_2", 0 0, L_0x573553c8b480;  1 drivers
S_0x573553c3aad0 .scope generate, "chain_gen[2]" "chain_gen[2]" 2 18, 2 18 0, S_0x573553b9c850;
 .timescale 0 0;
P_0x573553c3acd0 .param/l "i" 0 2 18, +C4<010>;
L_0x573553c8ba50 .functor OR 1, L_0x573553c8bac0, L_0x573553c8b230, C4<0>, C4<0>;
v0x573553c17dc0_0 .net *"_ivl_1", 0 0, L_0x573553c8bac0;  1 drivers
v0x573553c18960_0 .net *"_ivl_2", 0 0, L_0x573553c8b230;  1 drivers
S_0x573553c3ae10 .scope generate, "chain_gen[3]" "chain_gen[3]" 2 18, 2 18 0, S_0x573553b9c850;
 .timescale 0 0;
P_0x573553c3b010 .param/l "i" 0 2 18, +C4<011>;
L_0x573553c8ae30 .functor OR 1, L_0x573553c8aea0, L_0x573553c8af90, C4<0>, C4<0>;
v0x573553c19500_0 .net *"_ivl_1", 0 0, L_0x573553c8aea0;  1 drivers
v0x573553c3b130_0 .net *"_ivl_2", 0 0, L_0x573553c8af90;  1 drivers
S_0x573553c3b210 .scope generate, "chain_gen[4]" "chain_gen[4]" 2 18, 2 18 0, S_0x573553b9c850;
 .timescale 0 0;
P_0x573553c3b460 .param/l "i" 0 2 18, +C4<0100>;
L_0x573553c8abe0 .functor OR 1, L_0x573553c8ac50, L_0x573553c8ad40, C4<0>, C4<0>;
v0x573553c3b540_0 .net *"_ivl_1", 0 0, L_0x573553c8ac50;  1 drivers
v0x573553c3b620_0 .net *"_ivl_2", 0 0, L_0x573553c8ad40;  1 drivers
S_0x573553c3b700 .scope generate, "chain_gen[5]" "chain_gen[5]" 2 18, 2 18 0, S_0x573553b9c850;
 .timescale 0 0;
P_0x573553c3b900 .param/l "i" 0 2 18, +C4<0101>;
L_0x573553c8a990 .functor OR 1, L_0x573553c8aa00, L_0x573553c8aaf0, C4<0>, C4<0>;
v0x573553c3b9e0_0 .net *"_ivl_1", 0 0, L_0x573553c8aa00;  1 drivers
v0x573553c3bac0_0 .net *"_ivl_2", 0 0, L_0x573553c8aaf0;  1 drivers
S_0x573553c3bba0 .scope generate, "chain_gen[6]" "chain_gen[6]" 2 18, 2 18 0, S_0x573553b9c850;
 .timescale 0 0;
P_0x573553c3bda0 .param/l "i" 0 2 18, +C4<0110>;
L_0x573553c8b0d0 .functor OR 1, L_0x573553c8b140, L_0x573553c8a8a0, C4<0>, C4<0>;
v0x573553c3be80_0 .net *"_ivl_1", 0 0, L_0x573553c8b140;  1 drivers
v0x573553c3bf60_0 .net *"_ivl_2", 0 0, L_0x573553c8a8a0;  1 drivers
S_0x573553c3c040 .scope generate, "chain_gen[7]" "chain_gen[7]" 2 18, 2 18 0, S_0x573553b9c850;
 .timescale 0 0;
P_0x573553c3c240 .param/l "i" 0 2 18, +C4<0111>;
L_0x573553c8a490 .functor OR 1, L_0x573553c8a500, L_0x573553c8b030, C4<0>, C4<0>;
v0x573553c3c320_0 .net *"_ivl_1", 0 0, L_0x573553c8a500;  1 drivers
v0x573553c3c400_0 .net *"_ivl_2", 0 0, L_0x573553c8b030;  1 drivers
S_0x573553c3c4e0 .scope generate, "chain_gen[8]" "chain_gen[8]" 2 18, 2 18 0, S_0x573553b9c850;
 .timescale 0 0;
P_0x573553c3b410 .param/l "i" 0 2 18, +C4<01000>;
L_0x573553c8a240 .functor OR 1, L_0x573553c8a2b0, L_0x573553c8a3a0, C4<0>, C4<0>;
v0x573553c3c770_0 .net *"_ivl_1", 0 0, L_0x573553c8a2b0;  1 drivers
v0x573553c3c850_0 .net *"_ivl_2", 0 0, L_0x573553c8a3a0;  1 drivers
S_0x573553c3c930 .scope generate, "chain_gen[9]" "chain_gen[9]" 2 18, 2 18 0, S_0x573553b9c850;
 .timescale 0 0;
P_0x573553c3cb30 .param/l "i" 0 2 18, +C4<01001>;
L_0x573553c89ff0 .functor OR 1, L_0x573553c8a060, L_0x573553c8a150, C4<0>, C4<0>;
v0x573553c3cc10_0 .net *"_ivl_1", 0 0, L_0x573553c8a060;  1 drivers
v0x573553c3ccf0_0 .net *"_ivl_2", 0 0, L_0x573553c8a150;  1 drivers
S_0x573553c3cdd0 .scope generate, "chain_gen[10]" "chain_gen[10]" 2 18, 2 18 0, S_0x573553b9c850;
 .timescale 0 0;
P_0x573553c3cfd0 .param/l "i" 0 2 18, +C4<01010>;
L_0x573553c8a740 .functor OR 1, L_0x573553c8a7b0, L_0x573553c89f00, C4<0>, C4<0>;
v0x573553c3d0b0_0 .net *"_ivl_1", 0 0, L_0x573553c8a7b0;  1 drivers
v0x573553c3d190_0 .net *"_ivl_2", 0 0, L_0x573553c89f00;  1 drivers
S_0x573553c3d270 .scope generate, "chain_gen[11]" "chain_gen[11]" 2 18, 2 18 0, S_0x573553b9c850;
 .timescale 0 0;
P_0x573553c3d470 .param/l "i" 0 2 18, +C4<01011>;
L_0x573553c89d30 .functor OR 1, L_0x573553c89da0, L_0x573553c8a650, C4<0>, C4<0>;
v0x573553c3d550_0 .net *"_ivl_1", 0 0, L_0x573553c89da0;  1 drivers
v0x573553c3d630_0 .net *"_ivl_2", 0 0, L_0x573553c8a650;  1 drivers
S_0x573553c3d710 .scope generate, "chain_gen[12]" "chain_gen[12]" 2 18, 2 18 0, S_0x573553b9c850;
 .timescale 0 0;
P_0x573553c3d910 .param/l "i" 0 2 18, +C4<01100>;
L_0x573553c89ae0 .functor OR 1, L_0x573553c89b50, L_0x573553c89c40, C4<0>, C4<0>;
v0x573553c3d9f0_0 .net *"_ivl_1", 0 0, L_0x573553c89b50;  1 drivers
v0x573553c3dad0_0 .net *"_ivl_2", 0 0, L_0x573553c89c40;  1 drivers
S_0x573553c3dbb0 .scope generate, "chain_gen[13]" "chain_gen[13]" 2 18, 2 18 0, S_0x573553b9c850;
 .timescale 0 0;
P_0x573553c3ddb0 .param/l "i" 0 2 18, +C4<01101>;
L_0x573553c89890 .functor OR 1, L_0x573553c89900, L_0x573553c899f0, C4<0>, C4<0>;
v0x573553c3de90_0 .net *"_ivl_1", 0 0, L_0x573553c89900;  1 drivers
v0x573553c3df70_0 .net *"_ivl_2", 0 0, L_0x573553c899f0;  1 drivers
S_0x573553c3e050 .scope generate, "chain_gen[14]" "chain_gen[14]" 2 18, 2 18 0, S_0x573553b9c850;
 .timescale 0 0;
P_0x573553c3e250 .param/l "i" 0 2 18, +C4<01110>;
L_0x573553c89600 .functor OR 1, L_0x573553c89670, L_0x573553c897a0, C4<0>, C4<0>;
v0x573553c3e330_0 .net *"_ivl_1", 0 0, L_0x573553c89670;  1 drivers
v0x573553c3e410_0 .net *"_ivl_2", 0 0, L_0x573553c897a0;  1 drivers
S_0x573553c3e4f0 .scope generate, "chain_gen[15]" "chain_gen[15]" 2 18, 2 18 0, S_0x573553b9c850;
 .timescale 0 0;
P_0x573553c3e6f0 .param/l "i" 0 2 18, +C4<01111>;
L_0x573553c893b0 .functor OR 1, L_0x573553c89420, L_0x573553c89510, C4<0>, C4<0>;
v0x573553c3e7d0_0 .net *"_ivl_1", 0 0, L_0x573553c89420;  1 drivers
v0x573553c3e8b0_0 .net *"_ivl_2", 0 0, L_0x573553c89510;  1 drivers
S_0x573553c3e990 .scope generate, "chain_gen[16]" "chain_gen[16]" 2 18, 2 18 0, S_0x573553b9c850;
 .timescale 0 0;
P_0x573553c3eb90 .param/l "i" 0 2 18, +C4<010000>;
L_0x573553c89160 .functor OR 1, L_0x573553c891d0, L_0x573553c892c0, C4<0>, C4<0>;
v0x573553c3ec70_0 .net *"_ivl_1", 0 0, L_0x573553c891d0;  1 drivers
v0x573553c3ed50_0 .net *"_ivl_2", 0 0, L_0x573553c892c0;  1 drivers
S_0x573553c3ee30 .scope generate, "chain_gen[17]" "chain_gen[17]" 2 18, 2 18 0, S_0x573553b9c850;
 .timescale 0 0;
P_0x573553c3f030 .param/l "i" 0 2 18, +C4<010001>;
L_0x573553c88eb0 .functor OR 1, L_0x573553c88f20, L_0x573553c89070, C4<0>, C4<0>;
v0x573553c3f110_0 .net *"_ivl_1", 0 0, L_0x573553c88f20;  1 drivers
v0x573553c3f1f0_0 .net *"_ivl_2", 0 0, L_0x573553c89070;  1 drivers
S_0x573553c3f2d0 .scope generate, "chain_gen[18]" "chain_gen[18]" 2 18, 2 18 0, S_0x573553b9c850;
 .timescale 0 0;
P_0x573553c3f4d0 .param/l "i" 0 2 18, +C4<010010>;
L_0x573553c88c60 .functor OR 1, L_0x573553c88cd0, L_0x573553c88dc0, C4<0>, C4<0>;
v0x573553c3f5b0_0 .net *"_ivl_1", 0 0, L_0x573553c88cd0;  1 drivers
v0x573553c3f690_0 .net *"_ivl_2", 0 0, L_0x573553c88dc0;  1 drivers
S_0x573553c3f770 .scope generate, "chain_gen[19]" "chain_gen[19]" 2 18, 2 18 0, S_0x573553b9c850;
 .timescale 0 0;
P_0x573553c3f970 .param/l "i" 0 2 18, +C4<010011>;
L_0x573553c88a10 .functor OR 1, L_0x573553c88a80, L_0x573553c88b70, C4<0>, C4<0>;
v0x573553c3fa50_0 .net *"_ivl_1", 0 0, L_0x573553c88a80;  1 drivers
v0x573553c3fb30_0 .net *"_ivl_2", 0 0, L_0x573553c88b70;  1 drivers
S_0x573553c3fc10 .scope generate, "chain_gen[20]" "chain_gen[20]" 2 18, 2 18 0, S_0x573553b9c850;
 .timescale 0 0;
P_0x573553c3fe10 .param/l "i" 0 2 18, +C4<010100>;
L_0x573553c88790 .functor OR 1, L_0x573553c88fd0, L_0x573553c88920, C4<0>, C4<0>;
v0x573553c3fef0_0 .net *"_ivl_1", 0 0, L_0x573553c88fd0;  1 drivers
v0x573553c3ffd0_0 .net *"_ivl_2", 0 0, L_0x573553c88920;  1 drivers
S_0x573553c400b0 .scope generate, "chain_gen[21]" "chain_gen[21]" 2 18, 2 18 0, S_0x573553b9c850;
 .timescale 0 0;
P_0x573553c402b0 .param/l "i" 0 2 18, +C4<010101>;
L_0x573553c88540 .functor OR 1, L_0x573553c885b0, L_0x573553c886a0, C4<0>, C4<0>;
v0x573553c40390_0 .net *"_ivl_1", 0 0, L_0x573553c885b0;  1 drivers
v0x573553c40470_0 .net *"_ivl_2", 0 0, L_0x573553c886a0;  1 drivers
S_0x573553c40550 .scope generate, "chain_gen[22]" "chain_gen[22]" 2 18, 2 18 0, S_0x573553b9c850;
 .timescale 0 0;
P_0x573553c40750 .param/l "i" 0 2 18, +C4<010110>;
L_0x573553c882f0 .functor OR 1, L_0x573553c88360, L_0x573553c88450, C4<0>, C4<0>;
v0x573553c40830_0 .net *"_ivl_1", 0 0, L_0x573553c88360;  1 drivers
v0x573553c40910_0 .net *"_ivl_2", 0 0, L_0x573553c88450;  1 drivers
S_0x573553c409f0 .scope generate, "chain_gen[23]" "chain_gen[23]" 2 18, 2 18 0, S_0x573553b9c850;
 .timescale 0 0;
P_0x573553c40bf0 .param/l "i" 0 2 18, +C4<010111>;
L_0x573553c88050 .functor OR 1, L_0x573553c88880, L_0x573553c88200, C4<0>, C4<0>;
v0x573553c40cd0_0 .net *"_ivl_1", 0 0, L_0x573553c88880;  1 drivers
v0x573553c40db0_0 .net *"_ivl_2", 0 0, L_0x573553c88200;  1 drivers
S_0x573553c40e90 .scope generate, "chain_gen[24]" "chain_gen[24]" 2 18, 2 18 0, S_0x573553b9c850;
 .timescale 0 0;
P_0x573553c41090 .param/l "i" 0 2 18, +C4<011000>;
L_0x573553c87e00 .functor OR 1, L_0x573553c87e70, L_0x573553c87f60, C4<0>, C4<0>;
v0x573553c41170_0 .net *"_ivl_1", 0 0, L_0x573553c87e70;  1 drivers
v0x573553c41250_0 .net *"_ivl_2", 0 0, L_0x573553c87f60;  1 drivers
S_0x573553c41330 .scope generate, "chain_gen[25]" "chain_gen[25]" 2 18, 2 18 0, S_0x573553b9c850;
 .timescale 0 0;
P_0x573553c41530 .param/l "i" 0 2 18, +C4<011001>;
L_0x573553c87bb0 .functor OR 1, L_0x573553c87c20, L_0x573553c87d10, C4<0>, C4<0>;
v0x573553c41610_0 .net *"_ivl_1", 0 0, L_0x573553c87c20;  1 drivers
v0x573553c416f0_0 .net *"_ivl_2", 0 0, L_0x573553c87d10;  1 drivers
S_0x573553c417d0 .scope generate, "chain_gen[26]" "chain_gen[26]" 2 18, 2 18 0, S_0x573553b9c850;
 .timescale 0 0;
P_0x573553c419d0 .param/l "i" 0 2 18, +C4<011010>;
L_0x573553c87920 .functor OR 1, L_0x573553c88110, L_0x573553c87ac0, C4<0>, C4<0>;
v0x573553c41ab0_0 .net *"_ivl_1", 0 0, L_0x573553c88110;  1 drivers
v0x573553c41b90_0 .net *"_ivl_2", 0 0, L_0x573553c87ac0;  1 drivers
S_0x573553c41c70 .scope generate, "chain_gen[27]" "chain_gen[27]" 2 18, 2 18 0, S_0x573553b9c850;
 .timescale 0 0;
P_0x573553c41e70 .param/l "i" 0 2 18, +C4<011011>;
L_0x573553c876d0 .functor OR 1, L_0x573553c87740, L_0x573553c87830, C4<0>, C4<0>;
v0x573553c41f50_0 .net *"_ivl_1", 0 0, L_0x573553c87740;  1 drivers
v0x573553c42030_0 .net *"_ivl_2", 0 0, L_0x573553c87830;  1 drivers
S_0x573553c42110 .scope generate, "chain_gen[28]" "chain_gen[28]" 2 18, 2 18 0, S_0x573553b9c850;
 .timescale 0 0;
P_0x573553c42310 .param/l "i" 0 2 18, +C4<011100>;
L_0x573553c87480 .functor OR 1, L_0x573553c874f0, L_0x573553c875e0, C4<0>, C4<0>;
v0x573553c423f0_0 .net *"_ivl_1", 0 0, L_0x573553c874f0;  1 drivers
v0x573553c424d0_0 .net *"_ivl_2", 0 0, L_0x573553c875e0;  1 drivers
S_0x573553c425b0 .scope generate, "chain_gen[29]" "chain_gen[29]" 2 18, 2 18 0, S_0x573553b9c850;
 .timescale 0 0;
P_0x573553c427b0 .param/l "i" 0 2 18, +C4<011101>;
L_0x573553c879b0 .functor OR 1, L_0x573553c87a20, L_0x573553c87390, C4<0>, C4<0>;
v0x573553c42890_0 .net *"_ivl_1", 0 0, L_0x573553c87a20;  1 drivers
v0x573553c42970_0 .net *"_ivl_2", 0 0, L_0x573553c87390;  1 drivers
S_0x573553c42a50 .scope generate, "chain_gen[30]" "chain_gen[30]" 2 18, 2 18 0, S_0x573553b9c850;
 .timescale 0 0;
P_0x573553c42c50 .param/l "i" 0 2 18, +C4<011110>;
L_0x573553c86f80 .functor OR 1, L_0x573553c86ff0, L_0x573553c870e0, C4<0>, C4<0>;
v0x573553c42d30_0 .net *"_ivl_1", 0 0, L_0x573553c86ff0;  1 drivers
v0x573553c42e10_0 .net *"_ivl_2", 0 0, L_0x573553c870e0;  1 drivers
S_0x573553c42ef0 .scope generate, "chain_gen[31]" "chain_gen[31]" 2 18, 2 18 0, S_0x573553b9c850;
 .timescale 0 0;
P_0x573553c430f0 .param/l "i" 0 2 18, +C4<011111>;
L_0x573553c86d30 .functor OR 1, L_0x573553c86da0, L_0x573553c86e90, C4<0>, C4<0>;
v0x573553c431d0_0 .net *"_ivl_1", 0 0, L_0x573553c86da0;  1 drivers
v0x573553c432b0_0 .net *"_ivl_2", 0 0, L_0x573553c86e90;  1 drivers
S_0x573553c43390 .scope generate, "chain_gen[32]" "chain_gen[32]" 2 18, 2 18 0, S_0x573553b9c850;
 .timescale 0 0;
P_0x573553c43590 .param/l "i" 0 2 18, +C4<0100000>;
L_0x573553c87230 .functor OR 1, L_0x573553c872a0, L_0x573553c86c40, C4<0>, C4<0>;
v0x573553c43650_0 .net *"_ivl_1", 0 0, L_0x573553c872a0;  1 drivers
v0x573553c43750_0 .net *"_ivl_2", 0 0, L_0x573553c86c40;  1 drivers
S_0x573553c43830 .scope generate, "chain_gen[33]" "chain_gen[33]" 2 18, 2 18 0, S_0x573553b9c850;
 .timescale 0 0;
P_0x573553c43a30 .param/l "i" 0 2 18, +C4<0100001>;
L_0x573553c86860 .functor OR 1, L_0x573553c868d0, L_0x573553c869c0, C4<0>, C4<0>;
v0x573553c43af0_0 .net *"_ivl_1", 0 0, L_0x573553c868d0;  1 drivers
v0x573553c43bf0_0 .net *"_ivl_2", 0 0, L_0x573553c869c0;  1 drivers
S_0x573553c43cd0 .scope generate, "chain_gen[34]" "chain_gen[34]" 2 18, 2 18 0, S_0x573553b9c850;
 .timescale 0 0;
P_0x573553c43ed0 .param/l "i" 0 2 18, +C4<0100010>;
L_0x573553c86610 .functor OR 1, L_0x573553c86680, L_0x573553c86770, C4<0>, C4<0>;
v0x573553c43f90_0 .net *"_ivl_1", 0 0, L_0x573553c86680;  1 drivers
v0x573553c44090_0 .net *"_ivl_2", 0 0, L_0x573553c86770;  1 drivers
S_0x573553c44170 .scope generate, "chain_gen[35]" "chain_gen[35]" 2 18, 2 18 0, S_0x573553b9c850;
 .timescale 0 0;
P_0x573553c44370 .param/l "i" 0 2 18, +C4<0100011>;
L_0x573553c86ae0 .functor OR 1, L_0x573553c86b50, L_0x573553c86520, C4<0>, C4<0>;
v0x573553c44430_0 .net *"_ivl_1", 0 0, L_0x573553c86b50;  1 drivers
v0x573553c44530_0 .net *"_ivl_2", 0 0, L_0x573553c86520;  1 drivers
S_0x573553c44610 .scope generate, "chain_gen[36]" "chain_gen[36]" 2 18, 2 18 0, S_0x573553b9c850;
 .timescale 0 0;
P_0x573553c44810 .param/l "i" 0 2 18, +C4<0100100>;
L_0x573553c86120 .functor OR 1, L_0x573553c86190, L_0x573553c86280, C4<0>, C4<0>;
v0x573553c448d0_0 .net *"_ivl_1", 0 0, L_0x573553c86190;  1 drivers
v0x573553c449d0_0 .net *"_ivl_2", 0 0, L_0x573553c86280;  1 drivers
S_0x573553c44ab0 .scope generate, "chain_gen[37]" "chain_gen[37]" 2 18, 2 18 0, S_0x573553b9c850;
 .timescale 0 0;
P_0x573553c44cb0 .param/l "i" 0 2 18, +C4<0100101>;
L_0x573553c85ed0 .functor OR 1, L_0x573553c85f40, L_0x573553c86030, C4<0>, C4<0>;
v0x573553c44d70_0 .net *"_ivl_1", 0 0, L_0x573553c85f40;  1 drivers
v0x573553c44e70_0 .net *"_ivl_2", 0 0, L_0x573553c86030;  1 drivers
S_0x573553c44f50 .scope generate, "chain_gen[38]" "chain_gen[38]" 2 18, 2 18 0, S_0x573553b9c850;
 .timescale 0 0;
P_0x573553c45150 .param/l "i" 0 2 18, +C4<0100110>;
L_0x573553c863c0 .functor OR 1, L_0x573553c86430, L_0x573553c85de0, C4<0>, C4<0>;
v0x573553c45210_0 .net *"_ivl_1", 0 0, L_0x573553c86430;  1 drivers
v0x573553c45310_0 .net *"_ivl_2", 0 0, L_0x573553c85de0;  1 drivers
S_0x573553c453f0 .scope generate, "chain_gen[39]" "chain_gen[39]" 2 18, 2 18 0, S_0x573553b9c850;
 .timescale 0 0;
P_0x573553c455f0 .param/l "i" 0 2 18, +C4<0100111>;
L_0x573553c859c0 .functor OR 1, L_0x573553c85a30, L_0x573553c85b20, C4<0>, C4<0>;
v0x573553c456b0_0 .net *"_ivl_1", 0 0, L_0x573553c85a30;  1 drivers
v0x573553c457b0_0 .net *"_ivl_2", 0 0, L_0x573553c85b20;  1 drivers
S_0x573553c45890 .scope generate, "chain_gen[40]" "chain_gen[40]" 2 18, 2 18 0, S_0x573553b9c850;
 .timescale 0 0;
P_0x573553c45a90 .param/l "i" 0 2 18, +C4<0101000>;
L_0x573553c85770 .functor OR 1, L_0x573553c857e0, L_0x573553c858d0, C4<0>, C4<0>;
v0x573553c45b50_0 .net *"_ivl_1", 0 0, L_0x573553c857e0;  1 drivers
v0x573553c45c50_0 .net *"_ivl_2", 0 0, L_0x573553c858d0;  1 drivers
S_0x573553c45d30 .scope generate, "chain_gen[41]" "chain_gen[41]" 2 18, 2 18 0, S_0x573553b9c850;
 .timescale 0 0;
P_0x573553c45f30 .param/l "i" 0 2 18, +C4<0101001>;
L_0x573553c85c80 .functor OR 1, L_0x573553c85cf0, L_0x573553c85680, C4<0>, C4<0>;
v0x573553c45ff0_0 .net *"_ivl_1", 0 0, L_0x573553c85cf0;  1 drivers
v0x573553c460f0_0 .net *"_ivl_2", 0 0, L_0x573553c85680;  1 drivers
S_0x573553c461d0 .scope generate, "chain_gen[42]" "chain_gen[42]" 2 18, 2 18 0, S_0x573553b9c850;
 .timescale 0 0;
P_0x573553c463d0 .param/l "i" 0 2 18, +C4<0101010>;
L_0x573553c85290 .functor OR 1, L_0x573553c85300, L_0x573553c85be0, C4<0>, C4<0>;
v0x573553c46490_0 .net *"_ivl_1", 0 0, L_0x573553c85300;  1 drivers
v0x573553c46590_0 .net *"_ivl_2", 0 0, L_0x573553c85be0;  1 drivers
S_0x573553c46670 .scope generate, "chain_gen[43]" "chain_gen[43]" 2 18, 2 18 0, S_0x573553b9c850;
 .timescale 0 0;
P_0x573553c46870 .param/l "i" 0 2 18, +C4<0101011>;
L_0x573553c85040 .functor OR 1, L_0x573553c850b0, L_0x573553c851a0, C4<0>, C4<0>;
v0x573553c46930_0 .net *"_ivl_1", 0 0, L_0x573553c850b0;  1 drivers
v0x573553c46a30_0 .net *"_ivl_2", 0 0, L_0x573553c851a0;  1 drivers
S_0x573553c46b10 .scope generate, "chain_gen[44]" "chain_gen[44]" 2 18, 2 18 0, S_0x573553b9c850;
 .timescale 0 0;
P_0x573553c46d10 .param/l "i" 0 2 18, +C4<0101100>;
L_0x573553c85520 .functor OR 1, L_0x573553c85590, L_0x573553c84f50, C4<0>, C4<0>;
v0x573553c46dd0_0 .net *"_ivl_1", 0 0, L_0x573553c85590;  1 drivers
v0x573553c46ed0_0 .net *"_ivl_2", 0 0, L_0x573553c84f50;  1 drivers
S_0x573553c46fb0 .scope generate, "chain_gen[45]" "chain_gen[45]" 2 18, 2 18 0, S_0x573553b9c850;
 .timescale 0 0;
P_0x573553c471b0 .param/l "i" 0 2 18, +C4<0101101>;
L_0x573553c84b40 .functor OR 1, L_0x573553c84bb0, L_0x573553c85480, C4<0>, C4<0>;
v0x573553c47270_0 .net *"_ivl_1", 0 0, L_0x573553c84bb0;  1 drivers
v0x573553c47370_0 .net *"_ivl_2", 0 0, L_0x573553c85480;  1 drivers
S_0x573553c47450 .scope generate, "chain_gen[46]" "chain_gen[46]" 2 18, 2 18 0, S_0x573553b9c850;
 .timescale 0 0;
P_0x573553c47650 .param/l "i" 0 2 18, +C4<0101110>;
L_0x573553c848f0 .functor OR 1, L_0x573553c84960, L_0x573553c84a50, C4<0>, C4<0>;
v0x573553c47710_0 .net *"_ivl_1", 0 0, L_0x573553c84960;  1 drivers
v0x573553c47810_0 .net *"_ivl_2", 0 0, L_0x573553c84a50;  1 drivers
S_0x573553c478f0 .scope generate, "chain_gen[47]" "chain_gen[47]" 2 18, 2 18 0, S_0x573553b9c850;
 .timescale 0 0;
P_0x573553c47af0 .param/l "i" 0 2 18, +C4<0101111>;
L_0x573553c84df0 .functor OR 1, L_0x573553c84e60, L_0x573553c84800, C4<0>, C4<0>;
v0x573553c47bb0_0 .net *"_ivl_1", 0 0, L_0x573553c84e60;  1 drivers
v0x573553c47cb0_0 .net *"_ivl_2", 0 0, L_0x573553c84800;  1 drivers
S_0x573553c47d90 .scope generate, "chain_gen[48]" "chain_gen[48]" 2 18, 2 18 0, S_0x573553b9c850;
 .timescale 0 0;
P_0x573553c47f90 .param/l "i" 0 2 18, +C4<0110000>;
L_0x573553c84420 .functor OR 1, L_0x573553c84490, L_0x573553c84d00, C4<0>, C4<0>;
v0x573553c48050_0 .net *"_ivl_1", 0 0, L_0x573553c84490;  1 drivers
v0x573553c48150_0 .net *"_ivl_2", 0 0, L_0x573553c84d00;  1 drivers
S_0x573553c48230 .scope generate, "chain_gen[49]" "chain_gen[49]" 2 18, 2 18 0, S_0x573553b9c850;
 .timescale 0 0;
P_0x573553c48430 .param/l "i" 0 2 18, +C4<0110001>;
L_0x573553c841d0 .functor OR 1, L_0x573553c84240, L_0x573553c84330, C4<0>, C4<0>;
v0x573553c484f0_0 .net *"_ivl_1", 0 0, L_0x573553c84240;  1 drivers
v0x573553c485f0_0 .net *"_ivl_2", 0 0, L_0x573553c84330;  1 drivers
S_0x573553c486d0 .scope generate, "chain_gen[50]" "chain_gen[50]" 2 18, 2 18 0, S_0x573553b9c850;
 .timescale 0 0;
P_0x573553c488d0 .param/l "i" 0 2 18, +C4<0110010>;
L_0x573553c846a0 .functor OR 1, L_0x573553c84710, L_0x573553c840e0, C4<0>, C4<0>;
v0x573553c48990_0 .net *"_ivl_1", 0 0, L_0x573553c84710;  1 drivers
v0x573553c48a90_0 .net *"_ivl_2", 0 0, L_0x573553c840e0;  1 drivers
S_0x573553c48b70 .scope generate, "chain_gen[51]" "chain_gen[51]" 2 18, 2 18 0, S_0x573553b9c850;
 .timescale 0 0;
P_0x573553c48d70 .param/l "i" 0 2 18, +C4<0110011>;
L_0x573553c83f30 .functor OR 1, L_0x573553c83fa0, L_0x573553c845b0, C4<0>, C4<0>;
v0x573553c48e30_0 .net *"_ivl_1", 0 0, L_0x573553c83fa0;  1 drivers
v0x573553c48f30_0 .net *"_ivl_2", 0 0, L_0x573553c845b0;  1 drivers
S_0x573553c49010 .scope generate, "chain_gen[52]" "chain_gen[52]" 2 18, 2 18 0, S_0x573553b9c850;
 .timescale 0 0;
P_0x573553c49210 .param/l "i" 0 2 18, +C4<0110100>;
L_0x573553c83ce0 .functor OR 1, L_0x573553c83d50, L_0x573553c83e40, C4<0>, C4<0>;
v0x573553c492d0_0 .net *"_ivl_1", 0 0, L_0x573553c83d50;  1 drivers
v0x573553c493d0_0 .net *"_ivl_2", 0 0, L_0x573553c83e40;  1 drivers
S_0x573553c494b0 .scope generate, "chain_gen[53]" "chain_gen[53]" 2 18, 2 18 0, S_0x573553b9c850;
 .timescale 0 0;
P_0x573553c496b0 .param/l "i" 0 2 18, +C4<0110101>;
L_0x573553c83a60 .functor OR 1, L_0x573553c83ad0, L_0x573553c83bf0, C4<0>, C4<0>;
v0x573553c49770_0 .net *"_ivl_1", 0 0, L_0x573553c83ad0;  1 drivers
v0x573553c49870_0 .net *"_ivl_2", 0 0, L_0x573553c83bf0;  1 drivers
S_0x573553c49950 .scope generate, "chain_gen[54]" "chain_gen[54]" 2 18, 2 18 0, S_0x573553b9c850;
 .timescale 0 0;
P_0x573553c49b50 .param/l "i" 0 2 18, +C4<0110110>;
L_0x573553c83810 .functor OR 1, L_0x573553c83880, L_0x573553c83970, C4<0>, C4<0>;
v0x573553c49c10_0 .net *"_ivl_1", 0 0, L_0x573553c83880;  1 drivers
v0x573553c49d10_0 .net *"_ivl_2", 0 0, L_0x573553c83970;  1 drivers
S_0x573553c49df0 .scope generate, "chain_gen[55]" "chain_gen[55]" 2 18, 2 18 0, S_0x573553b9c850;
 .timescale 0 0;
P_0x573553c49ff0 .param/l "i" 0 2 18, +C4<0110111>;
L_0x573553c835b0 .functor OR 1, L_0x573553c83620, L_0x573553c83720, C4<0>, C4<0>;
v0x573553c4a0b0_0 .net *"_ivl_1", 0 0, L_0x573553c83620;  1 drivers
v0x573553c4a1b0_0 .net *"_ivl_2", 0 0, L_0x573553c83720;  1 drivers
S_0x573553c4a290 .scope generate, "chain_gen[56]" "chain_gen[56]" 2 18, 2 18 0, S_0x573553b9c850;
 .timescale 0 0;
P_0x573553c4a490 .param/l "i" 0 2 18, +C4<0111000>;
L_0x573553c83360 .functor OR 1, L_0x573553c833d0, L_0x573553c834c0, C4<0>, C4<0>;
v0x573553c4a550_0 .net *"_ivl_1", 0 0, L_0x573553c833d0;  1 drivers
v0x573553c4a650_0 .net *"_ivl_2", 0 0, L_0x573553c834c0;  1 drivers
S_0x573553c4a730 .scope generate, "chain_gen[57]" "chain_gen[57]" 2 18, 2 18 0, S_0x573553b9c850;
 .timescale 0 0;
P_0x573553c4a930 .param/l "i" 0 2 18, +C4<0111001>;
L_0x573553c83080 .functor OR 1, L_0x573553c830f0, L_0x573553c83270, C4<0>, C4<0>;
v0x573553c4a9f0_0 .net *"_ivl_1", 0 0, L_0x573553c830f0;  1 drivers
v0x573553c4aaf0_0 .net *"_ivl_2", 0 0, L_0x573553c83270;  1 drivers
S_0x573553c4abd0 .scope generate, "chain_gen[58]" "chain_gen[58]" 2 18, 2 18 0, S_0x573553b9c850;
 .timescale 0 0;
P_0x573553c4add0 .param/l "i" 0 2 18, +C4<0111010>;
L_0x573553c82e80 .functor OR 1, L_0x573553c82ef0, L_0x573553c82f90, C4<0>, C4<0>;
v0x573553c4ae90_0 .net *"_ivl_1", 0 0, L_0x573553c82ef0;  1 drivers
v0x573553c4af90_0 .net *"_ivl_2", 0 0, L_0x573553c82f90;  1 drivers
S_0x573553c4b070 .scope generate, "chain_gen[59]" "chain_gen[59]" 2 18, 2 18 0, S_0x573553b9c850;
 .timescale 0 0;
P_0x573553c4b270 .param/l "i" 0 2 18, +C4<0111011>;
L_0x573553c82a60 .functor OR 1, L_0x573553c831d0, L_0x573553c82d90, C4<0>, C4<0>;
v0x573553c4b330_0 .net *"_ivl_1", 0 0, L_0x573553c831d0;  1 drivers
v0x573553c4b430_0 .net *"_ivl_2", 0 0, L_0x573553c82d90;  1 drivers
S_0x573553c4b510 .scope generate, "chain_gen[60]" "chain_gen[60]" 2 18, 2 18 0, S_0x573553b9c850;
 .timescale 0 0;
P_0x573553c4b710 .param/l "i" 0 2 18, +C4<0111100>;
L_0x573553c82860 .functor OR 1, L_0x573553c828d0, L_0x573553c829c0, C4<0>, C4<0>;
v0x573553c4b7d0_0 .net *"_ivl_1", 0 0, L_0x573553c828d0;  1 drivers
v0x573553c4b8d0_0 .net *"_ivl_2", 0 0, L_0x573553c829c0;  1 drivers
S_0x573553c4b9b0 .scope generate, "chain_gen[61]" "chain_gen[61]" 2 18, 2 18 0, S_0x573553b9c850;
 .timescale 0 0;
P_0x573553c4bbb0 .param/l "i" 0 2 18, +C4<0111101>;
L_0x573553c82c30 .functor OR 1, L_0x573553c82ca0, L_0x573553c82720, C4<0>, C4<0>;
v0x573553c4bc70_0 .net *"_ivl_1", 0 0, L_0x573553c82ca0;  1 drivers
v0x573553c4bd70_0 .net *"_ivl_2", 0 0, L_0x573553c82720;  1 drivers
S_0x573553c4be50 .scope generate, "chain_gen[62]" "chain_gen[62]" 2 18, 2 18 0, S_0x573553b9c850;
 .timescale 0 0;
P_0x573553c4c050 .param/l "i" 0 2 18, +C4<0111110>;
L_0x573553c82570 .functor OR 1, L_0x573553c825e0, L_0x573553c82b40, C4<0>, C4<0>;
v0x573553c4c110_0 .net *"_ivl_1", 0 0, L_0x573553c825e0;  1 drivers
v0x573553c4c210_0 .net *"_ivl_2", 0 0, L_0x573553c82b40;  1 drivers
S_0x573553c4c2f0 .scope generate, "less_gen[0]" "less_gen[0]" 2 5, 2 5 0, S_0x573553b9c850;
 .timescale 0 0;
P_0x573553c4c4f0 .param/l "i" 0 2 5, +C4<00>;
L_0x573553c6a6c0 .functor NOT 1, L_0x573553c6a790, C4<0>, C4<0>, C4<0>;
L_0x573553c6a880 .functor AND 1, L_0x573553c6a6c0, L_0x573553c6a940, C4<1>, C4<1>;
v0x573553c4c5d0_0 .net *"_ivl_1", 0 0, L_0x573553c6a790;  1 drivers
v0x573553c4c6b0_0 .net *"_ivl_3", 0 0, L_0x573553c6a940;  1 drivers
v0x573553c4c790_0 .net "not_a", 0 0, L_0x573553c6a6c0;  1 drivers
S_0x573553c4c830 .scope generate, "less_gen[1]" "less_gen[1]" 2 5, 2 5 0, S_0x573553b9c850;
 .timescale 0 0;
P_0x573553c4ce40 .param/l "i" 0 2 5, +C4<01>;
L_0x573553c6aa80 .functor NOT 1, L_0x573553c6aaf0, C4<0>, C4<0>, C4<0>;
L_0x573553c6abe0 .functor AND 1, L_0x573553c6aa80, L_0x573553c6aca0, C4<1>, C4<1>;
v0x573553c4cf20_0 .net *"_ivl_1", 0 0, L_0x573553c6aaf0;  1 drivers
v0x573553c4d000_0 .net *"_ivl_3", 0 0, L_0x573553c6aca0;  1 drivers
v0x573553c4d0e0_0 .net "not_a", 0 0, L_0x573553c6aa80;  1 drivers
S_0x573553c4d1b0 .scope generate, "less_gen[2]" "less_gen[2]" 2 5, 2 5 0, S_0x573553b9c850;
 .timescale 0 0;
P_0x573553c4d3b0 .param/l "i" 0 2 5, +C4<010>;
L_0x573553c6adc0 .functor NOT 1, L_0x573553c6ae30, C4<0>, C4<0>, C4<0>;
L_0x573553c6af20 .functor AND 1, L_0x573553c6adc0, L_0x573553c6af90, C4<1>, C4<1>;
v0x573553c4d490_0 .net *"_ivl_1", 0 0, L_0x573553c6ae30;  1 drivers
v0x573553c4d570_0 .net *"_ivl_3", 0 0, L_0x573553c6af90;  1 drivers
v0x573553c4d650_0 .net "not_a", 0 0, L_0x573553c6adc0;  1 drivers
S_0x573553c4d720 .scope generate, "less_gen[3]" "less_gen[3]" 2 5, 2 5 0, S_0x573553b9c850;
 .timescale 0 0;
P_0x573553c4d920 .param/l "i" 0 2 5, +C4<011>;
L_0x573553c6b0c0 .functor NOT 1, L_0x573553c6b130, C4<0>, C4<0>, C4<0>;
L_0x573553c6b1d0 .functor AND 1, L_0x573553c6b0c0, L_0x573553c6b290, C4<1>, C4<1>;
v0x573553c4da00_0 .net *"_ivl_1", 0 0, L_0x573553c6b130;  1 drivers
v0x573553c4dae0_0 .net *"_ivl_3", 0 0, L_0x573553c6b290;  1 drivers
v0x573553c4dbc0_0 .net "not_a", 0 0, L_0x573553c6b0c0;  1 drivers
S_0x573553c4dc90 .scope generate, "less_gen[4]" "less_gen[4]" 2 5, 2 5 0, S_0x573553b9c850;
 .timescale 0 0;
P_0x573553c4de90 .param/l "i" 0 2 5, +C4<0100>;
L_0x573553c6b3d0 .functor NOT 1, L_0x573553c6b470, C4<0>, C4<0>, C4<0>;
L_0x573553c6b560 .functor AND 1, L_0x573553c6b3d0, L_0x573553c6b620, C4<1>, C4<1>;
v0x573553c4df70_0 .net *"_ivl_1", 0 0, L_0x573553c6b470;  1 drivers
v0x573553c4e050_0 .net *"_ivl_3", 0 0, L_0x573553c6b620;  1 drivers
v0x573553c4e130_0 .net "not_a", 0 0, L_0x573553c6b3d0;  1 drivers
S_0x573553c4e200 .scope generate, "less_gen[5]" "less_gen[5]" 2 5, 2 5 0, S_0x573553b9c850;
 .timescale 0 0;
P_0x573553c4e400 .param/l "i" 0 2 5, +C4<0101>;
L_0x573553c6b770 .functor NOT 1, L_0x573553c6b810, C4<0>, C4<0>, C4<0>;
L_0x573553c6b8b0 .functor AND 1, L_0x573553c6b770, L_0x573553c6b970, C4<1>, C4<1>;
v0x573553c4e4e0_0 .net *"_ivl_1", 0 0, L_0x573553c6b810;  1 drivers
v0x573553c4e5c0_0 .net *"_ivl_3", 0 0, L_0x573553c6b970;  1 drivers
v0x573553c4e6a0_0 .net "not_a", 0 0, L_0x573553c6b770;  1 drivers
S_0x573553c4e770 .scope generate, "less_gen[6]" "less_gen[6]" 2 5, 2 5 0, S_0x573553b9c850;
 .timescale 0 0;
P_0x573553c4e970 .param/l "i" 0 2 5, +C4<0110>;
L_0x573553c6bad0 .functor NOT 1, L_0x573553c6bb70, C4<0>, C4<0>, C4<0>;
L_0x573553c6bc60 .functor AND 1, L_0x573553c6bad0, L_0x573553c6bd20, C4<1>, C4<1>;
v0x573553c4ea50_0 .net *"_ivl_1", 0 0, L_0x573553c6bb70;  1 drivers
v0x573553c4eb30_0 .net *"_ivl_3", 0 0, L_0x573553c6bd20;  1 drivers
v0x573553c4ec10_0 .net "not_a", 0 0, L_0x573553c6bad0;  1 drivers
S_0x573553c4ece0 .scope generate, "less_gen[7]" "less_gen[7]" 2 5, 2 5 0, S_0x573553b9c850;
 .timescale 0 0;
P_0x573553c4eee0 .param/l "i" 0 2 5, +C4<0111>;
L_0x573553c6ba60 .functor NOT 1, L_0x573553c6bec0, C4<0>, C4<0>, C4<0>;
L_0x573553c6bfb0 .functor AND 1, L_0x573553c6ba60, L_0x573553c6c070, C4<1>, C4<1>;
v0x573553c4efc0_0 .net *"_ivl_1", 0 0, L_0x573553c6bec0;  1 drivers
v0x573553c4f0a0_0 .net *"_ivl_3", 0 0, L_0x573553c6c070;  1 drivers
v0x573553c4f180_0 .net "not_a", 0 0, L_0x573553c6ba60;  1 drivers
S_0x573553c4f250 .scope generate, "less_gen[8]" "less_gen[8]" 2 5, 2 5 0, S_0x573553b9c850;
 .timescale 0 0;
P_0x573553c4f450 .param/l "i" 0 2 5, +C4<01000>;
L_0x573553c6c1f0 .functor NOT 1, L_0x573553c6c290, C4<0>, C4<0>, C4<0>;
L_0x573553c6c380 .functor AND 1, L_0x573553c6c1f0, L_0x573553c6c440, C4<1>, C4<1>;
v0x573553c4f530_0 .net *"_ivl_1", 0 0, L_0x573553c6c290;  1 drivers
v0x573553c4f610_0 .net *"_ivl_3", 0 0, L_0x573553c6c440;  1 drivers
v0x573553c4f6f0_0 .net "not_a", 0 0, L_0x573553c6c1f0;  1 drivers
S_0x573553c4f7c0 .scope generate, "less_gen[9]" "less_gen[9]" 2 5, 2 5 0, S_0x573553b9c850;
 .timescale 0 0;
P_0x573553c4f9c0 .param/l "i" 0 2 5, +C4<01001>;
L_0x573553c6c5d0 .functor NOT 1, L_0x573553c6c670, C4<0>, C4<0>, C4<0>;
L_0x573553c6c760 .functor AND 1, L_0x573553c6c5d0, L_0x573553c6c820, C4<1>, C4<1>;
v0x573553c4faa0_0 .net *"_ivl_1", 0 0, L_0x573553c6c670;  1 drivers
v0x573553c4fb80_0 .net *"_ivl_3", 0 0, L_0x573553c6c820;  1 drivers
v0x573553c4fc60_0 .net "not_a", 0 0, L_0x573553c6c5d0;  1 drivers
S_0x573553c4fd30 .scope generate, "less_gen[10]" "less_gen[10]" 2 5, 2 5 0, S_0x573553b9c850;
 .timescale 0 0;
P_0x573553c4ff30 .param/l "i" 0 2 5, +C4<01010>;
L_0x573553c6c9c0 .functor NOT 1, L_0x573553c6c530, C4<0>, C4<0>, C4<0>;
L_0x573553c6cab0 .functor AND 1, L_0x573553c6c9c0, L_0x573553c6cb70, C4<1>, C4<1>;
v0x573553c50010_0 .net *"_ivl_1", 0 0, L_0x573553c6c530;  1 drivers
v0x573553c500f0_0 .net *"_ivl_3", 0 0, L_0x573553c6cb70;  1 drivers
v0x573553c501d0_0 .net "not_a", 0 0, L_0x573553c6c9c0;  1 drivers
S_0x573553c502a0 .scope generate, "less_gen[11]" "less_gen[11]" 2 5, 2 5 0, S_0x573553b9c850;
 .timescale 0 0;
P_0x573553c504a0 .param/l "i" 0 2 5, +C4<01011>;
L_0x573553c6cd20 .functor NOT 1, L_0x573553c6cdc0, C4<0>, C4<0>, C4<0>;
L_0x573553c6ceb0 .functor AND 1, L_0x573553c6cd20, L_0x573553c6cf70, C4<1>, C4<1>;
v0x573553c50580_0 .net *"_ivl_1", 0 0, L_0x573553c6cdc0;  1 drivers
v0x573553c50660_0 .net *"_ivl_3", 0 0, L_0x573553c6cf70;  1 drivers
v0x573553c50740_0 .net "not_a", 0 0, L_0x573553c6cd20;  1 drivers
S_0x573553c50810 .scope generate, "less_gen[12]" "less_gen[12]" 2 5, 2 5 0, S_0x573553b9c850;
 .timescale 0 0;
P_0x573553c50a10 .param/l "i" 0 2 5, +C4<01100>;
L_0x573553c6d130 .functor NOT 1, L_0x573553c6d1d0, C4<0>, C4<0>, C4<0>;
L_0x573553c6d2c0 .functor AND 1, L_0x573553c6d130, L_0x573553c6d380, C4<1>, C4<1>;
v0x573553c50af0_0 .net *"_ivl_1", 0 0, L_0x573553c6d1d0;  1 drivers
v0x573553c50bd0_0 .net *"_ivl_3", 0 0, L_0x573553c6d380;  1 drivers
v0x573553c50cb0_0 .net "not_a", 0 0, L_0x573553c6d130;  1 drivers
S_0x573553c50d80 .scope generate, "less_gen[13]" "less_gen[13]" 2 5, 2 5 0, S_0x573553b9c850;
 .timescale 0 0;
P_0x573553c50f80 .param/l "i" 0 2 5, +C4<01101>;
L_0x573553c6d550 .functor NOT 1, L_0x573553c6d5f0, C4<0>, C4<0>, C4<0>;
L_0x573553c6d6e0 .functor AND 1, L_0x573553c6d550, L_0x573553c6d7a0, C4<1>, C4<1>;
v0x573553c51060_0 .net *"_ivl_1", 0 0, L_0x573553c6d5f0;  1 drivers
v0x573553c51140_0 .net *"_ivl_3", 0 0, L_0x573553c6d7a0;  1 drivers
v0x573553c51220_0 .net "not_a", 0 0, L_0x573553c6d550;  1 drivers
S_0x573553c512f0 .scope generate, "less_gen[14]" "less_gen[14]" 2 5, 2 5 0, S_0x573553b9c850;
 .timescale 0 0;
P_0x573553c514f0 .param/l "i" 0 2 5, +C4<01110>;
L_0x573553c6d980 .functor NOT 1, L_0x573553c6da20, C4<0>, C4<0>, C4<0>;
L_0x573553c6db10 .functor AND 1, L_0x573553c6d980, L_0x573553c6dbd0, C4<1>, C4<1>;
v0x573553c515d0_0 .net *"_ivl_1", 0 0, L_0x573553c6da20;  1 drivers
v0x573553c516b0_0 .net *"_ivl_3", 0 0, L_0x573553c6dbd0;  1 drivers
v0x573553c51790_0 .net "not_a", 0 0, L_0x573553c6d980;  1 drivers
S_0x573553c51860 .scope generate, "less_gen[15]" "less_gen[15]" 2 5, 2 5 0, S_0x573553b9c850;
 .timescale 0 0;
P_0x573553c51a60 .param/l "i" 0 2 5, +C4<01111>;
L_0x573553c6dfd0 .functor NOT 1, L_0x573553c6e070, C4<0>, C4<0>, C4<0>;
L_0x573553c6e160 .functor AND 1, L_0x573553c6dfd0, L_0x573553c6e220, C4<1>, C4<1>;
v0x573553c51b40_0 .net *"_ivl_1", 0 0, L_0x573553c6e070;  1 drivers
v0x573553c51c20_0 .net *"_ivl_3", 0 0, L_0x573553c6e220;  1 drivers
v0x573553c51d00_0 .net "not_a", 0 0, L_0x573553c6dfd0;  1 drivers
S_0x573553c51dd0 .scope generate, "less_gen[16]" "less_gen[16]" 2 5, 2 5 0, S_0x573553b9c850;
 .timescale 0 0;
P_0x573553c51fd0 .param/l "i" 0 2 5, +C4<010000>;
L_0x573553c6e420 .functor NOT 1, L_0x573553c6e4c0, C4<0>, C4<0>, C4<0>;
L_0x573553c6e5b0 .functor AND 1, L_0x573553c6e420, L_0x573553c6e670, C4<1>, C4<1>;
v0x573553c520b0_0 .net *"_ivl_1", 0 0, L_0x573553c6e4c0;  1 drivers
v0x573553c52190_0 .net *"_ivl_3", 0 0, L_0x573553c6e670;  1 drivers
v0x573553c52270_0 .net "not_a", 0 0, L_0x573553c6e420;  1 drivers
S_0x573553c52340 .scope generate, "less_gen[17]" "less_gen[17]" 2 5, 2 5 0, S_0x573553b9c850;
 .timescale 0 0;
P_0x573553c52540 .param/l "i" 0 2 5, +C4<010001>;
L_0x573553c6e880 .functor NOT 1, L_0x573553c6e920, C4<0>, C4<0>, C4<0>;
L_0x573553c6ea10 .functor AND 1, L_0x573553c6e880, L_0x573553c6ead0, C4<1>, C4<1>;
v0x573553c52620_0 .net *"_ivl_1", 0 0, L_0x573553c6e920;  1 drivers
v0x573553c52700_0 .net *"_ivl_3", 0 0, L_0x573553c6ead0;  1 drivers
v0x573553c527e0_0 .net "not_a", 0 0, L_0x573553c6e880;  1 drivers
S_0x573553c528b0 .scope generate, "less_gen[18]" "less_gen[18]" 2 5, 2 5 0, S_0x573553b9c850;
 .timescale 0 0;
P_0x573553c52ab0 .param/l "i" 0 2 5, +C4<010010>;
L_0x573553c6ecf0 .functor NOT 1, L_0x573553c6ed90, C4<0>, C4<0>, C4<0>;
L_0x573553c6ee80 .functor AND 1, L_0x573553c6ecf0, L_0x573553c6ef40, C4<1>, C4<1>;
v0x573553c52b90_0 .net *"_ivl_1", 0 0, L_0x573553c6ed90;  1 drivers
v0x573553c52c70_0 .net *"_ivl_3", 0 0, L_0x573553c6ef40;  1 drivers
v0x573553c52d50_0 .net "not_a", 0 0, L_0x573553c6ecf0;  1 drivers
S_0x573553c52e20 .scope generate, "less_gen[19]" "less_gen[19]" 2 5, 2 5 0, S_0x573553b9c850;
 .timescale 0 0;
P_0x573553c53020 .param/l "i" 0 2 5, +C4<010011>;
L_0x573553c6f170 .functor NOT 1, L_0x573553c6f210, C4<0>, C4<0>, C4<0>;
L_0x573553c6f300 .functor AND 1, L_0x573553c6f170, L_0x573553c6f3c0, C4<1>, C4<1>;
v0x573553c53100_0 .net *"_ivl_1", 0 0, L_0x573553c6f210;  1 drivers
v0x573553c531e0_0 .net *"_ivl_3", 0 0, L_0x573553c6f3c0;  1 drivers
v0x573553c532c0_0 .net "not_a", 0 0, L_0x573553c6f170;  1 drivers
S_0x573553c53390 .scope generate, "less_gen[20]" "less_gen[20]" 2 5, 2 5 0, S_0x573553b9c850;
 .timescale 0 0;
P_0x573553c53590 .param/l "i" 0 2 5, +C4<010100>;
L_0x573553c6f600 .functor NOT 1, L_0x573553c6f6a0, C4<0>, C4<0>, C4<0>;
L_0x573553c6f790 .functor AND 1, L_0x573553c6f600, L_0x573553c6f850, C4<1>, C4<1>;
v0x573553c53670_0 .net *"_ivl_1", 0 0, L_0x573553c6f6a0;  1 drivers
v0x573553c53750_0 .net *"_ivl_3", 0 0, L_0x573553c6f850;  1 drivers
v0x573553c53830_0 .net "not_a", 0 0, L_0x573553c6f600;  1 drivers
S_0x573553c53900 .scope generate, "less_gen[21]" "less_gen[21]" 2 5, 2 5 0, S_0x573553b9c850;
 .timescale 0 0;
P_0x573553c53b00 .param/l "i" 0 2 5, +C4<010101>;
L_0x573553c6faa0 .functor NOT 1, L_0x573553c6fb40, C4<0>, C4<0>, C4<0>;
L_0x573553c6fc30 .functor AND 1, L_0x573553c6faa0, L_0x573553c6fcf0, C4<1>, C4<1>;
v0x573553c53be0_0 .net *"_ivl_1", 0 0, L_0x573553c6fb40;  1 drivers
v0x573553c53cc0_0 .net *"_ivl_3", 0 0, L_0x573553c6fcf0;  1 drivers
v0x573553c53da0_0 .net "not_a", 0 0, L_0x573553c6faa0;  1 drivers
S_0x573553c53e70 .scope generate, "less_gen[22]" "less_gen[22]" 2 5, 2 5 0, S_0x573553b9c850;
 .timescale 0 0;
P_0x573553c54070 .param/l "i" 0 2 5, +C4<010110>;
L_0x573553c6ff50 .functor NOT 1, L_0x573553c6fff0, C4<0>, C4<0>, C4<0>;
L_0x573553c700e0 .functor AND 1, L_0x573553c6ff50, L_0x573553c701a0, C4<1>, C4<1>;
v0x573553c54150_0 .net *"_ivl_1", 0 0, L_0x573553c6fff0;  1 drivers
v0x573553c54230_0 .net *"_ivl_3", 0 0, L_0x573553c701a0;  1 drivers
v0x573553c54310_0 .net "not_a", 0 0, L_0x573553c6ff50;  1 drivers
S_0x573553c543e0 .scope generate, "less_gen[23]" "less_gen[23]" 2 5, 2 5 0, S_0x573553b9c850;
 .timescale 0 0;
P_0x573553c545e0 .param/l "i" 0 2 5, +C4<010111>;
L_0x573553c70410 .functor NOT 1, L_0x573553c704b0, C4<0>, C4<0>, C4<0>;
L_0x573553c705a0 .functor AND 1, L_0x573553c70410, L_0x573553c70660, C4<1>, C4<1>;
v0x573553c546c0_0 .net *"_ivl_1", 0 0, L_0x573553c704b0;  1 drivers
v0x573553c547a0_0 .net *"_ivl_3", 0 0, L_0x573553c70660;  1 drivers
v0x573553c54880_0 .net "not_a", 0 0, L_0x573553c70410;  1 drivers
S_0x573553c54950 .scope generate, "less_gen[24]" "less_gen[24]" 2 5, 2 5 0, S_0x573553b9c850;
 .timescale 0 0;
P_0x573553c54b50 .param/l "i" 0 2 5, +C4<011000>;
L_0x573553c708e0 .functor NOT 1, L_0x573553c70980, C4<0>, C4<0>, C4<0>;
L_0x573553c70a70 .functor AND 1, L_0x573553c708e0, L_0x573553c70b30, C4<1>, C4<1>;
v0x573553c54c30_0 .net *"_ivl_1", 0 0, L_0x573553c70980;  1 drivers
v0x573553c54d10_0 .net *"_ivl_3", 0 0, L_0x573553c70b30;  1 drivers
v0x573553c54df0_0 .net "not_a", 0 0, L_0x573553c708e0;  1 drivers
S_0x573553c54ec0 .scope generate, "less_gen[25]" "less_gen[25]" 2 5, 2 5 0, S_0x573553b9c850;
 .timescale 0 0;
P_0x573553c550c0 .param/l "i" 0 2 5, +C4<011001>;
L_0x573553c70dc0 .functor NOT 1, L_0x573553c70e60, C4<0>, C4<0>, C4<0>;
L_0x573553c70f50 .functor AND 1, L_0x573553c70dc0, L_0x573553c71010, C4<1>, C4<1>;
v0x573553c551a0_0 .net *"_ivl_1", 0 0, L_0x573553c70e60;  1 drivers
v0x573553c55280_0 .net *"_ivl_3", 0 0, L_0x573553c71010;  1 drivers
v0x573553c55360_0 .net "not_a", 0 0, L_0x573553c70dc0;  1 drivers
S_0x573553c55430 .scope generate, "less_gen[26]" "less_gen[26]" 2 5, 2 5 0, S_0x573553b9c850;
 .timescale 0 0;
P_0x573553c55630 .param/l "i" 0 2 5, +C4<011010>;
L_0x573553c712b0 .functor NOT 1, L_0x573553c71350, C4<0>, C4<0>, C4<0>;
L_0x573553c71440 .functor AND 1, L_0x573553c712b0, L_0x573553c71500, C4<1>, C4<1>;
v0x573553c55710_0 .net *"_ivl_1", 0 0, L_0x573553c71350;  1 drivers
v0x573553c557f0_0 .net *"_ivl_3", 0 0, L_0x573553c71500;  1 drivers
v0x573553c558d0_0 .net "not_a", 0 0, L_0x573553c712b0;  1 drivers
S_0x573553c559a0 .scope generate, "less_gen[27]" "less_gen[27]" 2 5, 2 5 0, S_0x573553b9c850;
 .timescale 0 0;
P_0x573553c55ba0 .param/l "i" 0 2 5, +C4<011011>;
L_0x573553c717b0 .functor NOT 1, L_0x573553c71850, C4<0>, C4<0>, C4<0>;
L_0x573553c71940 .functor AND 1, L_0x573553c717b0, L_0x573553c71a00, C4<1>, C4<1>;
v0x573553c55c80_0 .net *"_ivl_1", 0 0, L_0x573553c71850;  1 drivers
v0x573553c55d60_0 .net *"_ivl_3", 0 0, L_0x573553c71a00;  1 drivers
v0x573553c55e40_0 .net "not_a", 0 0, L_0x573553c717b0;  1 drivers
S_0x573553c55f10 .scope generate, "less_gen[28]" "less_gen[28]" 2 5, 2 5 0, S_0x573553b9c850;
 .timescale 0 0;
P_0x573553c56110 .param/l "i" 0 2 5, +C4<011100>;
L_0x573553c71cc0 .functor NOT 1, L_0x573553c71d60, C4<0>, C4<0>, C4<0>;
L_0x573553c71e50 .functor AND 1, L_0x573553c71cc0, L_0x573553c71f10, C4<1>, C4<1>;
v0x573553c561f0_0 .net *"_ivl_1", 0 0, L_0x573553c71d60;  1 drivers
v0x573553c562d0_0 .net *"_ivl_3", 0 0, L_0x573553c71f10;  1 drivers
v0x573553c563b0_0 .net "not_a", 0 0, L_0x573553c71cc0;  1 drivers
S_0x573553c56480 .scope generate, "less_gen[29]" "less_gen[29]" 2 5, 2 5 0, S_0x573553b9c850;
 .timescale 0 0;
P_0x573553c56680 .param/l "i" 0 2 5, +C4<011101>;
L_0x573553c721e0 .functor NOT 1, L_0x573553c72280, C4<0>, C4<0>, C4<0>;
L_0x573553c72370 .functor AND 1, L_0x573553c721e0, L_0x573553c72430, C4<1>, C4<1>;
v0x573553c56760_0 .net *"_ivl_1", 0 0, L_0x573553c72280;  1 drivers
v0x573553c56840_0 .net *"_ivl_3", 0 0, L_0x573553c72430;  1 drivers
v0x573553c56920_0 .net "not_a", 0 0, L_0x573553c721e0;  1 drivers
S_0x573553c569f0 .scope generate, "less_gen[30]" "less_gen[30]" 2 5, 2 5 0, S_0x573553b9c850;
 .timescale 0 0;
P_0x573553c56bf0 .param/l "i" 0 2 5, +C4<011110>;
L_0x573553c72710 .functor NOT 1, L_0x573553c727b0, C4<0>, C4<0>, C4<0>;
L_0x573553c728a0 .functor AND 1, L_0x573553c72710, L_0x573553c72960, C4<1>, C4<1>;
v0x573553c56cd0_0 .net *"_ivl_1", 0 0, L_0x573553c727b0;  1 drivers
v0x573553c56db0_0 .net *"_ivl_3", 0 0, L_0x573553c72960;  1 drivers
v0x573553c56e90_0 .net "not_a", 0 0, L_0x573553c72710;  1 drivers
S_0x573553c56f60 .scope generate, "less_gen[31]" "less_gen[31]" 2 5, 2 5 0, S_0x573553b9c850;
 .timescale 0 0;
P_0x573553c57160 .param/l "i" 0 2 5, +C4<011111>;
L_0x573553c73060 .functor NOT 1, L_0x573553c73100, C4<0>, C4<0>, C4<0>;
L_0x573553c731f0 .functor AND 1, L_0x573553c73060, L_0x573553c732b0, C4<1>, C4<1>;
v0x573553c57240_0 .net *"_ivl_1", 0 0, L_0x573553c73100;  1 drivers
v0x573553c57320_0 .net *"_ivl_3", 0 0, L_0x573553c732b0;  1 drivers
v0x573553c57400_0 .net "not_a", 0 0, L_0x573553c73060;  1 drivers
S_0x573553c574d0 .scope generate, "less_gen[32]" "less_gen[32]" 2 5, 2 5 0, S_0x573553b9c850;
 .timescale 0 0;
P_0x573553c576d0 .param/l "i" 0 2 5, +C4<0100000>;
L_0x573553c735b0 .functor NOT 1, L_0x573553c73650, C4<0>, C4<0>, C4<0>;
L_0x573553c73740 .functor AND 1, L_0x573553c735b0, L_0x573553c73800, C4<1>, C4<1>;
v0x573553c577c0_0 .net *"_ivl_1", 0 0, L_0x573553c73650;  1 drivers
v0x573553c578c0_0 .net *"_ivl_3", 0 0, L_0x573553c73800;  1 drivers
v0x573553c579a0_0 .net "not_a", 0 0, L_0x573553c735b0;  1 drivers
S_0x573553c57a40 .scope generate, "less_gen[33]" "less_gen[33]" 2 5, 2 5 0, S_0x573553b9c850;
 .timescale 0 0;
P_0x573553c57c40 .param/l "i" 0 2 5, +C4<0100001>;
L_0x573553c73b10 .functor NOT 1, L_0x573553c73bb0, C4<0>, C4<0>, C4<0>;
L_0x573553c73ca0 .functor AND 1, L_0x573553c73b10, L_0x573553c73d60, C4<1>, C4<1>;
v0x573553c57d30_0 .net *"_ivl_1", 0 0, L_0x573553c73bb0;  1 drivers
v0x573553c57e30_0 .net *"_ivl_3", 0 0, L_0x573553c73d60;  1 drivers
v0x573553c57f10_0 .net "not_a", 0 0, L_0x573553c73b10;  1 drivers
S_0x573553c57fb0 .scope generate, "less_gen[34]" "less_gen[34]" 2 5, 2 5 0, S_0x573553b9c850;
 .timescale 0 0;
P_0x573553c581b0 .param/l "i" 0 2 5, +C4<0100010>;
L_0x573553c74080 .functor NOT 1, L_0x573553c74120, C4<0>, C4<0>, C4<0>;
L_0x573553c74210 .functor AND 1, L_0x573553c74080, L_0x573553c742d0, C4<1>, C4<1>;
v0x573553c582a0_0 .net *"_ivl_1", 0 0, L_0x573553c74120;  1 drivers
v0x573553c583a0_0 .net *"_ivl_3", 0 0, L_0x573553c742d0;  1 drivers
v0x573553c58480_0 .net "not_a", 0 0, L_0x573553c74080;  1 drivers
S_0x573553c58520 .scope generate, "less_gen[35]" "less_gen[35]" 2 5, 2 5 0, S_0x573553b9c850;
 .timescale 0 0;
P_0x573553c58720 .param/l "i" 0 2 5, +C4<0100011>;
L_0x573553c74600 .functor NOT 1, L_0x573553c746a0, C4<0>, C4<0>, C4<0>;
L_0x573553c74790 .functor AND 1, L_0x573553c74600, L_0x573553c74850, C4<1>, C4<1>;
v0x573553c58810_0 .net *"_ivl_1", 0 0, L_0x573553c746a0;  1 drivers
v0x573553c58910_0 .net *"_ivl_3", 0 0, L_0x573553c74850;  1 drivers
v0x573553c589f0_0 .net "not_a", 0 0, L_0x573553c74600;  1 drivers
S_0x573553c58a90 .scope generate, "less_gen[36]" "less_gen[36]" 2 5, 2 5 0, S_0x573553b9c850;
 .timescale 0 0;
P_0x573553c58c90 .param/l "i" 0 2 5, +C4<0100100>;
L_0x573553c74b90 .functor NOT 1, L_0x573553c74c30, C4<0>, C4<0>, C4<0>;
L_0x573553c74d20 .functor AND 1, L_0x573553c74b90, L_0x573553c74de0, C4<1>, C4<1>;
v0x573553c58d80_0 .net *"_ivl_1", 0 0, L_0x573553c74c30;  1 drivers
v0x573553c58e80_0 .net *"_ivl_3", 0 0, L_0x573553c74de0;  1 drivers
v0x573553c58f60_0 .net "not_a", 0 0, L_0x573553c74b90;  1 drivers
S_0x573553c59000 .scope generate, "less_gen[37]" "less_gen[37]" 2 5, 2 5 0, S_0x573553b9c850;
 .timescale 0 0;
P_0x573553c59200 .param/l "i" 0 2 5, +C4<0100101>;
L_0x573553c75130 .functor NOT 1, L_0x573553c751d0, C4<0>, C4<0>, C4<0>;
L_0x573553c752c0 .functor AND 1, L_0x573553c75130, L_0x573553c75380, C4<1>, C4<1>;
v0x573553c592f0_0 .net *"_ivl_1", 0 0, L_0x573553c751d0;  1 drivers
v0x573553c593f0_0 .net *"_ivl_3", 0 0, L_0x573553c75380;  1 drivers
v0x573553c594d0_0 .net "not_a", 0 0, L_0x573553c75130;  1 drivers
S_0x573553c59570 .scope generate, "less_gen[38]" "less_gen[38]" 2 5, 2 5 0, S_0x573553b9c850;
 .timescale 0 0;
P_0x573553c59770 .param/l "i" 0 2 5, +C4<0100110>;
L_0x573553c756e0 .functor NOT 1, L_0x573553c75780, C4<0>, C4<0>, C4<0>;
L_0x573553c75870 .functor AND 1, L_0x573553c756e0, L_0x573553c75930, C4<1>, C4<1>;
v0x573553c59860_0 .net *"_ivl_1", 0 0, L_0x573553c75780;  1 drivers
v0x573553c59960_0 .net *"_ivl_3", 0 0, L_0x573553c75930;  1 drivers
v0x573553c59a40_0 .net "not_a", 0 0, L_0x573553c756e0;  1 drivers
S_0x573553c59ae0 .scope generate, "less_gen[39]" "less_gen[39]" 2 5, 2 5 0, S_0x573553b9c850;
 .timescale 0 0;
P_0x573553c59ce0 .param/l "i" 0 2 5, +C4<0100111>;
L_0x573553c75ca0 .functor NOT 1, L_0x573553c75d40, C4<0>, C4<0>, C4<0>;
L_0x573553c75e30 .functor AND 1, L_0x573553c75ca0, L_0x573553c75ef0, C4<1>, C4<1>;
v0x573553c59dd0_0 .net *"_ivl_1", 0 0, L_0x573553c75d40;  1 drivers
v0x573553c59ed0_0 .net *"_ivl_3", 0 0, L_0x573553c75ef0;  1 drivers
v0x573553c59fb0_0 .net "not_a", 0 0, L_0x573553c75ca0;  1 drivers
S_0x573553c5a050 .scope generate, "less_gen[40]" "less_gen[40]" 2 5, 2 5 0, S_0x573553b9c850;
 .timescale 0 0;
P_0x573553c5a250 .param/l "i" 0 2 5, +C4<0101000>;
L_0x573553c76270 .functor NOT 1, L_0x573553c76310, C4<0>, C4<0>, C4<0>;
L_0x573553c76400 .functor AND 1, L_0x573553c76270, L_0x573553c764c0, C4<1>, C4<1>;
v0x573553c5a340_0 .net *"_ivl_1", 0 0, L_0x573553c76310;  1 drivers
v0x573553c5a440_0 .net *"_ivl_3", 0 0, L_0x573553c764c0;  1 drivers
v0x573553c5a520_0 .net "not_a", 0 0, L_0x573553c76270;  1 drivers
S_0x573553c5a5c0 .scope generate, "less_gen[41]" "less_gen[41]" 2 5, 2 5 0, S_0x573553b9c850;
 .timescale 0 0;
P_0x573553c5a7c0 .param/l "i" 0 2 5, +C4<0101001>;
L_0x573553c76850 .functor NOT 1, L_0x573553c768f0, C4<0>, C4<0>, C4<0>;
L_0x573553c769e0 .functor AND 1, L_0x573553c76850, L_0x573553c76aa0, C4<1>, C4<1>;
v0x573553c5a8b0_0 .net *"_ivl_1", 0 0, L_0x573553c768f0;  1 drivers
v0x573553c5a9b0_0 .net *"_ivl_3", 0 0, L_0x573553c76aa0;  1 drivers
v0x573553c5aa90_0 .net "not_a", 0 0, L_0x573553c76850;  1 drivers
S_0x573553c5ab30 .scope generate, "less_gen[42]" "less_gen[42]" 2 5, 2 5 0, S_0x573553b9c850;
 .timescale 0 0;
P_0x573553c5ad30 .param/l "i" 0 2 5, +C4<0101010>;
L_0x573553c76e40 .functor NOT 1, L_0x573553c76ee0, C4<0>, C4<0>, C4<0>;
L_0x573553c76fd0 .functor AND 1, L_0x573553c76e40, L_0x573553c77090, C4<1>, C4<1>;
v0x573553c5ae20_0 .net *"_ivl_1", 0 0, L_0x573553c76ee0;  1 drivers
v0x573553c5af20_0 .net *"_ivl_3", 0 0, L_0x573553c77090;  1 drivers
v0x573553c5b000_0 .net "not_a", 0 0, L_0x573553c76e40;  1 drivers
S_0x573553c5b0a0 .scope generate, "less_gen[43]" "less_gen[43]" 2 5, 2 5 0, S_0x573553b9c850;
 .timescale 0 0;
P_0x573553c5b2a0 .param/l "i" 0 2 5, +C4<0101011>;
L_0x573553c77440 .functor NOT 1, L_0x573553c774e0, C4<0>, C4<0>, C4<0>;
L_0x573553c775d0 .functor AND 1, L_0x573553c77440, L_0x573553c77690, C4<1>, C4<1>;
v0x573553c5b390_0 .net *"_ivl_1", 0 0, L_0x573553c774e0;  1 drivers
v0x573553c5b490_0 .net *"_ivl_3", 0 0, L_0x573553c77690;  1 drivers
v0x573553c5b570_0 .net "not_a", 0 0, L_0x573553c77440;  1 drivers
S_0x573553c5b610 .scope generate, "less_gen[44]" "less_gen[44]" 2 5, 2 5 0, S_0x573553b9c850;
 .timescale 0 0;
P_0x573553c5b810 .param/l "i" 0 2 5, +C4<0101100>;
L_0x573553c77a50 .functor NOT 1, L_0x573553c77af0, C4<0>, C4<0>, C4<0>;
L_0x573553c77be0 .functor AND 1, L_0x573553c77a50, L_0x573553c77ca0, C4<1>, C4<1>;
v0x573553c5b900_0 .net *"_ivl_1", 0 0, L_0x573553c77af0;  1 drivers
v0x573553c5ba00_0 .net *"_ivl_3", 0 0, L_0x573553c77ca0;  1 drivers
v0x573553c5bae0_0 .net "not_a", 0 0, L_0x573553c77a50;  1 drivers
S_0x573553c5bb80 .scope generate, "less_gen[45]" "less_gen[45]" 2 5, 2 5 0, S_0x573553b9c850;
 .timescale 0 0;
P_0x573553c5bd80 .param/l "i" 0 2 5, +C4<0101101>;
L_0x573553c78070 .functor NOT 1, L_0x573553c78110, C4<0>, C4<0>, C4<0>;
L_0x573553c78200 .functor AND 1, L_0x573553c78070, L_0x573553c782c0, C4<1>, C4<1>;
v0x573553c5be70_0 .net *"_ivl_1", 0 0, L_0x573553c78110;  1 drivers
v0x573553c5bf70_0 .net *"_ivl_3", 0 0, L_0x573553c782c0;  1 drivers
v0x573553c5c050_0 .net "not_a", 0 0, L_0x573553c78070;  1 drivers
S_0x573553c5c0f0 .scope generate, "less_gen[46]" "less_gen[46]" 2 5, 2 5 0, S_0x573553b9c850;
 .timescale 0 0;
P_0x573553c5c2f0 .param/l "i" 0 2 5, +C4<0101110>;
L_0x573553c786a0 .functor NOT 1, L_0x573553c78740, C4<0>, C4<0>, C4<0>;
L_0x573553c78830 .functor AND 1, L_0x573553c786a0, L_0x573553c788f0, C4<1>, C4<1>;
v0x573553c5c3e0_0 .net *"_ivl_1", 0 0, L_0x573553c78740;  1 drivers
v0x573553c5c4e0_0 .net *"_ivl_3", 0 0, L_0x573553c788f0;  1 drivers
v0x573553c5c5c0_0 .net "not_a", 0 0, L_0x573553c786a0;  1 drivers
S_0x573553c5c660 .scope generate, "less_gen[47]" "less_gen[47]" 2 5, 2 5 0, S_0x573553b9c850;
 .timescale 0 0;
P_0x573553c5c860 .param/l "i" 0 2 5, +C4<0101111>;
L_0x573553c78ce0 .functor NOT 1, L_0x573553c78d80, C4<0>, C4<0>, C4<0>;
L_0x573553c78e70 .functor AND 1, L_0x573553c78ce0, L_0x573553c78f30, C4<1>, C4<1>;
v0x573553c5c950_0 .net *"_ivl_1", 0 0, L_0x573553c78d80;  1 drivers
v0x573553c5ca50_0 .net *"_ivl_3", 0 0, L_0x573553c78f30;  1 drivers
v0x573553c5cb30_0 .net "not_a", 0 0, L_0x573553c78ce0;  1 drivers
S_0x573553c5cbd0 .scope generate, "less_gen[48]" "less_gen[48]" 2 5, 2 5 0, S_0x573553b9c850;
 .timescale 0 0;
P_0x573553c5cdd0 .param/l "i" 0 2 5, +C4<0110000>;
L_0x573553c79330 .functor NOT 1, L_0x573553c793d0, C4<0>, C4<0>, C4<0>;
L_0x573553c794c0 .functor AND 1, L_0x573553c79330, L_0x573553c79580, C4<1>, C4<1>;
v0x573553c5cec0_0 .net *"_ivl_1", 0 0, L_0x573553c793d0;  1 drivers
v0x573553c5cfc0_0 .net *"_ivl_3", 0 0, L_0x573553c79580;  1 drivers
v0x573553c5d0a0_0 .net "not_a", 0 0, L_0x573553c79330;  1 drivers
S_0x573553c5d140 .scope generate, "less_gen[49]" "less_gen[49]" 2 5, 2 5 0, S_0x573553b9c850;
 .timescale 0 0;
P_0x573553c5d340 .param/l "i" 0 2 5, +C4<0110001>;
L_0x573553c79990 .functor NOT 1, L_0x573553c79a30, C4<0>, C4<0>, C4<0>;
L_0x573553c79b20 .functor AND 1, L_0x573553c79990, L_0x573553c79be0, C4<1>, C4<1>;
v0x573553c5d430_0 .net *"_ivl_1", 0 0, L_0x573553c79a30;  1 drivers
v0x573553c5d530_0 .net *"_ivl_3", 0 0, L_0x573553c79be0;  1 drivers
v0x573553c5d610_0 .net "not_a", 0 0, L_0x573553c79990;  1 drivers
S_0x573553c5d6b0 .scope generate, "less_gen[50]" "less_gen[50]" 2 5, 2 5 0, S_0x573553b9c850;
 .timescale 0 0;
P_0x573553c5d8b0 .param/l "i" 0 2 5, +C4<0110010>;
L_0x573553c7a000 .functor NOT 1, L_0x573553c7a0a0, C4<0>, C4<0>, C4<0>;
L_0x573553c7a190 .functor AND 1, L_0x573553c7a000, L_0x573553c7a250, C4<1>, C4<1>;
v0x573553c5d9a0_0 .net *"_ivl_1", 0 0, L_0x573553c7a0a0;  1 drivers
v0x573553c5daa0_0 .net *"_ivl_3", 0 0, L_0x573553c7a250;  1 drivers
v0x573553c5db80_0 .net "not_a", 0 0, L_0x573553c7a000;  1 drivers
S_0x573553c5dc20 .scope generate, "less_gen[51]" "less_gen[51]" 2 5, 2 5 0, S_0x573553b9c850;
 .timescale 0 0;
P_0x573553c5de20 .param/l "i" 0 2 5, +C4<0110011>;
L_0x573553c7a680 .functor NOT 1, L_0x573553c7a720, C4<0>, C4<0>, C4<0>;
L_0x573553c7a810 .functor AND 1, L_0x573553c7a680, L_0x573553c7a8d0, C4<1>, C4<1>;
v0x573553c5df10_0 .net *"_ivl_1", 0 0, L_0x573553c7a720;  1 drivers
v0x573553c5e010_0 .net *"_ivl_3", 0 0, L_0x573553c7a8d0;  1 drivers
v0x573553c5e0f0_0 .net "not_a", 0 0, L_0x573553c7a680;  1 drivers
S_0x573553c5e190 .scope generate, "less_gen[52]" "less_gen[52]" 2 5, 2 5 0, S_0x573553b9c850;
 .timescale 0 0;
P_0x573553c5e390 .param/l "i" 0 2 5, +C4<0110100>;
L_0x573553c7ad10 .functor NOT 1, L_0x573553c7adb0, C4<0>, C4<0>, C4<0>;
L_0x573553c7aea0 .functor AND 1, L_0x573553c7ad10, L_0x573553c7af60, C4<1>, C4<1>;
v0x573553c5e480_0 .net *"_ivl_1", 0 0, L_0x573553c7adb0;  1 drivers
v0x573553c5e580_0 .net *"_ivl_3", 0 0, L_0x573553c7af60;  1 drivers
v0x573553c5e660_0 .net "not_a", 0 0, L_0x573553c7ad10;  1 drivers
S_0x573553c5e700 .scope generate, "less_gen[53]" "less_gen[53]" 2 5, 2 5 0, S_0x573553b9c850;
 .timescale 0 0;
P_0x573553c5e900 .param/l "i" 0 2 5, +C4<0110101>;
L_0x573553c7b3b0 .functor NOT 1, L_0x573553c7b450, C4<0>, C4<0>, C4<0>;
L_0x573553c7b540 .functor AND 1, L_0x573553c7b3b0, L_0x573553c7b600, C4<1>, C4<1>;
v0x573553c5e9f0_0 .net *"_ivl_1", 0 0, L_0x573553c7b450;  1 drivers
v0x573553c5eaf0_0 .net *"_ivl_3", 0 0, L_0x573553c7b600;  1 drivers
v0x573553c5ebd0_0 .net "not_a", 0 0, L_0x573553c7b3b0;  1 drivers
S_0x573553c5ec70 .scope generate, "less_gen[54]" "less_gen[54]" 2 5, 2 5 0, S_0x573553b9c850;
 .timescale 0 0;
P_0x573553c5ee70 .param/l "i" 0 2 5, +C4<0110110>;
L_0x573553c7ba60 .functor NOT 1, L_0x573553c7bb00, C4<0>, C4<0>, C4<0>;
L_0x573553c7bbf0 .functor AND 1, L_0x573553c7ba60, L_0x573553c7bcb0, C4<1>, C4<1>;
v0x573553c5ef60_0 .net *"_ivl_1", 0 0, L_0x573553c7bb00;  1 drivers
v0x573553c5f060_0 .net *"_ivl_3", 0 0, L_0x573553c7bcb0;  1 drivers
v0x573553c5f140_0 .net "not_a", 0 0, L_0x573553c7ba60;  1 drivers
S_0x573553c5f1e0 .scope generate, "less_gen[55]" "less_gen[55]" 2 5, 2 5 0, S_0x573553b9c850;
 .timescale 0 0;
P_0x573553c5f3e0 .param/l "i" 0 2 5, +C4<0110111>;
L_0x573553c7c120 .functor NOT 1, L_0x573553c7c1c0, C4<0>, C4<0>, C4<0>;
L_0x573553c7c2b0 .functor AND 1, L_0x573553c7c120, L_0x573553c7c370, C4<1>, C4<1>;
v0x573553c5f4d0_0 .net *"_ivl_1", 0 0, L_0x573553c7c1c0;  1 drivers
v0x573553c5f5d0_0 .net *"_ivl_3", 0 0, L_0x573553c7c370;  1 drivers
v0x573553c5f6b0_0 .net "not_a", 0 0, L_0x573553c7c120;  1 drivers
S_0x573553c5f750 .scope generate, "less_gen[56]" "less_gen[56]" 2 5, 2 5 0, S_0x573553b9c850;
 .timescale 0 0;
P_0x573553c5f950 .param/l "i" 0 2 5, +C4<0111000>;
L_0x573553c7c7f0 .functor NOT 1, L_0x573553c7c890, C4<0>, C4<0>, C4<0>;
L_0x573553c7c980 .functor AND 1, L_0x573553c7c7f0, L_0x573553c7ca40, C4<1>, C4<1>;
v0x573553c5fa40_0 .net *"_ivl_1", 0 0, L_0x573553c7c890;  1 drivers
v0x573553c5fb40_0 .net *"_ivl_3", 0 0, L_0x573553c7ca40;  1 drivers
v0x573553c5fc20_0 .net "not_a", 0 0, L_0x573553c7c7f0;  1 drivers
S_0x573553c5fcc0 .scope generate, "less_gen[57]" "less_gen[57]" 2 5, 2 5 0, S_0x573553b9c850;
 .timescale 0 0;
P_0x573553c5fec0 .param/l "i" 0 2 5, +C4<0111001>;
L_0x573553c7ced0 .functor NOT 1, L_0x573553c7cf70, C4<0>, C4<0>, C4<0>;
L_0x573553c7d060 .functor AND 1, L_0x573553c7ced0, L_0x573553c7d120, C4<1>, C4<1>;
v0x573553c5ffb0_0 .net *"_ivl_1", 0 0, L_0x573553c7cf70;  1 drivers
v0x573553c600b0_0 .net *"_ivl_3", 0 0, L_0x573553c7d120;  1 drivers
v0x573553c60190_0 .net "not_a", 0 0, L_0x573553c7ced0;  1 drivers
S_0x573553c60230 .scope generate, "less_gen[58]" "less_gen[58]" 2 5, 2 5 0, S_0x573553b9c850;
 .timescale 0 0;
P_0x573553c60430 .param/l "i" 0 2 5, +C4<0111010>;
L_0x573553c7d5c0 .functor NOT 1, L_0x573553c7d660, C4<0>, C4<0>, C4<0>;
L_0x573553c7d750 .functor AND 1, L_0x573553c7d5c0, L_0x573553c7d810, C4<1>, C4<1>;
v0x573553c60520_0 .net *"_ivl_1", 0 0, L_0x573553c7d660;  1 drivers
v0x573553c60620_0 .net *"_ivl_3", 0 0, L_0x573553c7d810;  1 drivers
v0x573553c60700_0 .net "not_a", 0 0, L_0x573553c7d5c0;  1 drivers
S_0x573553c607a0 .scope generate, "less_gen[59]" "less_gen[59]" 2 5, 2 5 0, S_0x573553b9c850;
 .timescale 0 0;
P_0x573553c609a0 .param/l "i" 0 2 5, +C4<0111011>;
L_0x573553c7dcc0 .functor NOT 1, L_0x573553c7dd60, C4<0>, C4<0>, C4<0>;
L_0x573553c7de50 .functor AND 1, L_0x573553c7dcc0, L_0x573553c7df10, C4<1>, C4<1>;
v0x573553c60a90_0 .net *"_ivl_1", 0 0, L_0x573553c7dd60;  1 drivers
v0x573553c60b90_0 .net *"_ivl_3", 0 0, L_0x573553c7df10;  1 drivers
v0x573553c60c70_0 .net "not_a", 0 0, L_0x573553c7dcc0;  1 drivers
S_0x573553c60d10 .scope generate, "less_gen[60]" "less_gen[60]" 2 5, 2 5 0, S_0x573553b9c850;
 .timescale 0 0;
P_0x573553c60f10 .param/l "i" 0 2 5, +C4<0111100>;
L_0x573553c7e3d0 .functor NOT 1, L_0x573553c7e470, C4<0>, C4<0>, C4<0>;
L_0x573553c7e560 .functor AND 1, L_0x573553c7e3d0, L_0x573553c7e620, C4<1>, C4<1>;
v0x573553c61000_0 .net *"_ivl_1", 0 0, L_0x573553c7e470;  1 drivers
v0x573553c61100_0 .net *"_ivl_3", 0 0, L_0x573553c7e620;  1 drivers
v0x573553c611e0_0 .net "not_a", 0 0, L_0x573553c7e3d0;  1 drivers
S_0x573553c61280 .scope generate, "less_gen[61]" "less_gen[61]" 2 5, 2 5 0, S_0x573553b9c850;
 .timescale 0 0;
P_0x573553c61480 .param/l "i" 0 2 5, +C4<0111101>;
L_0x573553c7eaf0 .functor NOT 1, L_0x573553c7eb90, C4<0>, C4<0>, C4<0>;
L_0x573553c7ec80 .functor AND 1, L_0x573553c7eaf0, L_0x573553c7ed40, C4<1>, C4<1>;
v0x573553c61570_0 .net *"_ivl_1", 0 0, L_0x573553c7eb90;  1 drivers
v0x573553c61670_0 .net *"_ivl_3", 0 0, L_0x573553c7ed40;  1 drivers
v0x573553c61750_0 .net "not_a", 0 0, L_0x573553c7eaf0;  1 drivers
S_0x573553c617f0 .scope generate, "less_gen[62]" "less_gen[62]" 2 5, 2 5 0, S_0x573553b9c850;
 .timescale 0 0;
P_0x573553c619f0 .param/l "i" 0 2 5, +C4<0111110>;
L_0x573553c7f220 .functor NOT 1, L_0x573553c7f2c0, C4<0>, C4<0>, C4<0>;
L_0x573553c7fbc0 .functor AND 1, L_0x573553c7f220, L_0x573553c7fc80, C4<1>, C4<1>;
v0x573553c61ae0_0 .net *"_ivl_1", 0 0, L_0x573553c7f2c0;  1 drivers
v0x573553c61be0_0 .net *"_ivl_3", 0 0, L_0x573553c7fc80;  1 drivers
v0x573553c61cc0_0 .net "not_a", 0 0, L_0x573553c7f220;  1 drivers
S_0x573553c61d60 .scope generate, "less_gen[63]" "less_gen[63]" 2 5, 2 5 0, S_0x573553b9c850;
 .timescale 0 0;
P_0x573553c61f60 .param/l "i" 0 2 5, +C4<0111111>;
L_0x573553c80980 .functor NOT 1, L_0x573553c80a20, C4<0>, C4<0>, C4<0>;
L_0x573553c82370 .functor AND 1, L_0x573553c80980, L_0x573553c82480, C4<1>, C4<1>;
v0x573553c62050_0 .net *"_ivl_1", 0 0, L_0x573553c80a20;  1 drivers
v0x573553c62150_0 .net *"_ivl_3", 0 0, L_0x573553c82480;  1 drivers
v0x573553c62230_0 .net "not_a", 0 0, L_0x573553c80980;  1 drivers
    .scope S_0x573553b9c6c0;
T_0 ;
    %vpi_call 2 40 "$monitor", "Time = %0t | a = %d | b = %d | less = %b", $time, v0x573553c6a430_0, v0x573553c6a4f0_0, v0x573553c6a5c0_0 {0 0 0};
    %pushi/vec4 10, 0, 64;
    %store/vec4 v0x573553c6a430_0, 0, 64;
    %pushi/vec4 20, 0, 64;
    %store/vec4 v0x573553c6a4f0_0, 0, 64;
    %delay 10, 0;
    %pushi/vec4 30, 0, 64;
    %store/vec4 v0x573553c6a430_0, 0, 64;
    %pushi/vec4 15, 0, 64;
    %store/vec4 v0x573553c6a4f0_0, 0, 64;
    %delay 10, 0;
    %pushi/vec4 4294967295, 0, 32;
    %concati/vec4 4294967295, 0, 32;
    %store/vec4 v0x573553c6a430_0, 0, 64;
    %pushi/vec4 0, 0, 64;
    %store/vec4 v0x573553c6a4f0_0, 0, 64;
    %delay 10, 0;
    %pushi/vec4 0, 0, 64;
    %store/vec4 v0x573553c6a430_0, 0, 64;
    %pushi/vec4 0, 0, 64;
    %store/vec4 v0x573553c6a4f0_0, 0, 64;
    %delay 10, 0;
    %pushi/vec4 25, 0, 64;
    %store/vec4 v0x573553c6a430_0, 0, 64;
    %pushi/vec4 25, 0, 64;
    %store/vec4 v0x573553c6a4f0_0, 0, 64;
    %delay 10, 0;
    %pushi/vec4 100, 0, 64;
    %store/vec4 v0x573553c6a430_0, 0, 64;
    %pushi/vec4 200, 0, 64;
    %store/vec4 v0x573553c6a4f0_0, 0, 64;
    %delay 10, 0;
    %vpi_call 2 51 "$finish" {0 0 0};
    %end;
    .thread T_0;
# The file index is used to find the file name in the following table.
:file_names 3;
    "N/A";
    "<interactive>";
    "stlu.v";
